[0.110s] Invoking command in '/home/ubuntu/turtlebot3_ws/src/build/nav_2d_msgs': /usr/bin/cmake /home/ubuntu/turtlebot3_ws/src/navigation2/nav2_dwb_controller/nav_2d_msgs -DAMENT_CMAKE_SYMLINK_INSTALL=1 -DCMAKE_INSTALL_PREFIX=/home/ubuntu/turtlebot3_ws/src/install/nav_2d_msgs
[0.440s] -- The C compiler identification is GNU 11.4.0
[0.778s] -- The CXX compiler identification is GNU 11.4.0
[0.808s] -- Detecting C compiler ABI info
[1.203s] -- Detecting C compiler ABI info - done
[1.232s] -- Check for working C compiler: /usr/bin/cc - skipped
[1.233s] -- Detecting C compile features
[1.235s] -- Detecting C compile features - done
[1.249s] -- Detecting CXX compiler ABI info
[1.708s] -- Detecting CXX compiler ABI info - done
[1.733s] -- Check for working CXX compiler: /usr/bin/c++ - skipped
[1.735s] -- Detecting CXX compile features
[1.736s] -- Detecting CXX compile features - done
[1.775s] -- Found geometry_msgs: 4.2.4 (/opt/ros/humble/share/geometry_msgs/cmake)
[2.972s] -- Found Python3: /usr/bin/python3 (found version "3.10.12") found components: Interpreter 
[3.425s] -- Override CMake install command with custom implementation using symlinks instead of copying resources
[4.487s] -- Found rosidl_generator_c: 3.1.6 (/opt/ros/humble/share/rosidl_generator_c/cmake)
[4.570s] -- Found rosidl_adapter: 3.1.6 (/opt/ros/humble/share/rosidl_adapter/cmake)
[4.669s] -- Found rosidl_generator_cpp: 3.1.6 (/opt/ros/humble/share/rosidl_generator_cpp/cmake)
[4.804s] -- Using all available rosidl_typesupport_c: rosidl_typesupport_fastrtps_c;rosidl_typesupport_introspection_c
[4.971s] -- Using all available rosidl_typesupport_cpp: rosidl_typesupport_fastrtps_cpp;rosidl_typesupport_introspection_cpp
[5.255s] -- Found rosidl_default_generators: 1.2.0 (/opt/ros/humble/share/rosidl_default_generators/cmake)
[7.102s] -- Found ament_cmake_ros: 0.10.0 (/opt/ros/humble/share/ament_cmake_ros/cmake)
[9.687s] -- Using all available rosidl_typesupport_c: rosidl_typesupport_fastrtps_c;rosidl_typesupport_introspection_c
[10.678s] -- Using all available rosidl_typesupport_cpp: rosidl_typesupport_fastrtps_cpp;rosidl_typesupport_introspection_cpp
[10.838s] -- Found PythonInterp: /usr/bin/python3 (found suitable version "3.10.12", minimum required is "3.6") 
[10.889s] -- Found python_cmake_module: 0.10.0 (/opt/ros/humble/share/python_cmake_module/cmake)
[11.107s] -- Found PythonLibs: /usr/lib/aarch64-linux-gnu/libpython3.10.so (found suitable version "3.10.12", minimum required is "3.5") 
[11.109s] -- Using PYTHON_EXECUTABLE: /usr/bin/python3
[11.109s] -- Using PYTHON_INCLUDE_DIRS: /usr/include/python3.10
[11.110s] -- Using PYTHON_LIBRARIES: /usr/lib/aarch64-linux-gnu/libpython3.10.so
[11.245s] -- Found PythonExtra: .so  
[11.947s] -- Configuring done
[12.371s] -- Generating done
[12.507s] -- Build files have been written to: /home/ubuntu/turtlebot3_ws/src/build/nav_2d_msgs
[12.574s] Invoked command in '/home/ubuntu/turtlebot3_ws/src/build/nav_2d_msgs' returned '0': /usr/bin/cmake /home/ubuntu/turtlebot3_ws/src/navigation2/nav2_dwb_controller/nav_2d_msgs -DAMENT_CMAKE_SYMLINK_INSTALL=1 -DCMAKE_INSTALL_PREFIX=/home/ubuntu/turtlebot3_ws/src/install/nav_2d_msgs
[12.576s] Invoking command in '/home/ubuntu/turtlebot3_ws/src/build/nav_2d_msgs': /usr/bin/cmake --build /home/ubuntu/turtlebot3_ws/src/build/nav_2d_msgs -- -j4 -l4
[12.911s] [  1%] [34m[1mGenerating C code for ROS interfaces[0m
[13.038s] [  2%] [34m[1mGenerating C++ code for ROS interfaces[0m
[13.066s] [  2%] Built target ament_cmake_python_symlink_nav_2d_msgs
[18.308s] running egg_info
[18.325s] creating nav_2d_msgs.egg-info
[18.327s] writing nav_2d_msgs.egg-info/PKG-INFO
[18.329s] writing dependency_links to nav_2d_msgs.egg-info/dependency_links.txt
[18.331s] writing top-level names to nav_2d_msgs.egg-info/top_level.txt
[18.337s] writing manifest file 'nav_2d_msgs.egg-info/SOURCES.txt'
[18.373s] reading manifest file 'nav_2d_msgs.egg-info/SOURCES.txt'
[18.376s] writing manifest file 'nav_2d_msgs.egg-info/SOURCES.txt'
[18.648s] [  2%] Built target ament_cmake_python_build_nav_2d_msgs_egg
[20.664s] [  2%] Built target nav_2d_msgs__cpp
[20.839s] [  4%] [34m[1mGenerating C++ type support dispatch for ROS interfaces[0m
[20.960s] [  5%] [34m[1mGenerating C++ type support for eProsima Fast-RTPS[0m
[21.535s] [  7%] [34m[1mGenerating C++ introspection for ROS interfaces[0m
[21.808s] [  8%] [32mBuilding C object CMakeFiles/nav_2d_msgs__rosidl_generator_c.dir/rosidl_generator_c/nav_2d_msgs/msg/detail/path2_d__functions.c.o[0m
[22.662s] [  9%] [32mBuilding C object CMakeFiles/nav_2d_msgs__rosidl_generator_c.dir/rosidl_generator_c/nav_2d_msgs/msg/detail/pose2_d32__functions.c.o[0m
[23.591s] [ 11%] [32mBuilding C object CMakeFiles/nav_2d_msgs__rosidl_generator_c.dir/rosidl_generator_c/nav_2d_msgs/msg/detail/pose2_d_stamped__functions.c.o[0m
[24.455s] [ 12%] [32mBuilding C object CMakeFiles/nav_2d_msgs__rosidl_generator_c.dir/rosidl_generator_c/nav_2d_msgs/msg/detail/twist2_d__functions.c.o[0m
[25.309s] [ 14%] [32mBuilding C object CMakeFiles/nav_2d_msgs__rosidl_generator_c.dir/rosidl_generator_c/nav_2d_msgs/msg/detail/twist2_d32__functions.c.o[0m
[25.580s] [ 15%] [32mBuilding CXX object CMakeFiles/nav_2d_msgs__rosidl_typesupport_cpp.dir/rosidl_typesupport_cpp/nav_2d_msgs/msg/path2_d__type_support.cpp.o[0m
[26.139s] [ 16%] [32mBuilding C object CMakeFiles/nav_2d_msgs__rosidl_generator_c.dir/rosidl_generator_c/nav_2d_msgs/msg/detail/twist2_d_stamped__functions.c.o[0m
[27.023s] [ 18%] [32m[1mLinking C shared library libnav_2d_msgs__rosidl_generator_c.so[0m
[27.279s] [ 19%] [32mBuilding CXX object CMakeFiles/nav_2d_msgs__rosidl_typesupport_introspection_cpp.dir/rosidl_typesupport_introspection_cpp/nav_2d_msgs/msg/detail/path2_d__type_support.cpp.o[0m
[27.553s] [ 19%] Built target nav_2d_msgs__rosidl_generator_c
[27.677s] [ 21%] [34m[1mGenerating C type support for eProsima Fast-RTPS[0m
[29.370s] [ 22%] [32mBuilding CXX object CMakeFiles/nav_2d_msgs__rosidl_typesupport_fastrtps_cpp.dir/rosidl_typesupport_fastrtps_cpp/nav_2d_msgs/msg/detail/dds_fastrtps/path2_d__type_support.cpp.o[0m
[30.504s] [ 23%] [32mBuilding CXX object CMakeFiles/nav_2d_msgs__rosidl_typesupport_cpp.dir/rosidl_typesupport_cpp/nav_2d_msgs/msg/pose2_d32__type_support.cpp.o[0m
[33.254s] [ 25%] [32mBuilding CXX object CMakeFiles/nav_2d_msgs__rosidl_typesupport_introspection_cpp.dir/rosidl_typesupport_introspection_cpp/nav_2d_msgs/msg/detail/pose2_d32__type_support.cpp.o[0m
[34.965s] [ 26%] [32mBuilding CXX object CMakeFiles/nav_2d_msgs__rosidl_typesupport_cpp.dir/rosidl_typesupport_cpp/nav_2d_msgs/msg/pose2_d_stamped__type_support.cpp.o[0m
[36.106s] [ 28%] [32mBuilding CXX object CMakeFiles/nav_2d_msgs__rosidl_typesupport_fastrtps_c.dir/rosidl_typesupport_fastrtps_c/nav_2d_msgs/msg/detail/path2_d__type_support_c.cpp.o[0m
[36.338s] [ 29%] [32mBuilding CXX object CMakeFiles/nav_2d_msgs__rosidl_typesupport_fastrtps_cpp.dir/rosidl_typesupport_fastrtps_cpp/nav_2d_msgs/msg/detail/dds_fastrtps/pose2_d32__type_support.cpp.o[0m
[39.910s] [ 30%] [32mBuilding CXX object CMakeFiles/nav_2d_msgs__rosidl_typesupport_cpp.dir/rosidl_typesupport_cpp/nav_2d_msgs/msg/twist2_d__type_support.cpp.o[0m
[39.976s] [ 32%] [32mBuilding CXX object CMakeFiles/nav_2d_msgs__rosidl_typesupport_introspection_cpp.dir/rosidl_typesupport_introspection_cpp/nav_2d_msgs/msg/detail/pose2_d_stamped__type_support.cpp.o[0m
[41.535s] [ 33%] [32mBuilding CXX object CMakeFiles/nav_2d_msgs__rosidl_typesupport_fastrtps_c.dir/rosidl_typesupport_fastrtps_c/nav_2d_msgs/msg/detail/pose2_d32__type_support_c.cpp.o[0m
[42.070s] [ 35%] [32mBuilding CXX object CMakeFiles/nav_2d_msgs__rosidl_typesupport_fastrtps_cpp.dir/rosidl_typesupport_fastrtps_cpp/nav_2d_msgs/msg/detail/dds_fastrtps/pose2_d_stamped__type_support.cpp.o[0m
[44.195s] [ 36%] [32mBuilding CXX object CMakeFiles/nav_2d_msgs__rosidl_typesupport_cpp.dir/rosidl_typesupport_cpp/nav_2d_msgs/msg/twist2_d32__type_support.cpp.o[0m
[45.404s] [ 38%] [32mBuilding CXX object CMakeFiles/nav_2d_msgs__rosidl_typesupport_introspection_cpp.dir/rosidl_typesupport_introspection_cpp/nav_2d_msgs/msg/detail/twist2_d__type_support.cpp.o[0m
[45.858s] [ 39%] [32mBuilding CXX object CMakeFiles/nav_2d_msgs__rosidl_typesupport_fastrtps_c.dir/rosidl_typesupport_fastrtps_c/nav_2d_msgs/msg/detail/pose2_d_stamped__type_support_c.cpp.o[0m
[48.137s] [ 40%] [32mBuilding CXX object CMakeFiles/nav_2d_msgs__rosidl_typesupport_cpp.dir/rosidl_typesupport_cpp/nav_2d_msgs/msg/twist2_d_stamped__type_support.cpp.o[0m
[48.649s] [ 42%] [32mBuilding CXX object CMakeFiles/nav_2d_msgs__rosidl_typesupport_fastrtps_cpp.dir/rosidl_typesupport_fastrtps_cpp/nav_2d_msgs/msg/detail/dds_fastrtps/twist2_d__type_support.cpp.o[0m
[50.439s] [ 43%] [32mBuilding CXX object CMakeFiles/nav_2d_msgs__rosidl_typesupport_introspection_cpp.dir/rosidl_typesupport_introspection_cpp/nav_2d_msgs/msg/detail/twist2_d32__type_support.cpp.o[0m
[50.694s] [ 45%] [32mBuilding CXX object CMakeFiles/nav_2d_msgs__rosidl_typesupport_fastrtps_c.dir/rosidl_typesupport_fastrtps_c/nav_2d_msgs/msg/detail/twist2_d__type_support_c.cpp.o[0m
[51.933s] [ 46%] [32m[1mLinking CXX shared library libnav_2d_msgs__rosidl_typesupport_cpp.so[0m
[52.457s] [ 46%] Built target nav_2d_msgs__rosidl_typesupport_cpp
[54.598s] [ 47%] [32mBuilding CXX object CMakeFiles/nav_2d_msgs__rosidl_typesupport_fastrtps_cpp.dir/rosidl_typesupport_fastrtps_cpp/nav_2d_msgs/msg/detail/dds_fastrtps/twist2_d32__type_support.cpp.o[0m
[55.837s] [ 49%] [32mBuilding CXX object CMakeFiles/nav_2d_msgs__rosidl_typesupport_fastrtps_c.dir/rosidl_typesupport_fastrtps_c/nav_2d_msgs/msg/detail/twist2_d32__type_support_c.cpp.o[0m
[56.804s] [ 50%] [32mBuilding CXX object CMakeFiles/nav_2d_msgs__rosidl_typesupport_introspection_cpp.dir/rosidl_typesupport_introspection_cpp/nav_2d_msgs/msg/detail/twist2_d_stamped__type_support.cpp.o[0m
[58.953s] [ 52%] [32mBuilding CXX object CMakeFiles/nav_2d_msgs__rosidl_typesupport_fastrtps_cpp.dir/rosidl_typesupport_fastrtps_cpp/nav_2d_msgs/msg/detail/dds_fastrtps/twist2_d_stamped__type_support.cpp.o[0m
[59.694s] [ 53%] [32mBuilding CXX object CMakeFiles/nav_2d_msgs__rosidl_typesupport_fastrtps_c.dir/rosidl_typesupport_fastrtps_c/nav_2d_msgs/msg/detail/twist2_d_stamped__type_support_c.cpp.o[0m
[61.370s] [ 54%] [32m[1mLinking CXX shared library libnav_2d_msgs__rosidl_typesupport_introspection_cpp.so[0m
[62.173s] [ 54%] Built target nav_2d_msgs__rosidl_typesupport_introspection_cpp
[63.307s] [ 56%] [32m[1mLinking CXX shared library libnav_2d_msgs__rosidl_typesupport_fastrtps_cpp.so[0m
[63.600s] [ 57%] [32m[1mLinking CXX shared library libnav_2d_msgs__rosidl_typesupport_fastrtps_c.so[0m
[63.934s] [ 57%] Built target nav_2d_msgs__rosidl_typesupport_fastrtps_cpp
[64.342s] [ 57%] Built target nav_2d_msgs__rosidl_typesupport_fastrtps_c
[64.435s] [ 59%] [34m[1mGenerating C type support dispatch for ROS interfaces[0m
[66.551s] [ 60%] [32mBuilding CXX object CMakeFiles/nav_2d_msgs__rosidl_typesupport_c.dir/rosidl_typesupport_c/nav_2d_msgs/msg/path2_d__type_support.cpp.o[0m
[66.743s] [ 61%] [32mBuilding CXX object CMakeFiles/nav_2d_msgs__rosidl_typesupport_c.dir/rosidl_typesupport_c/nav_2d_msgs/msg/pose2_d_stamped__type_support.cpp.o[0m
[66.941s] [ 63%] [32mBuilding CXX object CMakeFiles/nav_2d_msgs__rosidl_typesupport_c.dir/rosidl_typesupport_c/nav_2d_msgs/msg/twist2_d__type_support.cpp.o[0m
[67.130s] [ 64%] [32mBuilding CXX object CMakeFiles/nav_2d_msgs__rosidl_typesupport_c.dir/rosidl_typesupport_c/nav_2d_msgs/msg/twist2_d32__type_support.cpp.o[0m
[67.324s] [ 66%] [32mBuilding CXX object CMakeFiles/nav_2d_msgs__rosidl_typesupport_c.dir/rosidl_typesupport_c/nav_2d_msgs/msg/twist2_d_stamped__type_support.cpp.o[0m
[67.500s] [ 67%] [32mBuilding CXX object CMakeFiles/nav_2d_msgs__rosidl_typesupport_c.dir/rosidl_typesupport_c/nav_2d_msgs/msg/pose2_d32__type_support.cpp.o[0m
[67.678s] [ 69%] [32m[1mLinking CXX shared library libnav_2d_msgs__rosidl_typesupport_c.so[0m
[67.888s] [ 69%] Built target nav_2d_msgs__rosidl_typesupport_c
[67.944s] [ 70%] [34m[1mGenerating C introspection for ROS interfaces[0m
[70.517s] [ 71%] [32mBuilding C object CMakeFiles/nav_2d_msgs__rosidl_typesupport_introspection_c.dir/rosidl_typesupport_introspection_c/nav_2d_msgs/msg/detail/path2_d__type_support.c.o[0m
[70.796s] [ 73%] [32mBuilding C object CMakeFiles/nav_2d_msgs__rosidl_typesupport_introspection_c.dir/rosidl_typesupport_introspection_c/nav_2d_msgs/msg/detail/twist2_d__type_support.c.o[0m
[71.025s] [ 74%] [32mBuilding C object CMakeFiles/nav_2d_msgs__rosidl_typesupport_introspection_c.dir/rosidl_typesupport_introspection_c/nav_2d_msgs/msg/detail/twist2_d32__type_support.c.o[0m
[71.251s] [ 76%] [32mBuilding C object CMakeFiles/nav_2d_msgs__rosidl_typesupport_introspection_c.dir/rosidl_typesupport_introspection_c/nav_2d_msgs/msg/detail/twist2_d_stamped__type_support.c.o[0m
[71.493s] [ 77%] [32mBuilding C object CMakeFiles/nav_2d_msgs__rosidl_typesupport_introspection_c.dir/rosidl_typesupport_introspection_c/nav_2d_msgs/msg/detail/pose2_d_stamped__type_support.c.o[0m
[71.741s] [ 78%] [32mBuilding C object CMakeFiles/nav_2d_msgs__rosidl_typesupport_introspection_c.dir/rosidl_typesupport_introspection_c/nav_2d_msgs/msg/detail/pose2_d32__type_support.c.o[0m
[71.970s] [ 80%] [32m[1mLinking C shared library libnav_2d_msgs__rosidl_typesupport_introspection_c.so[0m
[72.189s] [ 80%] Built target nav_2d_msgs__rosidl_typesupport_introspection_c
[72.311s] [ 80%] Built target nav_2d_msgs
[72.445s] [ 81%] [34m[1mGenerating Python code for ROS interfaces[0m
[77.374s] [ 81%] Built target nav_2d_msgs__py
[77.498s] [ 83%] [32mBuilding C object CMakeFiles/nav_2d_msgs__rosidl_generator_py.dir/rosidl_generator_py/nav_2d_msgs/msg/_path2_d_s.c.o[0m
[78.280s] [ 84%] [32mBuilding C object CMakeFiles/nav_2d_msgs__rosidl_generator_py.dir/rosidl_generator_py/nav_2d_msgs/msg/_twist2_d_s.c.o[0m
[78.962s] [ 85%] [32mBuilding C object CMakeFiles/nav_2d_msgs__rosidl_generator_py.dir/rosidl_generator_py/nav_2d_msgs/msg/_twist2_d32_s.c.o[0m
[79.633s] [ 87%] [32mBuilding C object CMakeFiles/nav_2d_msgs__rosidl_generator_py.dir/rosidl_generator_py/nav_2d_msgs/msg/_twist2_d_stamped_s.c.o[0m
[80.301s] [ 88%] [32mBuilding C object CMakeFiles/nav_2d_msgs__rosidl_generator_py.dir/rosidl_generator_py/nav_2d_msgs/msg/_pose2_d_stamped_s.c.o[0m
[80.951s] [ 90%] [32mBuilding C object CMakeFiles/nav_2d_msgs__rosidl_generator_py.dir/rosidl_generator_py/nav_2d_msgs/msg/_pose2_d32_s.c.o[0m
[81.619s] [ 91%] [32m[1mLinking C shared library rosidl_generator_py/nav_2d_msgs/libnav_2d_msgs__rosidl_generator_py.so[0m
[81.918s] [ 91%] Built target nav_2d_msgs__rosidl_generator_py
[82.050s] [ 92%] [32mBuilding C object CMakeFiles/nav_2d_msgs__rosidl_typesupport_fastrtps_c__pyext.dir/rosidl_generator_py/nav_2d_msgs/_nav_2d_msgs_s.ep.rosidl_typesupport_fastrtps_c.c.o[0m
[82.898s] [ 94%] [32m[1mLinking C shared library rosidl_generator_py/nav_2d_msgs/nav_2d_msgs_s__rosidl_typesupport_fastrtps_c.cpython-310-aarch64-linux-gnu.so[0m
[83.237s] [ 94%] Built target nav_2d_msgs__rosidl_typesupport_fastrtps_c__pyext
[83.370s] [ 95%] [32mBuilding C object CMakeFiles/nav_2d_msgs__rosidl_typesupport_c__pyext.dir/rosidl_generator_py/nav_2d_msgs/_nav_2d_msgs_s.ep.rosidl_typesupport_c.c.o[0m
[84.187s] [ 97%] [32m[1mLinking C shared library rosidl_generator_py/nav_2d_msgs/nav_2d_msgs_s__rosidl_typesupport_c.cpython-310-aarch64-linux-gnu.so[0m
[84.483s] [ 97%] Built target nav_2d_msgs__rosidl_typesupport_c__pyext
[84.610s] [ 98%] [32mBuilding C object CMakeFiles/nav_2d_msgs__rosidl_typesupport_introspection_c__pyext.dir/rosidl_generator_py/nav_2d_msgs/_nav_2d_msgs_s.ep.rosidl_typesupport_introspection_c.c.o[0m
[85.408s] [100%] [32m[1mLinking C shared library rosidl_generator_py/nav_2d_msgs/nav_2d_msgs_s__rosidl_typesupport_introspection_c.cpython-310-aarch64-linux-gnu.so[0m
[85.730s] [100%] Built target nav_2d_msgs__rosidl_typesupport_introspection_c__pyext
[85.810s] Invoked command in '/home/ubuntu/turtlebot3_ws/src/build/nav_2d_msgs' returned '0': /usr/bin/cmake --build /home/ubuntu/turtlebot3_ws/src/build/nav_2d_msgs -- -j4 -l4
[85.867s] Invoking command in '/home/ubuntu/turtlebot3_ws/src/build/nav_2d_msgs': /usr/bin/cmake --install /home/ubuntu/turtlebot3_ws/src/build/nav_2d_msgs
[85.913s] -- Install configuration: ""
[85.919s] -- Execute custom install script
[85.922s] -- Symlinking: /home/ubuntu/turtlebot3_ws/src/install/nav_2d_msgs/share/ament_index/resource_index/rosidl_interfaces/nav_2d_msgs
[85.980s] -- Symlinking: /home/ubuntu/turtlebot3_ws/src/install/nav_2d_msgs/include/nav_2d_msgs/nav_2d_msgs/msg/detail/path2_d__functions.h
[86.032s] -- Symlinking: /home/ubuntu/turtlebot3_ws/src/install/nav_2d_msgs/include/nav_2d_msgs/nav_2d_msgs/msg/detail/path2_d__struct.h
[86.080s] -- Symlinking: /home/ubuntu/turtlebot3_ws/src/install/nav_2d_msgs/include/nav_2d_msgs/nav_2d_msgs/msg/detail/path2_d__type_support.h
[86.133s] -- Symlinking: /home/ubuntu/turtlebot3_ws/src/install/nav_2d_msgs/include/nav_2d_msgs/nav_2d_msgs/msg/detail/pose2_d32__functions.h
[86.184s] -- Symlinking: /home/ubuntu/turtlebot3_ws/src/install/nav_2d_msgs/include/nav_2d_msgs/nav_2d_msgs/msg/detail/pose2_d32__struct.h
[86.236s] -- Symlinking: /home/ubuntu/turtlebot3_ws/src/install/nav_2d_msgs/include/nav_2d_msgs/nav_2d_msgs/msg/detail/pose2_d32__type_support.h
[86.287s] -- Symlinking: /home/ubuntu/turtlebot3_ws/src/install/nav_2d_msgs/include/nav_2d_msgs/nav_2d_msgs/msg/detail/pose2_d_stamped__functions.h
[86.337s] -- Symlinking: /home/ubuntu/turtlebot3_ws/src/install/nav_2d_msgs/include/nav_2d_msgs/nav_2d_msgs/msg/detail/pose2_d_stamped__struct.h
[86.384s] -- Symlinking: /home/ubuntu/turtlebot3_ws/src/install/nav_2d_msgs/include/nav_2d_msgs/nav_2d_msgs/msg/detail/pose2_d_stamped__type_support.h
[86.432s] -- Symlinking: /home/ubuntu/turtlebot3_ws/src/install/nav_2d_msgs/include/nav_2d_msgs/nav_2d_msgs/msg/detail/twist2_d32__functions.h
[86.479s] -- Symlinking: /home/ubuntu/turtlebot3_ws/src/install/nav_2d_msgs/include/nav_2d_msgs/nav_2d_msgs/msg/detail/twist2_d32__struct.h
[86.529s] -- Symlinking: /home/ubuntu/turtlebot3_ws/src/install/nav_2d_msgs/include/nav_2d_msgs/nav_2d_msgs/msg/detail/twist2_d32__type_support.h
[86.577s] -- Symlinking: /home/ubuntu/turtlebot3_ws/src/install/nav_2d_msgs/include/nav_2d_msgs/nav_2d_msgs/msg/detail/twist2_d__functions.h
[86.632s] -- Symlinking: /home/ubuntu/turtlebot3_ws/src/install/nav_2d_msgs/include/nav_2d_msgs/nav_2d_msgs/msg/detail/twist2_d__struct.h
[86.690s] -- Symlinking: /home/ubuntu/turtlebot3_ws/src/install/nav_2d_msgs/include/nav_2d_msgs/nav_2d_msgs/msg/detail/twist2_d__type_support.h
[86.736s] -- Symlinking: /home/ubuntu/turtlebot3_ws/src/install/nav_2d_msgs/include/nav_2d_msgs/nav_2d_msgs/msg/detail/twist2_d_stamped__functions.h
[86.779s] -- Symlinking: /home/ubuntu/turtlebot3_ws/src/install/nav_2d_msgs/include/nav_2d_msgs/nav_2d_msgs/msg/detail/twist2_d_stamped__struct.h
[86.823s] -- Symlinking: /home/ubuntu/turtlebot3_ws/src/install/nav_2d_msgs/include/nav_2d_msgs/nav_2d_msgs/msg/detail/twist2_d_stamped__type_support.h
[86.864s] -- Symlinking: /home/ubuntu/turtlebot3_ws/src/install/nav_2d_msgs/include/nav_2d_msgs/nav_2d_msgs/msg/path2_d.h
[86.907s] -- Symlinking: /home/ubuntu/turtlebot3_ws/src/install/nav_2d_msgs/include/nav_2d_msgs/nav_2d_msgs/msg/pose2_d32.h
[86.951s] -- Symlinking: /home/ubuntu/turtlebot3_ws/src/install/nav_2d_msgs/include/nav_2d_msgs/nav_2d_msgs/msg/pose2_d_stamped.h
[86.993s] -- Symlinking: /home/ubuntu/turtlebot3_ws/src/install/nav_2d_msgs/include/nav_2d_msgs/nav_2d_msgs/msg/rosidl_generator_c__visibility_control.h
[87.040s] -- Symlinking: /home/ubuntu/turtlebot3_ws/src/install/nav_2d_msgs/include/nav_2d_msgs/nav_2d_msgs/msg/twist2_d.h
[87.083s] -- Symlinking: /home/ubuntu/turtlebot3_ws/src/install/nav_2d_msgs/include/nav_2d_msgs/nav_2d_msgs/msg/twist2_d32.h
[87.129s] -- Symlinking: /home/ubuntu/turtlebot3_ws/src/install/nav_2d_msgs/include/nav_2d_msgs/nav_2d_msgs/msg/twist2_d_stamped.h
[87.174s] -- Symlinking: /home/ubuntu/turtlebot3_ws/src/install/nav_2d_msgs/share/nav_2d_msgs/environment/library_path.sh
[87.217s] -- Symlinking: /home/ubuntu/turtlebot3_ws/src/install/nav_2d_msgs/share/nav_2d_msgs/environment/library_path.dsv
[87.266s] -- Symlinking: /home/ubuntu/turtlebot3_ws/src/install/nav_2d_msgs/include/nav_2d_msgs/nav_2d_msgs/msg/detail/path2_d__rosidl_typesupport_fastrtps_c.h
[87.312s] -- Symlinking: /home/ubuntu/turtlebot3_ws/src/install/nav_2d_msgs/include/nav_2d_msgs/nav_2d_msgs/msg/detail/pose2_d32__rosidl_typesupport_fastrtps_c.h
[87.357s] -- Symlinking: /home/ubuntu/turtlebot3_ws/src/install/nav_2d_msgs/include/nav_2d_msgs/nav_2d_msgs/msg/detail/pose2_d_stamped__rosidl_typesupport_fastrtps_c.h
[87.401s] -- Symlinking: /home/ubuntu/turtlebot3_ws/src/install/nav_2d_msgs/include/nav_2d_msgs/nav_2d_msgs/msg/detail/twist2_d32__rosidl_typesupport_fastrtps_c.h
[87.457s] -- Symlinking: /home/ubuntu/turtlebot3_ws/src/install/nav_2d_msgs/include/nav_2d_msgs/nav_2d_msgs/msg/detail/twist2_d__rosidl_typesupport_fastrtps_c.h
[87.518s] -- Symlinking: /home/ubuntu/turtlebot3_ws/src/install/nav_2d_msgs/include/nav_2d_msgs/nav_2d_msgs/msg/detail/twist2_d_stamped__rosidl_typesupport_fastrtps_c.h
[87.567s] -- Symlinking: /home/ubuntu/turtlebot3_ws/src/install/nav_2d_msgs/include/nav_2d_msgs/nav_2d_msgs/msg/rosidl_typesupport_fastrtps_c__visibility_control.h
[87.618s] -- Symlinking: /home/ubuntu/turtlebot3_ws/src/install/nav_2d_msgs/include/nav_2d_msgs/nav_2d_msgs/msg/detail/path2_d__builder.hpp
[87.667s] -- Symlinking: /home/ubuntu/turtlebot3_ws/src/install/nav_2d_msgs/include/nav_2d_msgs/nav_2d_msgs/msg/detail/path2_d__struct.hpp
[87.715s] -- Symlinking: /home/ubuntu/turtlebot3_ws/src/install/nav_2d_msgs/include/nav_2d_msgs/nav_2d_msgs/msg/detail/path2_d__traits.hpp
[87.762s] -- Symlinking: /home/ubuntu/turtlebot3_ws/src/install/nav_2d_msgs/include/nav_2d_msgs/nav_2d_msgs/msg/detail/path2_d__type_support.hpp
[87.805s] -- Symlinking: /home/ubuntu/turtlebot3_ws/src/install/nav_2d_msgs/include/nav_2d_msgs/nav_2d_msgs/msg/detail/pose2_d32__builder.hpp
[87.852s] -- Symlinking: /home/ubuntu/turtlebot3_ws/src/install/nav_2d_msgs/include/nav_2d_msgs/nav_2d_msgs/msg/detail/pose2_d32__struct.hpp
[87.897s] -- Symlinking: /home/ubuntu/turtlebot3_ws/src/install/nav_2d_msgs/include/nav_2d_msgs/nav_2d_msgs/msg/detail/pose2_d32__traits.hpp
[87.946s] -- Symlinking: /home/ubuntu/turtlebot3_ws/src/install/nav_2d_msgs/include/nav_2d_msgs/nav_2d_msgs/msg/detail/pose2_d32__type_support.hpp
[87.991s] -- Symlinking: /home/ubuntu/turtlebot3_ws/src/install/nav_2d_msgs/include/nav_2d_msgs/nav_2d_msgs/msg/detail/pose2_d_stamped__builder.hpp
[88.033s] -- Symlinking: /home/ubuntu/turtlebot3_ws/src/install/nav_2d_msgs/include/nav_2d_msgs/nav_2d_msgs/msg/detail/pose2_d_stamped__struct.hpp
[88.071s] -- Symlinking: /home/ubuntu/turtlebot3_ws/src/install/nav_2d_msgs/include/nav_2d_msgs/nav_2d_msgs/msg/detail/pose2_d_stamped__traits.hpp
[88.111s] -- Symlinking: /home/ubuntu/turtlebot3_ws/src/install/nav_2d_msgs/include/nav_2d_msgs/nav_2d_msgs/msg/detail/pose2_d_stamped__type_support.hpp
[88.152s] -- Symlinking: /home/ubuntu/turtlebot3_ws/src/install/nav_2d_msgs/include/nav_2d_msgs/nav_2d_msgs/msg/detail/twist2_d32__builder.hpp
[88.192s] -- Symlinking: /home/ubuntu/turtlebot3_ws/src/install/nav_2d_msgs/include/nav_2d_msgs/nav_2d_msgs/msg/detail/twist2_d32__struct.hpp
[88.234s] -- Symlinking: /home/ubuntu/turtlebot3_ws/src/install/nav_2d_msgs/include/nav_2d_msgs/nav_2d_msgs/msg/detail/twist2_d32__traits.hpp
[88.278s] -- Symlinking: /home/ubuntu/turtlebot3_ws/src/install/nav_2d_msgs/include/nav_2d_msgs/nav_2d_msgs/msg/detail/twist2_d32__type_support.hpp
[88.321s] -- Symlinking: /home/ubuntu/turtlebot3_ws/src/install/nav_2d_msgs/include/nav_2d_msgs/nav_2d_msgs/msg/detail/twist2_d__builder.hpp
[88.365s] -- Symlinking: /home/ubuntu/turtlebot3_ws/src/install/nav_2d_msgs/include/nav_2d_msgs/nav_2d_msgs/msg/detail/twist2_d__struct.hpp
[88.408s] -- Symlinking: /home/ubuntu/turtlebot3_ws/src/install/nav_2d_msgs/include/nav_2d_msgs/nav_2d_msgs/msg/detail/twist2_d__traits.hpp
[88.450s] -- Symlinking: /home/ubuntu/turtlebot3_ws/src/install/nav_2d_msgs/include/nav_2d_msgs/nav_2d_msgs/msg/detail/twist2_d__type_support.hpp
[88.504s] -- Symlinking: /home/ubuntu/turtlebot3_ws/src/install/nav_2d_msgs/include/nav_2d_msgs/nav_2d_msgs/msg/detail/twist2_d_stamped__builder.hpp
[88.544s] -- Symlinking: /home/ubuntu/turtlebot3_ws/src/install/nav_2d_msgs/include/nav_2d_msgs/nav_2d_msgs/msg/detail/twist2_d_stamped__struct.hpp
[88.584s] -- Symlinking: /home/ubuntu/turtlebot3_ws/src/install/nav_2d_msgs/include/nav_2d_msgs/nav_2d_msgs/msg/detail/twist2_d_stamped__traits.hpp
[88.630s] -- Symlinking: /home/ubuntu/turtlebot3_ws/src/install/nav_2d_msgs/include/nav_2d_msgs/nav_2d_msgs/msg/detail/twist2_d_stamped__type_support.hpp
[88.670s] -- Symlinking: /home/ubuntu/turtlebot3_ws/src/install/nav_2d_msgs/include/nav_2d_msgs/nav_2d_msgs/msg/path2_d.hpp
[88.711s] -- Symlinking: /home/ubuntu/turtlebot3_ws/src/install/nav_2d_msgs/include/nav_2d_msgs/nav_2d_msgs/msg/pose2_d32.hpp
[88.753s] -- Symlinking: /home/ubuntu/turtlebot3_ws/src/install/nav_2d_msgs/include/nav_2d_msgs/nav_2d_msgs/msg/pose2_d_stamped.hpp
[88.796s] -- Symlinking: /home/ubuntu/turtlebot3_ws/src/install/nav_2d_msgs/include/nav_2d_msgs/nav_2d_msgs/msg/rosidl_generator_cpp__visibility_control.hpp
[88.842s] -- Symlinking: /home/ubuntu/turtlebot3_ws/src/install/nav_2d_msgs/include/nav_2d_msgs/nav_2d_msgs/msg/twist2_d.hpp
[88.884s] -- Symlinking: /home/ubuntu/turtlebot3_ws/src/install/nav_2d_msgs/include/nav_2d_msgs/nav_2d_msgs/msg/twist2_d32.hpp
[88.928s] -- Symlinking: /home/ubuntu/turtlebot3_ws/src/install/nav_2d_msgs/include/nav_2d_msgs/nav_2d_msgs/msg/twist2_d_stamped.hpp
[88.976s] -- Symlinking: /home/ubuntu/turtlebot3_ws/src/install/nav_2d_msgs/include/nav_2d_msgs/nav_2d_msgs/msg/detail/path2_d__rosidl_typesupport_fastrtps_cpp.hpp
[89.020s] -- Symlinking: /home/ubuntu/turtlebot3_ws/src/install/nav_2d_msgs/include/nav_2d_msgs/nav_2d_msgs/msg/detail/pose2_d32__rosidl_typesupport_fastrtps_cpp.hpp
[89.063s] -- Symlinking: /home/ubuntu/turtlebot3_ws/src/install/nav_2d_msgs/include/nav_2d_msgs/nav_2d_msgs/msg/detail/pose2_d_stamped__rosidl_typesupport_fastrtps_cpp.hpp
[89.106s] -- Symlinking: /home/ubuntu/turtlebot3_ws/src/install/nav_2d_msgs/include/nav_2d_msgs/nav_2d_msgs/msg/detail/twist2_d32__rosidl_typesupport_fastrtps_cpp.hpp
[89.146s] -- Symlinking: /home/ubuntu/turtlebot3_ws/src/install/nav_2d_msgs/include/nav_2d_msgs/nav_2d_msgs/msg/detail/twist2_d__rosidl_typesupport_fastrtps_cpp.hpp
[89.189s] -- Symlinking: /home/ubuntu/turtlebot3_ws/src/install/nav_2d_msgs/include/nav_2d_msgs/nav_2d_msgs/msg/detail/twist2_d_stamped__rosidl_typesupport_fastrtps_cpp.hpp
[89.237s] -- Symlinking: /home/ubuntu/turtlebot3_ws/src/install/nav_2d_msgs/include/nav_2d_msgs/nav_2d_msgs/msg/rosidl_typesupport_fastrtps_cpp__visibility_control.h
[89.283s] -- Symlinking: /home/ubuntu/turtlebot3_ws/src/install/nav_2d_msgs/include/nav_2d_msgs/nav_2d_msgs/msg/detail/path2_d__rosidl_typesupport_introspection_c.h
[89.329s] -- Symlinking: /home/ubuntu/turtlebot3_ws/src/install/nav_2d_msgs/include/nav_2d_msgs/nav_2d_msgs/msg/detail/pose2_d32__rosidl_typesupport_introspection_c.h
[89.377s] -- Symlinking: /home/ubuntu/turtlebot3_ws/src/install/nav_2d_msgs/include/nav_2d_msgs/nav_2d_msgs/msg/detail/pose2_d_stamped__rosidl_typesupport_introspection_c.h
[89.426s] -- Symlinking: /home/ubuntu/turtlebot3_ws/src/install/nav_2d_msgs/include/nav_2d_msgs/nav_2d_msgs/msg/detail/twist2_d32__rosidl_typesupport_introspection_c.h
[89.469s] -- Symlinking: /home/ubuntu/turtlebot3_ws/src/install/nav_2d_msgs/include/nav_2d_msgs/nav_2d_msgs/msg/detail/twist2_d__rosidl_typesupport_introspection_c.h
[89.511s] -- Symlinking: /home/ubuntu/turtlebot3_ws/src/install/nav_2d_msgs/include/nav_2d_msgs/nav_2d_msgs/msg/detail/twist2_d_stamped__rosidl_typesupport_introspection_c.h
[89.550s] -- Symlinking: /home/ubuntu/turtlebot3_ws/src/install/nav_2d_msgs/include/nav_2d_msgs/nav_2d_msgs/msg/rosidl_typesupport_introspection_c__visibility_control.h
[89.604s] -- Symlinking: /home/ubuntu/turtlebot3_ws/src/install/nav_2d_msgs/include/nav_2d_msgs/nav_2d_msgs/msg/detail/path2_d__rosidl_typesupport_introspection_cpp.hpp
[89.737s] -- Symlinking: /home/ubuntu/turtlebot3_ws/src/install/nav_2d_msgs/include/nav_2d_msgs/nav_2d_msgs/msg/detail/pose2_d32__rosidl_typesupport_introspection_cpp.hpp
[89.776s] -- Symlinking: /home/ubuntu/turtlebot3_ws/src/install/nav_2d_msgs/include/nav_2d_msgs/nav_2d_msgs/msg/detail/pose2_d_stamped__rosidl_typesupport_introspection_cpp.hpp
[89.815s] -- Symlinking: /home/ubuntu/turtlebot3_ws/src/install/nav_2d_msgs/include/nav_2d_msgs/nav_2d_msgs/msg/detail/twist2_d32__rosidl_typesupport_introspection_cpp.hpp
[89.859s] -- Symlinking: /home/ubuntu/turtlebot3_ws/src/install/nav_2d_msgs/include/nav_2d_msgs/nav_2d_msgs/msg/detail/twist2_d__rosidl_typesupport_introspection_cpp.hpp
[89.902s] -- Symlinking: /home/ubuntu/turtlebot3_ws/src/install/nav_2d_msgs/include/nav_2d_msgs/nav_2d_msgs/msg/detail/twist2_d_stamped__rosidl_typesupport_introspection_cpp.hpp
[89.943s] -- Symlinking: /home/ubuntu/turtlebot3_ws/src/install/nav_2d_msgs/share/nav_2d_msgs/environment/pythonpath.sh
[89.984s] -- Symlinking: /home/ubuntu/turtlebot3_ws/src/install/nav_2d_msgs/share/nav_2d_msgs/environment/pythonpath.dsv
[90.026s] -- Symlinking: /home/ubuntu/turtlebot3_ws/src/install/nav_2d_msgs/local/lib/python3.10/dist-packages/nav_2d_msgs-1.1.18-py3.10.egg-info/PKG-INFO
[90.068s] -- Symlinking: /home/ubuntu/turtlebot3_ws/src/install/nav_2d_msgs/local/lib/python3.10/dist-packages/nav_2d_msgs-1.1.18-py3.10.egg-info/SOURCES.txt
[90.109s] -- Symlinking: /home/ubuntu/turtlebot3_ws/src/install/nav_2d_msgs/local/lib/python3.10/dist-packages/nav_2d_msgs-1.1.18-py3.10.egg-info/dependency_links.txt
[90.152s] -- Symlinking: /home/ubuntu/turtlebot3_ws/src/install/nav_2d_msgs/local/lib/python3.10/dist-packages/nav_2d_msgs-1.1.18-py3.10.egg-info/top_level.txt
[90.209s] -- Symlinking: /home/ubuntu/turtlebot3_ws/src/install/nav_2d_msgs/local/lib/python3.10/dist-packages/nav_2d_msgs/__init__.py
[90.252s] -- Symlinking: /home/ubuntu/turtlebot3_ws/src/install/nav_2d_msgs/local/lib/python3.10/dist-packages/nav_2d_msgs/_nav_2d_msgs_s.ep.rosidl_typesupport_c.c
[90.290s] -- Symlinking: /home/ubuntu/turtlebot3_ws/src/install/nav_2d_msgs/local/lib/python3.10/dist-packages/nav_2d_msgs/_nav_2d_msgs_s.ep.rosidl_typesupport_fastrtps_c.c
[90.328s] -- Symlinking: /home/ubuntu/turtlebot3_ws/src/install/nav_2d_msgs/local/lib/python3.10/dist-packages/nav_2d_msgs/_nav_2d_msgs_s.ep.rosidl_typesupport_introspection_c.c
[90.367s] -- Symlinking: /home/ubuntu/turtlebot3_ws/src/install/nav_2d_msgs/local/lib/python3.10/dist-packages/nav_2d_msgs/libnav_2d_msgs__rosidl_generator_py.so
[90.404s] -- Symlinking: /home/ubuntu/turtlebot3_ws/src/install/nav_2d_msgs/local/lib/python3.10/dist-packages/nav_2d_msgs/msg/__init__.py
[90.445s] -- Symlinking: /home/ubuntu/turtlebot3_ws/src/install/nav_2d_msgs/local/lib/python3.10/dist-packages/nav_2d_msgs/msg/_path2_d.py
[90.484s] -- Symlinking: /home/ubuntu/turtlebot3_ws/src/install/nav_2d_msgs/local/lib/python3.10/dist-packages/nav_2d_msgs/msg/_path2_d_s.c
[90.521s] -- Symlinking: /home/ubuntu/turtlebot3_ws/src/install/nav_2d_msgs/local/lib/python3.10/dist-packages/nav_2d_msgs/msg/_pose2_d32.py
[90.562s] -- Symlinking: /home/ubuntu/turtlebot3_ws/src/install/nav_2d_msgs/local/lib/python3.10/dist-packages/nav_2d_msgs/msg/_pose2_d32_s.c
[90.599s] -- Symlinking: /home/ubuntu/turtlebot3_ws/src/install/nav_2d_msgs/local/lib/python3.10/dist-packages/nav_2d_msgs/msg/_pose2_d_stamped.py
[90.640s] -- Symlinking: /home/ubuntu/turtlebot3_ws/src/install/nav_2d_msgs/local/lib/python3.10/dist-packages/nav_2d_msgs/msg/_pose2_d_stamped_s.c
[90.679s] -- Symlinking: /home/ubuntu/turtlebot3_ws/src/install/nav_2d_msgs/local/lib/python3.10/dist-packages/nav_2d_msgs/msg/_twist2_d.py
[90.715s] -- Symlinking: /home/ubuntu/turtlebot3_ws/src/install/nav_2d_msgs/local/lib/python3.10/dist-packages/nav_2d_msgs/msg/_twist2_d32.py
[90.756s] -- Symlinking: /home/ubuntu/turtlebot3_ws/src/install/nav_2d_msgs/local/lib/python3.10/dist-packages/nav_2d_msgs/msg/_twist2_d32_s.c
[90.797s] -- Symlinking: /home/ubuntu/turtlebot3_ws/src/install/nav_2d_msgs/local/lib/python3.10/dist-packages/nav_2d_msgs/msg/_twist2_d_s.c
[90.834s] -- Symlinking: /home/ubuntu/turtlebot3_ws/src/install/nav_2d_msgs/local/lib/python3.10/dist-packages/nav_2d_msgs/msg/_twist2_d_stamped.py
[90.872s] -- Symlinking: /home/ubuntu/turtlebot3_ws/src/install/nav_2d_msgs/local/lib/python3.10/dist-packages/nav_2d_msgs/msg/_twist2_d_stamped_s.c
[90.911s] -- Symlinking: /home/ubuntu/turtlebot3_ws/src/install/nav_2d_msgs/local/lib/python3.10/dist-packages/nav_2d_msgs/nav_2d_msgs_s__rosidl_typesupport_c.cpython-310-aarch64-linux-gnu.so
[90.972s] -- Symlinking: /home/ubuntu/turtlebot3_ws/src/install/nav_2d_msgs/local/lib/python3.10/dist-packages/nav_2d_msgs/nav_2d_msgs_s__rosidl_typesupport_fastrtps_c.cpython-310-aarch64-linux-gnu.so
[91.016s] -- Symlinking: /home/ubuntu/turtlebot3_ws/src/install/nav_2d_msgs/local/lib/python3.10/dist-packages/nav_2d_msgs/nav_2d_msgs_s__rosidl_typesupport_introspection_c.cpython-310-aarch64-linux-gnu.so
[91.058s] -- Up-to-date symlink: /home/ubuntu/turtlebot3_ws/src/install/nav_2d_msgs/local/lib/python3.10/dist-packages/nav_2d_msgs/nav_2d_msgs_s__rosidl_typesupport_fastrtps_c.cpython-310-aarch64-linux-gnu.so
[91.062s] -- Up-to-date symlink: /home/ubuntu/turtlebot3_ws/src/install/nav_2d_msgs/local/lib/python3.10/dist-packages/nav_2d_msgs/nav_2d_msgs_s__rosidl_typesupport_introspection_c.cpython-310-aarch64-linux-gnu.so
[91.065s] -- Up-to-date symlink: /home/ubuntu/turtlebot3_ws/src/install/nav_2d_msgs/local/lib/python3.10/dist-packages/nav_2d_msgs/nav_2d_msgs_s__rosidl_typesupport_c.cpython-310-aarch64-linux-gnu.so
[91.069s] -- Symlinking: /home/ubuntu/turtlebot3_ws/src/install/nav_2d_msgs/share/nav_2d_msgs/msg/Path2D.idl
[91.110s] -- Symlinking: /home/ubuntu/turtlebot3_ws/src/install/nav_2d_msgs/share/nav_2d_msgs/msg/Pose2D32.idl
[91.149s] -- Symlinking: /home/ubuntu/turtlebot3_ws/src/install/nav_2d_msgs/share/nav_2d_msgs/msg/Pose2DStamped.idl
[91.190s] -- Symlinking: /home/ubuntu/turtlebot3_ws/src/install/nav_2d_msgs/share/nav_2d_msgs/msg/Twist2D.idl
[91.229s] -- Symlinking: /home/ubuntu/turtlebot3_ws/src/install/nav_2d_msgs/share/nav_2d_msgs/msg/Twist2D32.idl
[91.267s] -- Symlinking: /home/ubuntu/turtlebot3_ws/src/install/nav_2d_msgs/share/nav_2d_msgs/msg/Twist2DStamped.idl
[91.302s] -- Symlinking: /home/ubuntu/turtlebot3_ws/src/install/nav_2d_msgs/share/nav_2d_msgs/msg/Path2D.msg
[91.339s] -- Symlinking: /home/ubuntu/turtlebot3_ws/src/install/nav_2d_msgs/share/nav_2d_msgs/msg/Pose2D32.msg
[91.375s] -- Symlinking: /home/ubuntu/turtlebot3_ws/src/install/nav_2d_msgs/share/nav_2d_msgs/msg/Pose2DStamped.msg
[91.411s] -- Symlinking: /home/ubuntu/turtlebot3_ws/src/install/nav_2d_msgs/share/nav_2d_msgs/msg/Twist2D.msg
[91.448s] -- Symlinking: /home/ubuntu/turtlebot3_ws/src/install/nav_2d_msgs/share/nav_2d_msgs/msg/Twist2D32.msg
[91.486s] -- Symlinking: /home/ubuntu/turtlebot3_ws/src/install/nav_2d_msgs/share/nav_2d_msgs/msg/Twist2DStamped.msg
[91.523s] -- Symlinking: /home/ubuntu/turtlebot3_ws/src/install/nav_2d_msgs/share/ament_index/resource_index/package_run_dependencies/nav_2d_msgs
[91.566s] -- Symlinking: /home/ubuntu/turtlebot3_ws/src/install/nav_2d_msgs/share/ament_index/resource_index/parent_prefix_path/nav_2d_msgs
[91.602s] -- Symlinking: /home/ubuntu/turtlebot3_ws/src/install/nav_2d_msgs/share/nav_2d_msgs/environment/ament_prefix_path.sh
[91.638s] -- Symlinking: /home/ubuntu/turtlebot3_ws/src/install/nav_2d_msgs/share/nav_2d_msgs/environment/ament_prefix_path.dsv
[91.675s] -- Symlinking: /home/ubuntu/turtlebot3_ws/src/install/nav_2d_msgs/share/nav_2d_msgs/environment/path.sh
[91.712s] -- Symlinking: /home/ubuntu/turtlebot3_ws/src/install/nav_2d_msgs/share/nav_2d_msgs/environment/path.dsv
[91.749s] -- Symlinking: /home/ubuntu/turtlebot3_ws/src/install/nav_2d_msgs/share/nav_2d_msgs/local_setup.bash
[91.788s] -- Symlinking: /home/ubuntu/turtlebot3_ws/src/install/nav_2d_msgs/share/nav_2d_msgs/local_setup.sh
[91.824s] -- Symlinking: /home/ubuntu/turtlebot3_ws/src/install/nav_2d_msgs/share/nav_2d_msgs/local_setup.zsh
[91.862s] -- Symlinking: /home/ubuntu/turtlebot3_ws/src/install/nav_2d_msgs/share/nav_2d_msgs/local_setup.dsv
[91.900s] -- Symlinking: /home/ubuntu/turtlebot3_ws/src/install/nav_2d_msgs/share/nav_2d_msgs/package.dsv
[91.936s] -- Symlinking: /home/ubuntu/turtlebot3_ws/src/install/nav_2d_msgs/share/ament_index/resource_index/packages/nav_2d_msgs
[91.973s] -- Symlinking: /home/ubuntu/turtlebot3_ws/src/install/nav_2d_msgs/share/nav_2d_msgs/cmake/rosidl_cmake-extras.cmake
[92.009s] -- Symlinking: /home/ubuntu/turtlebot3_ws/src/install/nav_2d_msgs/share/nav_2d_msgs/cmake/ament_cmake_export_dependencies-extras.cmake
[92.047s] -- Symlinking: /home/ubuntu/turtlebot3_ws/src/install/nav_2d_msgs/share/nav_2d_msgs/cmake/ament_cmake_export_include_directories-extras.cmake
[92.089s] -- Symlinking: /home/ubuntu/turtlebot3_ws/src/install/nav_2d_msgs/share/nav_2d_msgs/cmake/ament_cmake_export_libraries-extras.cmake
[92.130s] -- Symlinking: /home/ubuntu/turtlebot3_ws/src/install/nav_2d_msgs/share/nav_2d_msgs/cmake/ament_cmake_export_targets-extras.cmake
[92.172s] -- Symlinking: /home/ubuntu/turtlebot3_ws/src/install/nav_2d_msgs/share/nav_2d_msgs/cmake/rosidl_cmake_export_typesupport_targets-extras.cmake
[92.213s] -- Symlinking: /home/ubuntu/turtlebot3_ws/src/install/nav_2d_msgs/share/nav_2d_msgs/cmake/rosidl_cmake_export_typesupport_libraries-extras.cmake
[92.255s] -- Symlinking: /home/ubuntu/turtlebot3_ws/src/install/nav_2d_msgs/share/nav_2d_msgs/cmake/nav_2d_msgsConfig.cmake
[92.295s] -- Symlinking: /home/ubuntu/turtlebot3_ws/src/install/nav_2d_msgs/share/nav_2d_msgs/cmake/nav_2d_msgsConfig-version.cmake
[92.338s] -- Symlinking: /home/ubuntu/turtlebot3_ws/src/install/nav_2d_msgs/share/nav_2d_msgs/package.xml
[92.382s] -- Installing: /home/ubuntu/turtlebot3_ws/src/install/nav_2d_msgs/lib/libnav_2d_msgs__rosidl_generator_c.so
[92.387s] -- Set runtime path of "/home/ubuntu/turtlebot3_ws/src/install/nav_2d_msgs/lib/libnav_2d_msgs__rosidl_generator_c.so" to ""
[92.388s] -- Installing: /home/ubuntu/turtlebot3_ws/src/install/nav_2d_msgs/lib/libnav_2d_msgs__rosidl_typesupport_fastrtps_c.so
[92.392s] -- Set runtime path of "/home/ubuntu/turtlebot3_ws/src/install/nav_2d_msgs/lib/libnav_2d_msgs__rosidl_typesupport_fastrtps_c.so" to ""
[92.393s] -- Installing: /home/ubuntu/turtlebot3_ws/src/install/nav_2d_msgs/lib/libnav_2d_msgs__rosidl_typesupport_fastrtps_cpp.so
[92.396s] -- Set runtime path of "/home/ubuntu/turtlebot3_ws/src/install/nav_2d_msgs/lib/libnav_2d_msgs__rosidl_typesupport_fastrtps_cpp.so" to ""
[92.397s] -- Installing: /home/ubuntu/turtlebot3_ws/src/install/nav_2d_msgs/lib/libnav_2d_msgs__rosidl_typesupport_introspection_c.so
[92.400s] -- Set runtime path of "/home/ubuntu/turtlebot3_ws/src/install/nav_2d_msgs/lib/libnav_2d_msgs__rosidl_typesupport_introspection_c.so" to ""
[92.401s] -- Installing: /home/ubuntu/turtlebot3_ws/src/install/nav_2d_msgs/lib/libnav_2d_msgs__rosidl_typesupport_c.so
[92.404s] -- Set runtime path of "/home/ubuntu/turtlebot3_ws/src/install/nav_2d_msgs/lib/libnav_2d_msgs__rosidl_typesupport_c.so" to ""
[92.405s] -- Installing: /home/ubuntu/turtlebot3_ws/src/install/nav_2d_msgs/lib/libnav_2d_msgs__rosidl_typesupport_introspection_cpp.so
[92.409s] -- Set runtime path of "/home/ubuntu/turtlebot3_ws/src/install/nav_2d_msgs/lib/libnav_2d_msgs__rosidl_typesupport_introspection_cpp.so" to ""
[92.410s] -- Installing: /home/ubuntu/turtlebot3_ws/src/install/nav_2d_msgs/lib/libnav_2d_msgs__rosidl_typesupport_cpp.so
[92.412s] -- Set runtime path of "/home/ubuntu/turtlebot3_ws/src/install/nav_2d_msgs/lib/libnav_2d_msgs__rosidl_typesupport_cpp.so" to ""
[92.671s] Listing '/home/ubuntu/turtlebot3_ws/src/install/nav_2d_msgs/local/lib/python3.10/dist-packages/nav_2d_msgs'...
[92.673s] Compiling '/home/ubuntu/turtlebot3_ws/src/install/nav_2d_msgs/local/lib/python3.10/dist-packages/nav_2d_msgs/__init__.py'...
[92.675s] Listing '/home/ubuntu/turtlebot3_ws/src/install/nav_2d_msgs/local/lib/python3.10/dist-packages/nav_2d_msgs/msg'...
[92.676s] Compiling '/home/ubuntu/turtlebot3_ws/src/install/nav_2d_msgs/local/lib/python3.10/dist-packages/nav_2d_msgs/msg/__init__.py'...
[92.678s] Compiling '/home/ubuntu/turtlebot3_ws/src/install/nav_2d_msgs/local/lib/python3.10/dist-packages/nav_2d_msgs/msg/_path2_d.py'...
[92.680s] Compiling '/home/ubuntu/turtlebot3_ws/src/install/nav_2d_msgs/local/lib/python3.10/dist-packages/nav_2d_msgs/msg/_pose2_d32.py'...
[92.681s] Compiling '/home/ubuntu/turtlebot3_ws/src/install/nav_2d_msgs/local/lib/python3.10/dist-packages/nav_2d_msgs/msg/_pose2_d_stamped.py'...
[92.683s] Compiling '/home/ubuntu/turtlebot3_ws/src/install/nav_2d_msgs/local/lib/python3.10/dist-packages/nav_2d_msgs/msg/_twist2_d.py'...
[92.684s] Compiling '/home/ubuntu/turtlebot3_ws/src/install/nav_2d_msgs/local/lib/python3.10/dist-packages/nav_2d_msgs/msg/_twist2_d32.py'...
[92.686s] Compiling '/home/ubuntu/turtlebot3_ws/src/install/nav_2d_msgs/local/lib/python3.10/dist-packages/nav_2d_msgs/msg/_twist2_d_stamped.py'...
[92.706s] -- Installing: /home/ubuntu/turtlebot3_ws/src/install/nav_2d_msgs/lib/libnav_2d_msgs__rosidl_generator_py.so
[92.710s] -- Set runtime path of "/home/ubuntu/turtlebot3_ws/src/install/nav_2d_msgs/lib/libnav_2d_msgs__rosidl_generator_py.so" to ""
[92.711s] -- Installing: /home/ubuntu/turtlebot3_ws/src/install/nav_2d_msgs/share/nav_2d_msgs/cmake/export_nav_2d_msgs__rosidl_generator_cExport.cmake
[92.713s] -- Installing: /home/ubuntu/turtlebot3_ws/src/install/nav_2d_msgs/share/nav_2d_msgs/cmake/export_nav_2d_msgs__rosidl_generator_cExport-noconfig.cmake
[92.715s] -- Installing: /home/ubuntu/turtlebot3_ws/src/install/nav_2d_msgs/share/nav_2d_msgs/cmake/export_nav_2d_msgs__rosidl_typesupport_fastrtps_cExport.cmake
[92.717s] -- Installing: /home/ubuntu/turtlebot3_ws/src/install/nav_2d_msgs/share/nav_2d_msgs/cmake/export_nav_2d_msgs__rosidl_typesupport_fastrtps_cExport-noconfig.cmake
[92.719s] -- Installing: /home/ubuntu/turtlebot3_ws/src/install/nav_2d_msgs/share/nav_2d_msgs/cmake/export_nav_2d_msgs__rosidl_generator_cppExport.cmake
[92.721s] -- Installing: /home/ubuntu/turtlebot3_ws/src/install/nav_2d_msgs/share/nav_2d_msgs/cmake/export_nav_2d_msgs__rosidl_typesupport_fastrtps_cppExport.cmake
[92.724s] -- Installing: /home/ubuntu/turtlebot3_ws/src/install/nav_2d_msgs/share/nav_2d_msgs/cmake/export_nav_2d_msgs__rosidl_typesupport_fastrtps_cppExport-noconfig.cmake
[92.726s] -- Installing: /home/ubuntu/turtlebot3_ws/src/install/nav_2d_msgs/share/nav_2d_msgs/cmake/nav_2d_msgs__rosidl_typesupport_introspection_cExport.cmake
[92.728s] -- Installing: /home/ubuntu/turtlebot3_ws/src/install/nav_2d_msgs/share/nav_2d_msgs/cmake/nav_2d_msgs__rosidl_typesupport_introspection_cExport-noconfig.cmake
[92.730s] -- Installing: /home/ubuntu/turtlebot3_ws/src/install/nav_2d_msgs/share/nav_2d_msgs/cmake/nav_2d_msgs__rosidl_typesupport_cExport.cmake
[92.733s] -- Installing: /home/ubuntu/turtlebot3_ws/src/install/nav_2d_msgs/share/nav_2d_msgs/cmake/nav_2d_msgs__rosidl_typesupport_cExport-noconfig.cmake
[92.735s] -- Installing: /home/ubuntu/turtlebot3_ws/src/install/nav_2d_msgs/share/nav_2d_msgs/cmake/nav_2d_msgs__rosidl_typesupport_introspection_cppExport.cmake
[92.738s] -- Installing: /home/ubuntu/turtlebot3_ws/src/install/nav_2d_msgs/share/nav_2d_msgs/cmake/nav_2d_msgs__rosidl_typesupport_introspection_cppExport-noconfig.cmake
[92.740s] -- Installing: /home/ubuntu/turtlebot3_ws/src/install/nav_2d_msgs/share/nav_2d_msgs/cmake/nav_2d_msgs__rosidl_typesupport_cppExport.cmake
[92.742s] -- Installing: /home/ubuntu/turtlebot3_ws/src/install/nav_2d_msgs/share/nav_2d_msgs/cmake/nav_2d_msgs__rosidl_typesupport_cppExport-noconfig.cmake
[92.745s] -- Installing: /home/ubuntu/turtlebot3_ws/src/install/nav_2d_msgs/share/nav_2d_msgs/cmake/export_nav_2d_msgs__rosidl_generator_pyExport.cmake
[92.747s] -- Installing: /home/ubuntu/turtlebot3_ws/src/install/nav_2d_msgs/share/nav_2d_msgs/cmake/export_nav_2d_msgs__rosidl_generator_pyExport-noconfig.cmake
[92.772s] Invoked command in '/home/ubuntu/turtlebot3_ws/src/build/nav_2d_msgs' returned '0': /usr/bin/cmake --install /home/ubuntu/turtlebot3_ws/src/build/nav_2d_msgs
