[0.124s] Invoking command in '/home/ubuntu/turtlebot3_ws/src/build/nav2_voxel_grid': /usr/bin/cmake /home/ubuntu/turtlebot3_ws/src/navigation2/nav2_voxel_grid -DAMENT_CMAKE_SYMLINK_INSTALL=1 -DCMAKE_INSTALL_PREFIX=/home/ubuntu/turtlebot3_ws/src/install/nav2_voxel_grid
[0.453s] -- The C compiler identification is GNU 11.4.0
[0.789s] -- The CXX compiler identification is GNU 11.4.0
[0.821s] -- Detecting C compiler ABI info
[1.242s] -- Detecting C compiler ABI info - done
[1.280s] -- Check for working C compiler: /usr/bin/cc - skipped
[1.282s] -- Detecting C compile features
[1.284s] -- Detecting C compile features - done
[1.299s] -- Detecting CXX compiler ABI info
[1.747s] -- Detecting CXX compiler ABI info - done
[1.782s] -- Check for working CXX compiler: /usr/bin/c++ - skipped
[1.784s] -- Detecting CXX compile features
[1.787s] -- Detecting CXX compile features - done
[1.834s] -- Found ament_cmake: 1.3.11 (/opt/ros/humble/share/ament_cmake/cmake)
[3.083s] -- Found Python3: /usr/bin/python3 (found version "3.10.12") found components: Interpreter 
[3.537s] -- Override CMake install command with custom implementation using symlinks instead of copying resources
[4.034s] -- Found nav2_common: 1.1.18 (/home/ubuntu/turtlebot3_ws/install/nav2_common/share/nav2_common/cmake)
[4.072s] -- Found rclcpp: 16.0.11 (/opt/ros/humble/share/rclcpp/cmake)
[4.618s] -- Found rosidl_generator_c: 3.1.6 (/opt/ros/humble/share/rosidl_generator_c/cmake)
[4.696s] -- Found rosidl_adapter: 3.1.6 (/opt/ros/humble/share/rosidl_adapter/cmake)
[4.806s] -- Found rosidl_generator_cpp: 3.1.6 (/opt/ros/humble/share/rosidl_generator_cpp/cmake)
[4.930s] -- Using all available rosidl_typesupport_c: rosidl_typesupport_fastrtps_c;rosidl_typesupport_introspection_c
[5.095s] -- Using all available rosidl_typesupport_cpp: rosidl_typesupport_fastrtps_cpp;rosidl_typesupport_introspection_cpp
[5.606s] -- Found rmw_implementation_cmake: 6.1.2 (/opt/ros/humble/share/rmw_implementation_cmake/cmake)
[5.663s] -- Found rmw_fastrtps_cpp: 6.2.7 (/opt/ros/humble/share/rmw_fastrtps_cpp/cmake)
[6.465s] -- Found OpenSSL: /usr/lib/aarch64-linux-gnu/libcrypto.so (found version "3.0.2")  
[6.757s] -- Found FastRTPS: /opt/ros/humble/include  
[7.224s] -- Using RMW implementation 'rmw_fastrtps_cpp' as default
[7.379s] -- Looking for pthread.h
[7.783s] -- Looking for pthread.h - found
[7.785s] -- Performing Test CMAKE_HAVE_LIBC_PTHREAD
[8.205s] -- Performing Test CMAKE_HAVE_LIBC_PTHREAD - Success
[8.212s] -- Found Threads: TRUE  
[8.647s] -- Setting build type to Release as none was specified.
[8.693s] -- Found ament_lint_auto: 0.12.11 (/opt/ros/humble/share/ament_lint_auto/cmake)
[9.483s] -- Found gtest sources under '/opt/ros/humble/src/gtest_vendor': C++ tests using 'Google Test' will be built
[9.547s] -- Added test 'cppcheck' to perform static code analysis on C / C++ code
[9.547s] -- Configured cppcheck include dirs: /home/ubuntu/turtlebot3_ws/src/navigation2/nav2_voxel_grid/include
[9.548s] -- Configured cppcheck exclude dirs and/or files: 
[9.560s] -- Added test 'cpplint' to check C / C++ code against the Google style
[9.561s] -- Configured cpplint exclude dirs and/or files: 
[9.570s] -- Added test 'lint_cmake' to check CMake code style
[9.588s] -- Added test 'uncrustify' to check C / C++ code style
[9.589s] -- Configured uncrustify additional arguments: 
[9.594s] -- Added test 'xmllint' to check XML markup files
[9.626s] -- Configuring done
[9.741s] -- Generating done
[9.771s] -- Build files have been written to: /home/ubuntu/turtlebot3_ws/src/build/nav2_voxel_grid
[9.821s] Invoked command in '/home/ubuntu/turtlebot3_ws/src/build/nav2_voxel_grid' returned '0': /usr/bin/cmake /home/ubuntu/turtlebot3_ws/src/navigation2/nav2_voxel_grid -DAMENT_CMAKE_SYMLINK_INSTALL=1 -DCMAKE_INSTALL_PREFIX=/home/ubuntu/turtlebot3_ws/src/install/nav2_voxel_grid
[9.832s] Invoking command in '/home/ubuntu/turtlebot3_ws/src/build/nav2_voxel_grid': /usr/bin/cmake --build /home/ubuntu/turtlebot3_ws/src/build/nav2_voxel_grid -- -j4 -l4
[10.066s] [ 10%] [32mBuilding CXX object gtest/CMakeFiles/gtest_main.dir/src/gtest_main.cc.o[0m
[10.091s] [ 20%] [32mBuilding CXX object gtest/CMakeFiles/gtest.dir/src/gtest-all.cc.o[0m
[10.114s] [ 30%] [32mBuilding CXX object CMakeFiles/voxel_grid.dir/src/voxel_grid.cpp.o[0m
[23.617s] [ 40%] [32m[1mLinking CXX static library libgtest_main.a[0m
[23.959s] [ 40%] Built target gtest_main
[54.174s] [ 50%] [32m[1mLinking CXX shared library libvoxel_grid.so[0m
[55.594s] [ 50%] Built target voxel_grid
[87.622s] [ 60%] [32m[1mLinking CXX static library libgtest.a[0m
[87.852s] [ 60%] Built target gtest
[87.959s] [ 70%] [32mBuilding CXX object test/CMakeFiles/voxel_grid_tests.dir/voxel_grid_tests.cpp.o[0m
[108.821s] [ 80%] [32m[1mLinking CXX executable voxel_grid_tests[0m
[109.313s] [ 80%] Built target voxel_grid_tests
[109.399s] [ 90%] [32mBuilding CXX object test/CMakeFiles/voxel_grid_bresenham_3d.dir/voxel_grid_bresenham_3d.cpp.o[0m
[129.321s] [100%] [32m[1mLinking CXX executable voxel_grid_bresenham_3d[0m
[129.833s] [100%] Built target voxel_grid_bresenham_3d
[129.881s] Invoked command in '/home/ubuntu/turtlebot3_ws/src/build/nav2_voxel_grid' returned '0': /usr/bin/cmake --build /home/ubuntu/turtlebot3_ws/src/build/nav2_voxel_grid -- -j4 -l4
[129.891s] Invoking command in '/home/ubuntu/turtlebot3_ws/src/build/nav2_voxel_grid': /usr/bin/cmake --install /home/ubuntu/turtlebot3_ws/src/build/nav2_voxel_grid
[129.921s] -- Install configuration: "Release"
[129.923s] -- Execute custom install script
[129.926s] -- Symlinking: /home/ubuntu/turtlebot3_ws/src/install/nav2_voxel_grid/lib/libvoxel_grid.so
[129.964s] -- Symlinking: /home/ubuntu/turtlebot3_ws/src/install/nav2_voxel_grid/include/nav2_voxel_grid/voxel_grid.hpp
[130.015s] -- Symlinking: /home/ubuntu/turtlebot3_ws/src/install/nav2_voxel_grid/share/nav2_voxel_grid/environment/library_path.sh
[130.051s] -- Symlinking: /home/ubuntu/turtlebot3_ws/src/install/nav2_voxel_grid/share/nav2_voxel_grid/environment/library_path.dsv
[130.089s] -- Symlinking: /home/ubuntu/turtlebot3_ws/src/install/nav2_voxel_grid/share/ament_index/resource_index/package_run_dependencies/nav2_voxel_grid
[130.124s] -- Symlinking: /home/ubuntu/turtlebot3_ws/src/install/nav2_voxel_grid/share/ament_index/resource_index/parent_prefix_path/nav2_voxel_grid
[130.161s] -- Symlinking: /home/ubuntu/turtlebot3_ws/src/install/nav2_voxel_grid/share/nav2_voxel_grid/environment/ament_prefix_path.sh
[130.195s] -- Symlinking: /home/ubuntu/turtlebot3_ws/src/install/nav2_voxel_grid/share/nav2_voxel_grid/environment/ament_prefix_path.dsv
[130.231s] -- Symlinking: /home/ubuntu/turtlebot3_ws/src/install/nav2_voxel_grid/share/nav2_voxel_grid/environment/path.sh
[130.267s] -- Symlinking: /home/ubuntu/turtlebot3_ws/src/install/nav2_voxel_grid/share/nav2_voxel_grid/environment/path.dsv
[130.303s] -- Symlinking: /home/ubuntu/turtlebot3_ws/src/install/nav2_voxel_grid/share/nav2_voxel_grid/local_setup.bash
[130.337s] -- Symlinking: /home/ubuntu/turtlebot3_ws/src/install/nav2_voxel_grid/share/nav2_voxel_grid/local_setup.sh
[130.373s] -- Symlinking: /home/ubuntu/turtlebot3_ws/src/install/nav2_voxel_grid/share/nav2_voxel_grid/local_setup.zsh
[130.412s] -- Symlinking: /home/ubuntu/turtlebot3_ws/src/install/nav2_voxel_grid/share/nav2_voxel_grid/local_setup.dsv
[130.451s] -- Symlinking: /home/ubuntu/turtlebot3_ws/src/install/nav2_voxel_grid/share/nav2_voxel_grid/package.dsv
[130.491s] -- Symlinking: /home/ubuntu/turtlebot3_ws/src/install/nav2_voxel_grid/share/ament_index/resource_index/packages/nav2_voxel_grid
[130.530s] -- Symlinking: /home/ubuntu/turtlebot3_ws/src/install/nav2_voxel_grid/share/nav2_voxel_grid/cmake/ament_cmake_export_dependencies-extras.cmake
[130.570s] -- Symlinking: /home/ubuntu/turtlebot3_ws/src/install/nav2_voxel_grid/share/nav2_voxel_grid/cmake/ament_cmake_export_include_directories-extras.cmake
[130.608s] -- Symlinking: /home/ubuntu/turtlebot3_ws/src/install/nav2_voxel_grid/share/nav2_voxel_grid/cmake/ament_cmake_export_libraries-extras.cmake
[130.648s] -- Symlinking: /home/ubuntu/turtlebot3_ws/src/install/nav2_voxel_grid/share/nav2_voxel_grid/cmake/nav2_voxel_gridConfig.cmake
[130.691s] -- Symlinking: /home/ubuntu/turtlebot3_ws/src/install/nav2_voxel_grid/share/nav2_voxel_grid/cmake/nav2_voxel_gridConfig-version.cmake
[130.732s] -- Symlinking: /home/ubuntu/turtlebot3_ws/src/install/nav2_voxel_grid/share/nav2_voxel_grid/package.xml
[130.785s] Invoked command in '/home/ubuntu/turtlebot3_ws/src/build/nav2_voxel_grid' returned '0': /usr/bin/cmake --install /home/ubuntu/turtlebot3_ws/src/build/nav2_voxel_grid
