[0.058s] Invoking command in '/home/ubuntu/turtlebot3_ws/src/build/turtlebot3_bringup': /usr/bin/cmake --build /home/ubuntu/turtlebot3_ws/src/build/turtlebot3_bringup -- -j4 -l4
[0.171s] -- Found ament_cmake: 1.3.11 (/opt/ros/humble/share/ament_cmake/cmake)
[1.064s] -- Configuring done
[1.090s] -- Generating done
[1.103s] -- Build files have been written to: /home/ubuntu/turtlebot3_ws/src/build/turtlebot3_bringup
[1.182s] Invoked command in '/home/ubuntu/turtlebot3_ws/src/build/turtlebot3_bringup' returned '0': /usr/bin/cmake --build /home/ubuntu/turtlebot3_ws/src/build/turtlebot3_bringup -- -j4 -l4
[1.222s] Invoking command in '/home/ubuntu/turtlebot3_ws/src/build/turtlebot3_bringup': /usr/bin/cmake --install /home/ubuntu/turtlebot3_ws/src/build/turtlebot3_bringup
[1.249s] -- Install configuration: ""
[1.249s] -- Up-to-date: /home/ubuntu/turtlebot3_ws/src/install/turtlebot3_bringup/share/turtlebot3_bringup/launch
[1.250s] -- Up-to-date: /home/ubuntu/turtlebot3_ws/src/install/turtlebot3_bringup/share/turtlebot3_bringup/launch/turtlebot3_state_publisher.launch.py
[1.251s] -- Up-to-date: /home/ubuntu/turtlebot3_ws/src/install/turtlebot3_bringup/share/turtlebot3_bringup/launch/rviz2.launch.py
[1.251s] -- Installing: /home/ubuntu/turtlebot3_ws/src/install/turtlebot3_bringup/share/turtlebot3_bringup/launch/robot.launch.py
[1.252s] -- Up-to-date: /home/ubuntu/turtlebot3_ws/src/install/turtlebot3_bringup/share/turtlebot3_bringup/param
[1.253s] -- Up-to-date: /home/ubuntu/turtlebot3_ws/src/install/turtlebot3_bringup/share/turtlebot3_bringup/param/waffle_pi.yaml
[1.254s] -- Up-to-date: /home/ubuntu/turtlebot3_ws/src/install/turtlebot3_bringup/share/turtlebot3_bringup/param/waffle.yaml
[1.254s] -- Up-to-date: /home/ubuntu/turtlebot3_ws/src/install/turtlebot3_bringup/share/turtlebot3_bringup/param/burger.yaml
[1.254s] -- Up-to-date: /home/ubuntu/turtlebot3_ws/src/install/turtlebot3_bringup/share/turtlebot3_bringup/script
[1.255s] -- Up-to-date: /home/ubuntu/turtlebot3_ws/src/install/turtlebot3_bringup/share/turtlebot3_bringup/script/create_udev_rules
[1.255s] -- Up-to-date: /home/ubuntu/turtlebot3_ws/src/install/turtlebot3_bringup/share/turtlebot3_bringup/script/99-turtlebot3-cdc.rules
[1.256s] -- Installing: /home/ubuntu/turtlebot3_ws/src/install/turtlebot3_bringup/share/turtlebot3_bringup/nav2_params.yaml
[1.259s] -- Up-to-date: /home/ubuntu/turtlebot3_ws/src/install/turtlebot3_bringup/share/ament_index/resource_index/package_run_dependencies/turtlebot3_bringup
[1.259s] -- Installing: /home/ubuntu/turtlebot3_ws/src/install/turtlebot3_bringup/share/ament_index/resource_index/parent_prefix_path/turtlebot3_bringup
[1.262s] -- Up-to-date: /home/ubuntu/turtlebot3_ws/src/install/turtlebot3_bringup/share/turtlebot3_bringup/environment/ament_prefix_path.sh
[1.262s] -- Installing: /home/ubuntu/turtlebot3_ws/src/install/turtlebot3_bringup/share/turtlebot3_bringup/environment/ament_prefix_path.dsv
[1.264s] -- Up-to-date: /home/ubuntu/turtlebot3_ws/src/install/turtlebot3_bringup/share/turtlebot3_bringup/environment/path.sh
[1.264s] -- Installing: /home/ubuntu/turtlebot3_ws/src/install/turtlebot3_bringup/share/turtlebot3_bringup/environment/path.dsv
[1.266s] -- Up-to-date: /home/ubuntu/turtlebot3_ws/src/install/turtlebot3_bringup/share/turtlebot3_bringup/local_setup.bash
[1.266s] -- Up-to-date: /home/ubuntu/turtlebot3_ws/src/install/turtlebot3_bringup/share/turtlebot3_bringup/local_setup.sh
[1.267s] -- Up-to-date: /home/ubuntu/turtlebot3_ws/src/install/turtlebot3_bringup/share/turtlebot3_bringup/local_setup.zsh
[1.267s] -- Installing: /home/ubuntu/turtlebot3_ws/src/install/turtlebot3_bringup/share/turtlebot3_bringup/local_setup.dsv
[1.268s] -- Installing: /home/ubuntu/turtlebot3_ws/src/install/turtlebot3_bringup/share/turtlebot3_bringup/package.dsv
[1.271s] -- Up-to-date: /home/ubuntu/turtlebot3_ws/src/install/turtlebot3_bringup/share/ament_index/resource_index/packages/turtlebot3_bringup
[1.272s] -- Up-to-date: /home/ubuntu/turtlebot3_ws/src/install/turtlebot3_bringup/share/turtlebot3_bringup/cmake/turtlebot3_bringupConfig.cmake
[1.272s] -- Up-to-date: /home/ubuntu/turtlebot3_ws/src/install/turtlebot3_bringup/share/turtlebot3_bringup/cmake/turtlebot3_bringupConfig-version.cmake
[1.273s] -- Up-to-date: /home/ubuntu/turtlebot3_ws/src/install/turtlebot3_bringup/share/turtlebot3_bringup/package.xml
[1.278s] Invoked command in '/home/ubuntu/turtlebot3_ws/src/build/turtlebot3_bringup' returned '0': /usr/bin/cmake --install /home/ubuntu/turtlebot3_ws/src/build/turtlebot3_bringup
