[0.009s] Invoking command in '/home/rex/CDE2310TurtlebotLocal/turtlebot3/my_new_node/build/my_new_node': CMAKE_PREFIX_PATH=${CMAKE_PREFIX_PATH}:/home/rex/colcon_ws/install/auto_nav:/home/rex/colcon_ws/src/install/py_pubsub:/home/rex/colcon_ws/src/install/nav2_gps_waypoint_follower_demo:/home/rex/colcon_ws/src/install/auto_nav:/home/rex/turtlebot3_ws/install/turtlebot3_teleop:/home/rex/turtlebot3_ws/install/turtlebot3_example:/opt/ros/humble CONDA_PROMPT_MODIFIER=(base) /usr/bin/cmake /home/rex/CDE2310TurtlebotLocal/turtlebot3/my_new_node -DAMENT_CMAKE_SYMLINK_INSTALL=1 -DCMAKE_INSTALL_PREFIX=/home/rex/CDE2310TurtlebotLocal/turtlebot3/my_new_node/install/my_new_node
[0.117s] -- The C compiler identification is GNU 11.4.0
[0.198s] -- The CXX compiler identification is GNU 11.4.0
[0.205s] -- Detecting C compiler ABI info
[0.295s] -- Detecting C compiler ABI info - done
[0.304s] -- Check for working C compiler: /usr/bin/cc - skipped
[0.306s] -- Detecting C compile features
[0.306s] -- Detecting C compile features - done
[0.309s] -- Detecting CXX compiler ABI info
[0.403s] -- Detecting CXX compiler ABI info - done
[0.415s] -- Check for working CXX compiler: /usr/bin/c++ - skipped
[0.415s] -- Detecting CXX compile features
[0.416s] -- Detecting CXX compile features - done
[0.426s] -- Found ament_cmake: 1.3.11 (/opt/ros/humble/share/ament_cmake/cmake)
[0.760s] -- Found Python3: /home/rex/miniconda3/bin/python3 (found version "3.12.8") found components: Interpreter 
[0.830s] -- Override CMake install command with custom implementation using symlinks instead of copying resources
[0.869s] -- Found rclcpp: 16.0.11 (/opt/ros/humble/share/rclcpp/cmake)
[0.917s] -- Found rosidl_generator_c: 3.1.6 (/opt/ros/humble/share/rosidl_generator_c/cmake)
[0.923s] -- Found rosidl_adapter: 3.1.6 (/opt/ros/humble/share/rosidl_adapter/cmake)
[0.932s] -- Found rosidl_generator_cpp: 3.1.6 (/opt/ros/humble/share/rosidl_generator_cpp/cmake)
[0.944s] -- Using all available rosidl_typesupport_c: rosidl_typesupport_fastrtps_c;rosidl_typesupport_introspection_c
[0.960s] -- Using all available rosidl_typesupport_cpp: rosidl_typesupport_fastrtps_cpp;rosidl_typesupport_introspection_cpp
[1.005s] -- Found rmw_implementation_cmake: 6.1.2 (/opt/ros/humble/share/rmw_implementation_cmake/cmake)
[1.009s] -- Found rmw_fastrtps_cpp: 6.2.7 (/opt/ros/humble/share/rmw_fastrtps_cpp/cmake)
[1.113s] -- Found OpenSSL: /usr/lib/x86_64-linux-gnu/libcrypto.so (found version "3.0.2")  
[1.151s] -- Found FastRTPS: /opt/ros/humble/include  
[1.196s] -- Using RMW implementation 'rmw_fastrtps_cpp' as default
[1.207s] -- Looking for pthread.h
[1.290s] -- Looking for pthread.h - found
[1.290s] -- Performing Test CMAKE_HAVE_LIBC_PTHREAD
[1.389s] -- Performing Test CMAKE_HAVE_LIBC_PTHREAD - Success
[1.390s] -- Found Threads: TRUE  
[1.439s] -- Found ament_lint_auto: 0.12.11 (/opt/ros/humble/share/ament_lint_auto/cmake)
[1.459s] Traceback (most recent call last):
[1.459s]   File "/opt/ros/humble/share/ament_cmake_core/cmake/core/package_xml_2_cmake.py", line 22, in <module>
[1.459s]     from catkin_pkg.package import parse_package_string
[1.459s] ModuleNotFoundError: No module named 'catkin_pkg'
[1.462s] [31mCMake Error at /opt/ros/humble/share/ament_cmake_core/cmake/core/ament_package_xml.cmake:95 (message):
[1.462s]   execute_process(/home/rex/miniconda3/bin/python3
[1.462s]   /opt/ros/humble/share/ament_cmake_core/cmake/core/package_xml_2_cmake.py
[1.462s]   /home/rex/CDE2310TurtlebotLocal/turtlebot3/my_new_node/package.xml
[1.462s]   /home/rex/CDE2310TurtlebotLocal/turtlebot3/my_new_node/build/my_new_node/ament_cmake_core/package.cmake)
[1.462s]   returned error code 1
[1.462s] Call Stack (most recent call first):
[1.462s]   /opt/ros/humble/share/ament_cmake_core/cmake/core/ament_package_xml.cmake:49 (_ament_package_xml)
[1.462s]   /opt/ros/humble/share/ament_lint_auto/cmake/ament_lint_auto_find_test_dependencies.cmake:31 (ament_package_xml)
[1.462s]   CMakeLists.txt:25 (ament_lint_auto_find_test_dependencies)
[1.462s] 
[1.462s] [0m
[1.463s] -- Configuring incomplete, errors occurred!
[1.463s] See also "/home/rex/CDE2310TurtlebotLocal/turtlebot3/my_new_node/build/my_new_node/CMakeFiles/CMakeOutput.log".
[1.469s] Invoked command in '/home/rex/CDE2310TurtlebotLocal/turtlebot3/my_new_node/build/my_new_node' returned '1': CMAKE_PREFIX_PATH=${CMAKE_PREFIX_PATH}:/home/rex/colcon_ws/install/auto_nav:/home/rex/colcon_ws/src/install/py_pubsub:/home/rex/colcon_ws/src/install/nav2_gps_waypoint_follower_demo:/home/rex/colcon_ws/src/install/auto_nav:/home/rex/turtlebot3_ws/install/turtlebot3_teleop:/home/rex/turtlebot3_ws/install/turtlebot3_example:/opt/ros/humble CONDA_PROMPT_MODIFIER=(base) /usr/bin/cmake /home/rex/CDE2310TurtlebotLocal/turtlebot3/my_new_node -DAMENT_CMAKE_SYMLINK_INSTALL=1 -DCMAKE_INSTALL_PREFIX=/home/rex/CDE2310TurtlebotLocal/turtlebot3/my_new_node/install/my_new_node
