[0.071s] DEBUG:colcon:Command line arguments: ['/usr/bin/colcon', 'build', '--packages-select', 'my_new_node', '--symlink-install']
[0.071s] DEBUG:colcon:Parsed command line arguments: Namespace(log_base=None, log_level=None, verb_name='build', build_base='build', install_base='install', merge_install=False, symlink_install=True, test_result_base=None, continue_on_error=False, executor='parallel', parallel_workers=12, event_handlers=None, ignore_user_meta=False, metas=['./colcon.meta'], base_paths=['.'], packages_ignore=None, packages_ignore_regex=None, paths=None, packages_up_to=None, packages_up_to_regex=None, packages_above=None, packages_above_and_dependencies=None, packages_above_depth=None, packages_select_by_dep=None, packages_skip_by_dep=None, packages_skip_up_to=None, packages_select_build_failed=False, packages_skip_build_finished=False, packages_select_test_failures=False, packages_skip_test_passed=False, packages_select=['my_new_node'], packages_skip=None, packages_select_regex=None, packages_skip_regex=None, packages_start=None, packages_end=None, allow_overriding=[], cmake_args=None, cmake_target=None, cmake_target_skip_unavailable=False, cmake_clean_cache=False, cmake_clean_first=False, cmake_force_configure=False, ament_cmake_args=None, catkin_cmake_args=None, catkin_skip_building_tests=False, mixin_files=None, mixin=None, verb_parser=<colcon_mixin.mixin.mixin_argument.MixinArgumentDecorator object at 0x710c5077cc40>, verb_extension=<colcon_core.verb.build.BuildVerb object at 0x710c50702440>, main=<bound method BuildVerb.main of <colcon_core.verb.build.BuildVerb object at 0x710c50702440>>, mixin_verb=('build',))
[0.180s] Level 1:colcon.colcon_core.package_discovery:discover_packages(colcon_meta) check parameters
[0.180s] Level 1:colcon.colcon_core.package_discovery:discover_packages(recursive) check parameters
[0.180s] Level 1:colcon.colcon_core.package_discovery:discover_packages(ignore) check parameters
[0.180s] Level 1:colcon.colcon_core.package_discovery:discover_packages(path) check parameters
[0.180s] Level 1:colcon.colcon_core.package_discovery:discover_packages(colcon_meta) discover
[0.180s] Level 1:colcon.colcon_core.package_discovery:discover_packages(recursive) discover
[0.180s] INFO:colcon.colcon_core.package_discovery:Crawling recursively for packages in '/home/rex/CDE2310TurtlebotLocal/turtlebot3/my_new_node'
[0.180s] Level 1:colcon.colcon_core.package_identification:_identify(.) by extensions ['ignore', 'ignore_ament_install']
[0.180s] Level 1:colcon.colcon_core.package_identification:_identify(.) by extension 'ignore'
[0.180s] Level 1:colcon.colcon_core.package_identification:_identify(.) by extension 'ignore_ament_install'
[0.180s] Level 1:colcon.colcon_core.package_identification:_identify(.) by extensions ['colcon_pkg']
[0.180s] Level 1:colcon.colcon_core.package_identification:_identify(.) by extension 'colcon_pkg'
[0.180s] Level 1:colcon.colcon_core.package_identification:_identify(.) by extensions ['colcon_meta']
[0.180s] Level 1:colcon.colcon_core.package_identification:_identify(.) by extension 'colcon_meta'
[0.180s] Level 1:colcon.colcon_core.package_identification:_identify(.) by extensions ['ros']
[0.180s] Level 1:colcon.colcon_core.package_identification:_identify(.) by extension 'ros'
[0.194s] DEBUG:colcon.colcon_core.package_identification:Package '.' with type 'ros.ament_cmake' and name 'my_new_node'
[0.194s] Level 1:colcon.colcon_core.package_discovery:discover_packages(recursive) using defaults
[0.194s] Level 1:colcon.colcon_core.package_discovery:discover_packages(ignore) discover
[0.195s] Level 1:colcon.colcon_core.package_discovery:discover_packages(ignore) using defaults
[0.195s] Level 1:colcon.colcon_core.package_discovery:discover_packages(path) discover
[0.195s] Level 1:colcon.colcon_core.package_discovery:discover_packages(path) using defaults
[0.208s] Level 1:colcon.colcon_core.package_discovery:discover_packages(prefix_path) check parameters
[0.208s] Level 1:colcon.colcon_core.package_discovery:discover_packages(prefix_path) discover
[0.209s] DEBUG:colcon.colcon_installed_package_information.package_discovery:Found 6 installed packages in /home/rex/colcon_ws/install
[0.209s] DEBUG:colcon.colcon_installed_package_information.package_discovery:Found 7 installed packages in /home/rex/colcon_ws/src/install
[0.210s] DEBUG:colcon.colcon_installed_package_information.package_discovery:Found 15 installed packages in /home/rex/turtlebot3_ws/install
[0.211s] DEBUG:colcon.colcon_installed_package_information.package_discovery:Found 378 installed packages in /opt/ros/humble
[0.212s] Level 1:colcon.colcon_core.package_discovery:discover_packages(prefix_path) using defaults
[0.239s] Level 5:colcon.colcon_core.verb:set package 'my_new_node' build argument 'cmake_args' from command line to 'None'
[0.239s] Level 5:colcon.colcon_core.verb:set package 'my_new_node' build argument 'cmake_target' from command line to 'None'
[0.239s] Level 5:colcon.colcon_core.verb:set package 'my_new_node' build argument 'cmake_target_skip_unavailable' from command line to 'False'
[0.239s] Level 5:colcon.colcon_core.verb:set package 'my_new_node' build argument 'cmake_clean_cache' from command line to 'False'
[0.239s] Level 5:colcon.colcon_core.verb:set package 'my_new_node' build argument 'cmake_clean_first' from command line to 'False'
[0.239s] Level 5:colcon.colcon_core.verb:set package 'my_new_node' build argument 'cmake_force_configure' from command line to 'False'
[0.239s] Level 5:colcon.colcon_core.verb:set package 'my_new_node' build argument 'ament_cmake_args' from command line to 'None'
[0.239s] Level 5:colcon.colcon_core.verb:set package 'my_new_node' build argument 'catkin_cmake_args' from command line to 'None'
[0.239s] Level 5:colcon.colcon_core.verb:set package 'my_new_node' build argument 'catkin_skip_building_tests' from command line to 'False'
[0.239s] DEBUG:colcon.colcon_core.verb:Building package 'my_new_node' with the following arguments: {'ament_cmake_args': None, 'build_base': '/home/rex/CDE2310TurtlebotLocal/turtlebot3/my_new_node/build/my_new_node', 'catkin_cmake_args': None, 'catkin_skip_building_tests': False, 'cmake_args': None, 'cmake_clean_cache': False, 'cmake_clean_first': False, 'cmake_force_configure': False, 'cmake_target': None, 'cmake_target_skip_unavailable': False, 'install_base': '/home/rex/CDE2310TurtlebotLocal/turtlebot3/my_new_node/install/my_new_node', 'merge_install': False, 'path': '/home/rex/CDE2310TurtlebotLocal/turtlebot3/my_new_node', 'symlink_install': True, 'test_result_base': None}
[0.239s] INFO:colcon.colcon_core.executor:Executing jobs using 'parallel' executor
[0.240s] DEBUG:colcon.colcon_parallel_executor.executor.parallel:run_until_complete
[0.241s] INFO:colcon.colcon_ros.task.ament_cmake.build:Building ROS package in '/home/rex/CDE2310TurtlebotLocal/turtlebot3/my_new_node' with build type 'ament_cmake'
[0.241s] INFO:colcon.colcon_cmake.task.cmake.build:Building CMake package in '/home/rex/CDE2310TurtlebotLocal/turtlebot3/my_new_node'
[0.242s] INFO:colcon.colcon_core.plugin_system:Skipping extension 'colcon_core.shell.bat': Not used on non-Windows systems
[0.242s] INFO:colcon.colcon_core.shell:Skip shell extension 'powershell' for command environment: Not usable outside of PowerShell
[0.242s] DEBUG:colcon.colcon_core.shell:Skip shell extension 'dsv' for command environment
[0.250s] DEBUG:colcon.colcon_core.event_handler.log_command:Invoking command in '/home/rex/CDE2310TurtlebotLocal/turtlebot3/my_new_node/build/my_new_node': CMAKE_PREFIX_PATH=${CMAKE_PREFIX_PATH}:/home/rex/colcon_ws/install/auto_nav:/home/rex/colcon_ws/src/install/py_pubsub:/home/rex/colcon_ws/src/install/nav2_gps_waypoint_follower_demo:/home/rex/colcon_ws/src/install/auto_nav:/home/rex/turtlebot3_ws/install/turtlebot3_teleop:/home/rex/turtlebot3_ws/install/turtlebot3_example:/opt/ros/humble CONDA_PROMPT_MODIFIER=(base) /usr/bin/cmake /home/rex/CDE2310TurtlebotLocal/turtlebot3/my_new_node -DAMENT_CMAKE_SYMLINK_INSTALL=1 -DCMAKE_INSTALL_PREFIX=/home/rex/CDE2310TurtlebotLocal/turtlebot3/my_new_node/install/my_new_node
[1.710s] DEBUG:colcon.colcon_core.event_handler.log_command:Invoked command in '/home/rex/CDE2310TurtlebotLocal/turtlebot3/my_new_node/build/my_new_node' returned '1': CMAKE_PREFIX_PATH=${CMAKE_PREFIX_PATH}:/home/rex/colcon_ws/install/auto_nav:/home/rex/colcon_ws/src/install/py_pubsub:/home/rex/colcon_ws/src/install/nav2_gps_waypoint_follower_demo:/home/rex/colcon_ws/src/install/auto_nav:/home/rex/turtlebot3_ws/install/turtlebot3_teleop:/home/rex/turtlebot3_ws/install/turtlebot3_example:/opt/ros/humble CONDA_PROMPT_MODIFIER=(base) /usr/bin/cmake /home/rex/CDE2310TurtlebotLocal/turtlebot3/my_new_node -DAMENT_CMAKE_SYMLINK_INSTALL=1 -DCMAKE_INSTALL_PREFIX=/home/rex/CDE2310TurtlebotLocal/turtlebot3/my_new_node/install/my_new_node
[1.721s] Level 1:colcon.colcon_core.environment:create_environment_scripts_only(my_new_node)
[1.722s] Level 1:colcon.colcon_core.environment:checking '/home/rex/CDE2310TurtlebotLocal/turtlebot3/my_new_node/install/my_new_node' for CMake module files
[1.722s] Level 1:colcon.colcon_core.environment:checking '/home/rex/CDE2310TurtlebotLocal/turtlebot3/my_new_node/install/my_new_node' for CMake config files
[1.722s] Level 1:colcon.colcon_core.environment:checking '/home/rex/CDE2310TurtlebotLocal/turtlebot3/my_new_node/install/my_new_node/bin'
[1.722s] Level 1:colcon.colcon_core.environment:checking '/home/rex/CDE2310TurtlebotLocal/turtlebot3/my_new_node/install/my_new_node/lib/pkgconfig/my_new_node.pc'
[1.723s] Level 1:colcon.colcon_core.environment:checking '/home/rex/CDE2310TurtlebotLocal/turtlebot3/my_new_node/install/my_new_node/lib/python3.10/site-packages'
[1.723s] Level 1:colcon.colcon_core.environment:checking '/home/rex/CDE2310TurtlebotLocal/turtlebot3/my_new_node/install/my_new_node/bin'
[1.723s] INFO:colcon.colcon_core.shell:Creating package script '/home/rex/CDE2310TurtlebotLocal/turtlebot3/my_new_node/install/my_new_node/share/my_new_node/package.ps1'
[1.723s] INFO:colcon.colcon_core.shell:Creating package descriptor '/home/rex/CDE2310TurtlebotLocal/turtlebot3/my_new_node/install/my_new_node/share/my_new_node/package.dsv'
[1.724s] INFO:colcon.colcon_core.shell:Creating package script '/home/rex/CDE2310TurtlebotLocal/turtlebot3/my_new_node/install/my_new_node/share/my_new_node/package.sh'
[1.724s] INFO:colcon.colcon_core.shell:Creating package script '/home/rex/CDE2310TurtlebotLocal/turtlebot3/my_new_node/install/my_new_node/share/my_new_node/package.bash'
[1.724s] INFO:colcon.colcon_core.shell:Creating package script '/home/rex/CDE2310TurtlebotLocal/turtlebot3/my_new_node/install/my_new_node/share/my_new_node/package.zsh'
[1.725s] Level 1:colcon.colcon_core.environment:create_file_with_runtime_dependencies(/home/rex/CDE2310TurtlebotLocal/turtlebot3/my_new_node/install/my_new_node/share/colcon-core/packages/my_new_node)
[1.735s] DEBUG:colcon.colcon_parallel_executor.executor.parallel:closing loop
[1.735s] DEBUG:colcon.colcon_parallel_executor.executor.parallel:loop closed
[1.735s] DEBUG:colcon.colcon_parallel_executor.executor.parallel:run_until_complete finished with '1'
[1.735s] DEBUG:colcon.colcon_core.event_reactor:joining thread
[1.744s] INFO:colcon.colcon_core.plugin_system:Skipping extension 'colcon_notification.desktop_notification.terminal_notifier': Not used on non-Darwin systems
[1.744s] INFO:colcon.colcon_core.plugin_system:Skipping extension 'colcon_notification.desktop_notification.win32': Not used on non-Windows systems
[1.745s] INFO:colcon.colcon_notification.desktop_notification:Sending desktop notification using 'notify2'
[1.761s] DEBUG:colcon.colcon_core.event_reactor:joined thread
[1.762s] INFO:colcon.colcon_core.shell:Creating prefix script '/home/rex/CDE2310TurtlebotLocal/turtlebot3/my_new_node/install/local_setup.ps1'
[1.763s] INFO:colcon.colcon_core.shell:Creating prefix util module '/home/rex/CDE2310TurtlebotLocal/turtlebot3/my_new_node/install/_local_setup_util_ps1.py'
[1.764s] INFO:colcon.colcon_core.shell:Creating prefix chain script '/home/rex/CDE2310TurtlebotLocal/turtlebot3/my_new_node/install/setup.ps1'
[1.766s] INFO:colcon.colcon_core.shell:Creating prefix script '/home/rex/CDE2310TurtlebotLocal/turtlebot3/my_new_node/install/local_setup.sh'
[1.766s] INFO:colcon.colcon_core.shell:Creating prefix util module '/home/rex/CDE2310TurtlebotLocal/turtlebot3/my_new_node/install/_local_setup_util_sh.py'
[1.766s] INFO:colcon.colcon_core.shell:Creating prefix chain script '/home/rex/CDE2310TurtlebotLocal/turtlebot3/my_new_node/install/setup.sh'
[1.767s] INFO:colcon.colcon_core.shell:Creating prefix script '/home/rex/CDE2310TurtlebotLocal/turtlebot3/my_new_node/install/local_setup.bash'
[1.768s] INFO:colcon.colcon_core.shell:Creating prefix chain script '/home/rex/CDE2310TurtlebotLocal/turtlebot3/my_new_node/install/setup.bash'
[1.769s] INFO:colcon.colcon_core.shell:Creating prefix script '/home/rex/CDE2310TurtlebotLocal/turtlebot3/my_new_node/install/local_setup.zsh'
[1.769s] INFO:colcon.colcon_core.shell:Creating prefix chain script '/home/rex/CDE2310TurtlebotLocal/turtlebot3/my_new_node/install/setup.zsh'
