[0.084s] Invoking command in '/home/ubuntu/turtlebot3_ws/src/build/turtlebot3_bringup': CMAKE_PREFIX_PATH=${CMAKE_PREFIX_PATH}:/home/ubuntu/turtlebot3_ws/src/install/nav2_simple_commander /usr/bin/cmake /home/ubuntu/turtlebot3_ws/src/turtlebot3/turtlebot3_bringup -DAMENT_CMAKE_SYMLINK_INSTALL=1 -DCMAKE_INSTALL_PREFIX=/home/ubuntu/turtlebot3_ws/src/install/turtlebot3_bringup
[0.174s] -- Found ament_cmake: 1.3.11 (/opt/ros/humble/share/ament_cmake/cmake)
[0.831s] -- Override CMake install command with custom implementation using symlinks instead of copying resources
[1.199s] -- Configuring done
[1.216s] -- Generating done
[1.224s] -- Build files have been written to: /home/ubuntu/turtlebot3_ws/src/build/turtlebot3_bringup
[1.231s] Invoked command in '/home/ubuntu/turtlebot3_ws/src/build/turtlebot3_bringup' returned '0': CMAKE_PREFIX_PATH=${CMAKE_PREFIX_PATH}:/home/ubuntu/turtlebot3_ws/src/install/nav2_simple_commander /usr/bin/cmake /home/ubuntu/turtlebot3_ws/src/turtlebot3/turtlebot3_bringup -DAMENT_CMAKE_SYMLINK_INSTALL=1 -DCMAKE_INSTALL_PREFIX=/home/ubuntu/turtlebot3_ws/src/install/turtlebot3_bringup
[1.241s] Invoking command in '/home/ubuntu/turtlebot3_ws/src/build/turtlebot3_bringup': CMAKE_PREFIX_PATH=${CMAKE_PREFIX_PATH}:/home/ubuntu/turtlebot3_ws/src/install/nav2_simple_commander /usr/bin/cmake --build /home/ubuntu/turtlebot3_ws/src/build/turtlebot3_bringup -- -j4 -l4
[1.521s] Invoked command in '/home/ubuntu/turtlebot3_ws/src/build/turtlebot3_bringup' returned '0': CMAKE_PREFIX_PATH=${CMAKE_PREFIX_PATH}:/home/ubuntu/turtlebot3_ws/src/install/nav2_simple_commander /usr/bin/cmake --build /home/ubuntu/turtlebot3_ws/src/build/turtlebot3_bringup -- -j4 -l4
[1.594s] Invoking command in '/home/ubuntu/turtlebot3_ws/src/build/turtlebot3_bringup': CMAKE_PREFIX_PATH=${CMAKE_PREFIX_PATH}:/home/ubuntu/turtlebot3_ws/src/install/nav2_simple_commander /usr/bin/cmake --install /home/ubuntu/turtlebot3_ws/src/build/turtlebot3_bringup
[1.651s] -- Install configuration: ""
[1.652s] -- Execute custom install script
[1.654s] -- Symlinking: /home/ubuntu/turtlebot3_ws/src/install/turtlebot3_bringup/share/turtlebot3_bringup/launch/robot.launch.py
[1.717s] -- Symlinking: /home/ubuntu/turtlebot3_ws/src/install/turtlebot3_bringup/share/turtlebot3_bringup/launch/rviz2.launch.py
[1.781s] -- Symlinking: /home/ubuntu/turtlebot3_ws/src/install/turtlebot3_bringup/share/turtlebot3_bringup/launch/turtlebot3_state_publisher.launch.py
[1.859s] -- Symlinking: /home/ubuntu/turtlebot3_ws/src/install/turtlebot3_bringup/share/turtlebot3_bringup/param/burger.yaml
[1.927s] -- Symlinking: /home/ubuntu/turtlebot3_ws/src/install/turtlebot3_bringup/share/turtlebot3_bringup/param/waffle.yaml
[1.989s] -- Symlinking: /home/ubuntu/turtlebot3_ws/src/install/turtlebot3_bringup/share/turtlebot3_bringup/param/waffle_pi.yaml
[2.051s] -- Symlinking: /home/ubuntu/turtlebot3_ws/src/install/turtlebot3_bringup/share/turtlebot3_bringup/script/99-turtlebot3-cdc.rules
[2.113s] -- Symlinking: /home/ubuntu/turtlebot3_ws/src/install/turtlebot3_bringup/share/turtlebot3_bringup/script/create_udev_rules
[2.177s] -- Symlinking: /home/ubuntu/turtlebot3_ws/src/install/turtlebot3_bringup/share/turtlebot3_bringup/nav2_params.yaml
[2.241s] -- Symlinking: /home/ubuntu/turtlebot3_ws/src/install/turtlebot3_bringup/share/ament_index/resource_index/package_run_dependencies/turtlebot3_bringup
[2.305s] -- Symlinking: /home/ubuntu/turtlebot3_ws/src/install/turtlebot3_bringup/share/ament_index/resource_index/parent_prefix_path/turtlebot3_bringup
[2.369s] -- Symlinking: /home/ubuntu/turtlebot3_ws/src/install/turtlebot3_bringup/share/turtlebot3_bringup/environment/ament_prefix_path.sh
[2.432s] -- Symlinking: /home/ubuntu/turtlebot3_ws/src/install/turtlebot3_bringup/share/turtlebot3_bringup/environment/ament_prefix_path.dsv
[2.493s] -- Symlinking: /home/ubuntu/turtlebot3_ws/src/install/turtlebot3_bringup/share/turtlebot3_bringup/environment/path.sh
[2.556s] -- Symlinking: /home/ubuntu/turtlebot3_ws/src/install/turtlebot3_bringup/share/turtlebot3_bringup/environment/path.dsv
[2.620s] -- Symlinking: /home/ubuntu/turtlebot3_ws/src/install/turtlebot3_bringup/share/turtlebot3_bringup/local_setup.bash
[2.685s] -- Symlinking: /home/ubuntu/turtlebot3_ws/src/install/turtlebot3_bringup/share/turtlebot3_bringup/local_setup.sh
[2.748s] -- Symlinking: /home/ubuntu/turtlebot3_ws/src/install/turtlebot3_bringup/share/turtlebot3_bringup/local_setup.zsh
[2.812s] -- Symlinking: /home/ubuntu/turtlebot3_ws/src/install/turtlebot3_bringup/share/turtlebot3_bringup/local_setup.dsv
[2.877s] -- Symlinking: /home/ubuntu/turtlebot3_ws/src/install/turtlebot3_bringup/share/turtlebot3_bringup/package.dsv
[2.939s] -- Symlinking: /home/ubuntu/turtlebot3_ws/src/install/turtlebot3_bringup/share/ament_index/resource_index/packages/turtlebot3_bringup
[3.002s] -- Symlinking: /home/ubuntu/turtlebot3_ws/src/install/turtlebot3_bringup/share/turtlebot3_bringup/cmake/turtlebot3_bringupConfig.cmake
[3.067s] -- Symlinking: /home/ubuntu/turtlebot3_ws/src/install/turtlebot3_bringup/share/turtlebot3_bringup/cmake/turtlebot3_bringupConfig-version.cmake
[3.130s] -- Symlinking: /home/ubuntu/turtlebot3_ws/src/install/turtlebot3_bringup/share/turtlebot3_bringup/package.xml
[3.202s] Invoked command in '/home/ubuntu/turtlebot3_ws/src/build/turtlebot3_bringup' returned '0': CMAKE_PREFIX_PATH=${CMAKE_PREFIX_PATH}:/home/ubuntu/turtlebot3_ws/src/install/nav2_simple_commander /usr/bin/cmake --install /home/ubuntu/turtlebot3_ws/src/build/turtlebot3_bringup
