[0.134s] Invoking command in '/home/ubuntu/turtlebot3_ws/src/build/nav2_lifecycle_manager': AMENT_PREFIX_PATH=/home/ubuntu/turtlebot3_ws/src/install/nav2_util:${AMENT_PREFIX_PATH} CMAKE_PREFIX_PATH=/home/ubuntu/turtlebot3_ws/src/install/nav2_util:${CMAKE_PREFIX_PATH} LD_LIBRARY_PATH=/home/ubuntu/turtlebot3_ws/src/install/nav2_util/lib:${LD_LIBRARY_PATH} /usr/bin/cmake /home/ubuntu/turtlebot3_ws/src/navigation2/nav2_lifecycle_manager -DAMENT_CMAKE_SYMLINK_INSTALL=1 -DCMAKE_INSTALL_PREFIX=/home/ubuntu/turtlebot3_ws/src/install/nav2_lifecycle_manager
[0.455s] -- The C compiler identification is GNU 11.4.0
[0.805s] -- The CXX compiler identification is GNU 11.4.0
[0.838s] -- Detecting C compiler ABI info
[1.264s] -- Detecting C compiler ABI info - done
[1.289s] -- Check for working C compiler: /usr/bin/cc - skipped
[1.290s] -- Detecting C compile features
[1.292s] -- Detecting C compile features - done
[1.305s] -- Detecting CXX compiler ABI info
[1.760s] -- Detecting CXX compiler ABI info - done
[1.791s] -- Check for working CXX compiler: /usr/bin/c++ - skipped
[1.792s] -- Detecting CXX compile features
[1.794s] -- Detecting CXX compile features - done
[1.841s] -- Found ament_cmake: 1.3.11 (/opt/ros/humble/share/ament_cmake/cmake)
[2.976s] -- Found Python3: /usr/bin/python3 (found version "3.10.12") found components: Interpreter 
[3.370s] -- Override CMake install command with custom implementation using symlinks instead of copying resources
[3.925s] -- Found geometry_msgs: 4.2.4 (/opt/ros/humble/share/geometry_msgs/cmake)
[4.422s] -- Found rosidl_generator_c: 3.1.6 (/opt/ros/humble/share/rosidl_generator_c/cmake)
[4.505s] -- Found rosidl_adapter: 3.1.6 (/opt/ros/humble/share/rosidl_adapter/cmake)
[4.604s] -- Found rosidl_generator_cpp: 3.1.6 (/opt/ros/humble/share/rosidl_generator_cpp/cmake)
[4.722s] -- Using all available rosidl_typesupport_c: rosidl_typesupport_fastrtps_c;rosidl_typesupport_introspection_c
[4.887s] -- Using all available rosidl_typesupport_cpp: rosidl_typesupport_fastrtps_cpp;rosidl_typesupport_introspection_cpp
[5.169s] -- Found lifecycle_msgs: 1.2.1 (/opt/ros/humble/share/lifecycle_msgs/cmake)
[5.317s] -- Found nav2_common: 1.1.18 (/home/ubuntu/turtlebot3_ws/install/nav2_common/share/nav2_common/cmake)
[5.358s] -- Found nav2_msgs: 1.1.18 (/opt/ros/humble/share/nav2_msgs/cmake)
[5.787s] -- Found nav2_util: 1.1.18 (/home/ubuntu/turtlebot3_ws/src/install/nav2_util/share/nav2_util/cmake)
[6.668s] -- Found rmw_implementation_cmake: 6.1.2 (/opt/ros/humble/share/rmw_implementation_cmake/cmake)
[6.714s] -- Found rmw_fastrtps_cpp: 6.2.7 (/opt/ros/humble/share/rmw_fastrtps_cpp/cmake)
[7.455s] -- Found OpenSSL: /usr/lib/aarch64-linux-gnu/libcrypto.so (found version "3.0.2")  
[7.732s] -- Found FastRTPS: /opt/ros/humble/include  
[8.192s] -- Using RMW implementation 'rmw_fastrtps_cpp' as default
[8.329s] -- Looking for pthread.h
[8.704s] -- Looking for pthread.h - found
[8.705s] -- Performing Test CMAKE_HAVE_LIBC_PTHREAD
[9.049s] -- Performing Test CMAKE_HAVE_LIBC_PTHREAD - Success
[9.053s] -- Found Threads: TRUE  
[9.931s] -- Found eigen3_cmake_module: 0.1.1 (/opt/ros/humble/share/eigen3_cmake_module/cmake)
[9.937s] -- Found Eigen3: TRUE (found version "3.4.0") 
[9.938s] -- Ensuring Eigen3 include directory is part of orocos-kdl CMake target
[10.322s] -- Found std_srvs: 4.2.4 (/opt/ros/humble/share/std_srvs/cmake)
[10.413s] -- Found diagnostic_updater: 4.0.2 (/opt/ros/humble/share/diagnostic_updater/cmake)
[10.609s] -- Setting build type to Release as none was specified.
[10.928s] -- Found ament_lint_auto: 0.12.11 (/opt/ros/humble/share/ament_lint_auto/cmake)
[11.872s] -- Found gtest sources under '/opt/ros/humble/src/gtest_vendor': C++ tests using 'Google Test' will be built
[12.153s] -- Added test 'copyright' to check source files copyright and LICENSE
[12.172s] -- Added test 'cppcheck' to perform static code analysis on C / C++ code
[12.174s] -- Configured cppcheck include dirs: /home/ubuntu/turtlebot3_ws/src/navigation2/nav2_lifecycle_manager/include
[12.175s] -- Configured cppcheck exclude dirs and/or files: 
[12.192s] -- Added test 'cpplint' to check C / C++ code against the Google style
[12.192s] -- Configured cpplint exclude dirs and/or files: 
[12.197s] -- Added test 'flake8' to check Python code syntax and style conventions
[12.204s] -- Added test 'lint_cmake' to check CMake code style
[12.211s] -- Added test 'pep257' to check Python code against some of the docstring style conventions in PEP 257
[12.231s] -- Added test 'uncrustify' to check C / C++ code style
[12.231s] -- Configured uncrustify additional arguments: 
[12.238s] -- Added test 'xmllint' to check XML markup files
[12.273s] -- Configuring done
[13.033s] -- Generating done
[13.100s] -- Build files have been written to: /home/ubuntu/turtlebot3_ws/src/build/nav2_lifecycle_manager
[13.186s] Invoked command in '/home/ubuntu/turtlebot3_ws/src/build/nav2_lifecycle_manager' returned '0': AMENT_PREFIX_PATH=/home/ubuntu/turtlebot3_ws/src/install/nav2_util:${AMENT_PREFIX_PATH} CMAKE_PREFIX_PATH=/home/ubuntu/turtlebot3_ws/src/install/nav2_util:${CMAKE_PREFIX_PATH} LD_LIBRARY_PATH=/home/ubuntu/turtlebot3_ws/src/install/nav2_util/lib:${LD_LIBRARY_PATH} /usr/bin/cmake /home/ubuntu/turtlebot3_ws/src/navigation2/nav2_lifecycle_manager -DAMENT_CMAKE_SYMLINK_INSTALL=1 -DCMAKE_INSTALL_PREFIX=/home/ubuntu/turtlebot3_ws/src/install/nav2_lifecycle_manager
[13.188s] Invoking command in '/home/ubuntu/turtlebot3_ws/src/build/nav2_lifecycle_manager': AMENT_PREFIX_PATH=/home/ubuntu/turtlebot3_ws/src/install/nav2_util:${AMENT_PREFIX_PATH} CMAKE_PREFIX_PATH=/home/ubuntu/turtlebot3_ws/src/install/nav2_util:${CMAKE_PREFIX_PATH} LD_LIBRARY_PATH=/home/ubuntu/turtlebot3_ws/src/install/nav2_util/lib:${LD_LIBRARY_PATH} /usr/bin/cmake --build /home/ubuntu/turtlebot3_ws/src/build/nav2_lifecycle_manager -- -j4 -l4
[13.679s] [  7%] [32mBuilding CXX object gtest/CMakeFiles/gtest_main.dir/src/gtest_main.cc.o[0m
[13.690s] [ 15%] [32mBuilding CXX object gtest/CMakeFiles/gtest.dir/src/gtest-all.cc.o[0m
[13.708s] [ 23%] [32mBuilding CXX object CMakeFiles/nav2_lifecycle_manager_core.dir/src/lifecycle_manager.cpp.o[0m
[13.727s] [ 30%] [32mBuilding CXX object CMakeFiles/nav2_lifecycle_manager_core.dir/src/lifecycle_manager_client.cpp.o[0m
[36.222s] [ 38%] [32m[1mLinking CXX static library libgtest_main.a[0m
[36.732s] [ 38%] Built target gtest_main
