[0.009s] Invoking command in '/home/rex/CDE2310TurtlebotLocal/turtlebot3/build/my_new_node': CMAKE_PREFIX_PATH=${CMAKE_PREFIX_PATH}:/home/rex/colcon_ws/install/auto_nav:/home/rex/colcon_ws/src/install/py_pubsub:/home/rex/colcon_ws/src/install/nav2_gps_waypoint_follower_demo:/home/rex/colcon_ws/src/install/auto_nav:/home/rex/turtlebot3_ws/install/turtlebot3_teleop:/home/rex/turtlebot3_ws/install/turtlebot3_example:/opt/ros/humble /usr/bin/cmake /home/rex/CDE2310TurtlebotLocal/turtlebot3/my_new_node -DAMENT_CMAKE_SYMLINK_INSTALL=1 -DCMAKE_INSTALL_PREFIX=/home/rex/CDE2310TurtlebotLocal/turtlebot3/install/my_new_node
[0.075s] -- The C compiler identification is GNU 11.4.0
[0.141s] -- The CXX compiler identification is GNU 11.4.0
[0.147s] -- Detecting C compiler ABI info
[0.214s] -- Detecting C compiler ABI info - done
[0.225s] -- Check for working C compiler: /usr/bin/cc - skipped
[0.225s] -- Detecting C compile features
[0.226s] -- Detecting C compile features - done
[0.230s] -- Detecting CXX compiler ABI info
[0.324s] -- Detecting CXX compiler ABI info - done
[0.330s] -- Check for working CXX compiler: /usr/bin/c++ - skipped
[0.330s] -- Detecting CXX compile features
[0.331s] -- Detecting CXX compile features - done
[0.334s] -- Found ament_cmake: 1.3.11 (/opt/ros/humble/share/ament_cmake/cmake)
[0.474s] -- Found Python3: /usr/bin/python3 (found version "3.10.12") found components: Interpreter 
[0.537s] -- Override CMake install command with custom implementation using symlinks instead of copying resources
[0.572s] -- Found rclcpp: 16.0.11 (/opt/ros/humble/share/rclcpp/cmake)
[0.610s] -- Found rosidl_generator_c: 3.1.6 (/opt/ros/humble/share/rosidl_generator_c/cmake)
[0.615s] -- Found rosidl_adapter: 3.1.6 (/opt/ros/humble/share/rosidl_adapter/cmake)
[0.622s] -- Found rosidl_generator_cpp: 3.1.6 (/opt/ros/humble/share/rosidl_generator_cpp/cmake)
[0.632s] -- Using all available rosidl_typesupport_c: rosidl_typesupport_fastrtps_c;rosidl_typesupport_introspection_c
[0.646s] -- Using all available rosidl_typesupport_cpp: rosidl_typesupport_fastrtps_cpp;rosidl_typesupport_introspection_cpp
[0.684s] -- Found rmw_implementation_cmake: 6.1.2 (/opt/ros/humble/share/rmw_implementation_cmake/cmake)
[0.687s] -- Found rmw_fastrtps_cpp: 6.2.7 (/opt/ros/humble/share/rmw_fastrtps_cpp/cmake)
[0.788s] -- Found OpenSSL: /usr/lib/x86_64-linux-gnu/libcrypto.so (found version "3.0.2")  
[0.817s] -- Found FastRTPS: /opt/ros/humble/include  
[0.860s] -- Using RMW implementation 'rmw_fastrtps_cpp' as default
[0.868s] -- Looking for pthread.h
[0.954s] -- Looking for pthread.h - found
[0.955s] -- Performing Test CMAKE_HAVE_LIBC_PTHREAD
[1.047s] -- Performing Test CMAKE_HAVE_LIBC_PTHREAD - Success
[1.048s] -- Found Threads: TRUE  
[1.097s] -- Found ament_lint_auto: 0.12.11 (/opt/ros/humble/share/ament_lint_auto/cmake)
[1.167s] -- Added test 'cppcheck' to perform static code analysis on C / C++ code
[1.167s] -- Configured cppcheck include dirs: 
[1.167s] -- Configured cppcheck exclude dirs and/or files: 
[1.168s] -- Added test 'flake8' to check Python code syntax and style conventions
[1.169s] -- Added test 'lint_cmake' to check CMake code style
[1.170s] -- Added test 'pep257' to check Python code against some of the docstring style conventions in PEP 257
[1.173s] -- Added test 'uncrustify' to check C / C++ code style
[1.173s] -- Configured uncrustify additional arguments: 
[1.173s] -- Added test 'xmllint' to check XML markup files
[1.175s] -- Configuring done
[1.180s] -- Generating done
[1.181s] -- Build files have been written to: /home/rex/CDE2310TurtlebotLocal/turtlebot3/build/my_new_node
[1.189s] Invoked command in '/home/rex/CDE2310TurtlebotLocal/turtlebot3/build/my_new_node' returned '0': CMAKE_PREFIX_PATH=${CMAKE_PREFIX_PATH}:/home/rex/colcon_ws/install/auto_nav:/home/rex/colcon_ws/src/install/py_pubsub:/home/rex/colcon_ws/src/install/nav2_gps_waypoint_follower_demo:/home/rex/colcon_ws/src/install/auto_nav:/home/rex/turtlebot3_ws/install/turtlebot3_teleop:/home/rex/turtlebot3_ws/install/turtlebot3_example:/opt/ros/humble /usr/bin/cmake /home/rex/CDE2310TurtlebotLocal/turtlebot3/my_new_node -DAMENT_CMAKE_SYMLINK_INSTALL=1 -DCMAKE_INSTALL_PREFIX=/home/rex/CDE2310TurtlebotLocal/turtlebot3/install/my_new_node
[1.191s] Invoking command in '/home/rex/CDE2310TurtlebotLocal/turtlebot3/build/my_new_node': CMAKE_PREFIX_PATH=${CMAKE_PREFIX_PATH}:/home/rex/colcon_ws/install/auto_nav:/home/rex/colcon_ws/src/install/py_pubsub:/home/rex/colcon_ws/src/install/nav2_gps_waypoint_follower_demo:/home/rex/colcon_ws/src/install/auto_nav:/home/rex/turtlebot3_ws/install/turtlebot3_teleop:/home/rex/turtlebot3_ws/install/turtlebot3_example:/opt/ros/humble /usr/bin/cmake --build /home/rex/CDE2310TurtlebotLocal/turtlebot3/build/my_new_node -- -j12 -l12
[1.245s] [ 50%] [32mBuilding CXX object CMakeFiles/my_new_node.dir/src/my_new_node.cpp.o[0m
[3.063s] [100%] [32m[1mLinking CXX executable my_new_node[0m
[3.166s] [100%] Built target my_new_node
[3.179s] Invoked command in '/home/rex/CDE2310TurtlebotLocal/turtlebot3/build/my_new_node' returned '0': CMAKE_PREFIX_PATH=${CMAKE_PREFIX_PATH}:/home/rex/colcon_ws/install/auto_nav:/home/rex/colcon_ws/src/install/py_pubsub:/home/rex/colcon_ws/src/install/nav2_gps_waypoint_follower_demo:/home/rex/colcon_ws/src/install/auto_nav:/home/rex/turtlebot3_ws/install/turtlebot3_teleop:/home/rex/turtlebot3_ws/install/turtlebot3_example:/opt/ros/humble /usr/bin/cmake --build /home/rex/CDE2310TurtlebotLocal/turtlebot3/build/my_new_node -- -j12 -l12
[3.189s] Invoking command in '/home/rex/CDE2310TurtlebotLocal/turtlebot3/build/my_new_node': CMAKE_PREFIX_PATH=${CMAKE_PREFIX_PATH}:/home/rex/colcon_ws/install/auto_nav:/home/rex/colcon_ws/src/install/py_pubsub:/home/rex/colcon_ws/src/install/nav2_gps_waypoint_follower_demo:/home/rex/colcon_ws/src/install/auto_nav:/home/rex/turtlebot3_ws/install/turtlebot3_teleop:/home/rex/turtlebot3_ws/install/turtlebot3_example:/opt/ros/humble /usr/bin/cmake --install /home/rex/CDE2310TurtlebotLocal/turtlebot3/build/my_new_node
[3.196s] -- Install configuration: ""
[3.196s] -- Execute custom install script
[3.196s] -- Symlinking: /home/rex/CDE2310TurtlebotLocal/turtlebot3/install/my_new_node/lib/my_new_node/my_new_node
[3.209s] -- Symlinking: /home/rex/CDE2310TurtlebotLocal/turtlebot3/install/my_new_node/share/ament_index/resource_index/package_run_dependencies/my_new_node
[3.221s] -- Symlinking: /home/rex/CDE2310TurtlebotLocal/turtlebot3/install/my_new_node/share/ament_index/resource_index/parent_prefix_path/my_new_node
[3.232s] -- Symlinking: /home/rex/CDE2310TurtlebotLocal/turtlebot3/install/my_new_node/share/my_new_node/environment/ament_prefix_path.sh
[3.244s] -- Symlinking: /home/rex/CDE2310TurtlebotLocal/turtlebot3/install/my_new_node/share/my_new_node/environment/ament_prefix_path.dsv
[3.255s] -- Symlinking: /home/rex/CDE2310TurtlebotLocal/turtlebot3/install/my_new_node/share/my_new_node/environment/path.sh
[3.264s] -- Symlinking: /home/rex/CDE2310TurtlebotLocal/turtlebot3/install/my_new_node/share/my_new_node/environment/path.dsv
[3.274s] -- Symlinking: /home/rex/CDE2310TurtlebotLocal/turtlebot3/install/my_new_node/share/my_new_node/local_setup.bash
[3.284s] -- Symlinking: /home/rex/CDE2310TurtlebotLocal/turtlebot3/install/my_new_node/share/my_new_node/local_setup.sh
[3.295s] -- Symlinking: /home/rex/CDE2310TurtlebotLocal/turtlebot3/install/my_new_node/share/my_new_node/local_setup.zsh
[3.307s] -- Symlinking: /home/rex/CDE2310TurtlebotLocal/turtlebot3/install/my_new_node/share/my_new_node/local_setup.dsv
[3.319s] -- Symlinking: /home/rex/CDE2310TurtlebotLocal/turtlebot3/install/my_new_node/share/my_new_node/package.dsv
[3.330s] -- Symlinking: /home/rex/CDE2310TurtlebotLocal/turtlebot3/install/my_new_node/share/ament_index/resource_index/packages/my_new_node
[3.341s] -- Symlinking: /home/rex/CDE2310TurtlebotLocal/turtlebot3/install/my_new_node/share/my_new_node/cmake/my_new_nodeConfig.cmake
[3.354s] -- Symlinking: /home/rex/CDE2310TurtlebotLocal/turtlebot3/install/my_new_node/share/my_new_node/cmake/my_new_nodeConfig-version.cmake
[3.365s] -- Symlinking: /home/rex/CDE2310TurtlebotLocal/turtlebot3/install/my_new_node/share/my_new_node/package.xml
[3.378s] Invoked command in '/home/rex/CDE2310TurtlebotLocal/turtlebot3/build/my_new_node' returned '0': CMAKE_PREFIX_PATH=${CMAKE_PREFIX_PATH}:/home/rex/colcon_ws/install/auto_nav:/home/rex/colcon_ws/src/install/py_pubsub:/home/rex/colcon_ws/src/install/nav2_gps_waypoint_follower_demo:/home/rex/colcon_ws/src/install/auto_nav:/home/rex/turtlebot3_ws/install/turtlebot3_teleop:/home/rex/turtlebot3_ws/install/turtlebot3_example:/opt/ros/humble /usr/bin/cmake --install /home/rex/CDE2310TurtlebotLocal/turtlebot3/build/my_new_node
