[0.052s] Invoking command in '/home/ubuntu/turtlebot3_ws/src/build/turtlebot3_bringup': /usr/bin/cmake /home/ubuntu/turtlebot3_ws/src/turtlebot3/turtlebot3_bringup -DCMAKE_INSTALL_PREFIX=/home/ubuntu/turtlebot3_ws/src/install/turtlebot3_bringup
[0.311s] -- The C compiler identification is GNU 11.4.0
[0.557s] -- The CXX compiler identification is GNU 11.4.0
[0.589s] -- Detecting C compiler ABI info
[0.890s] -- Detecting C compiler ABI info - done
[0.917s] -- Check for working C compiler: /usr/bin/cc - skipped
[0.918s] -- Detecting C compile features
[0.919s] -- Detecting C compile features - done
[0.930s] -- Detecting CXX compiler ABI info
[1.263s] -- Detecting CXX compiler ABI info - done
[1.289s] -- Check for working CXX compiler: /usr/bin/c++ - skipped
[1.290s] -- Detecting CXX compile features
[1.291s] -- Detecting CXX compile features - done
[1.331s] -- Found ament_cmake: 1.3.11 (/opt/ros/humble/share/ament_cmake/cmake)
[2.100s] -- Found Python3: /usr/bin/python3 (found version "3.10.12") found components: Interpreter 
[3.101s] -- Configuring done
[3.119s] -- Generating done
[3.127s] -- Build files have been written to: /home/ubuntu/turtlebot3_ws/src/build/turtlebot3_bringup
[3.139s] Invoked command in '/home/ubuntu/turtlebot3_ws/src/build/turtlebot3_bringup' returned '0': /usr/bin/cmake /home/ubuntu/turtlebot3_ws/src/turtlebot3/turtlebot3_bringup -DCMAKE_INSTALL_PREFIX=/home/ubuntu/turtlebot3_ws/src/install/turtlebot3_bringup
[3.147s] Invoking command in '/home/ubuntu/turtlebot3_ws/src/build/turtlebot3_bringup': /usr/bin/cmake --build /home/ubuntu/turtlebot3_ws/src/build/turtlebot3_bringup -- -j4 -l4
[3.288s] Invoked command in '/home/ubuntu/turtlebot3_ws/src/build/turtlebot3_bringup' returned '0': /usr/bin/cmake --build /home/ubuntu/turtlebot3_ws/src/build/turtlebot3_bringup -- -j4 -l4
[3.330s] Invoking command in '/home/ubuntu/turtlebot3_ws/src/build/turtlebot3_bringup': /usr/bin/cmake --install /home/ubuntu/turtlebot3_ws/src/build/turtlebot3_bringup
[3.356s] -- Install configuration: ""
[3.356s] -- Installing: /home/ubuntu/turtlebot3_ws/src/install/turtlebot3_bringup/share/turtlebot3_bringup/launch
[3.356s] -- Installing: /home/ubuntu/turtlebot3_ws/src/install/turtlebot3_bringup/share/turtlebot3_bringup/launch/turtlebot3_state_publisher.launch.py
[3.358s] -- Installing: /home/ubuntu/turtlebot3_ws/src/install/turtlebot3_bringup/share/turtlebot3_bringup/launch/nav2_params.yaml
[3.359s] -- Installing: /home/ubuntu/turtlebot3_ws/src/install/turtlebot3_bringup/share/turtlebot3_bringup/launch/rviz2.launch.py
[3.360s] -- Installing: /home/ubuntu/turtlebot3_ws/src/install/turtlebot3_bringup/share/turtlebot3_bringup/launch/robot.launch.py
[3.361s] -- Installing: /home/ubuntu/turtlebot3_ws/src/install/turtlebot3_bringup/share/turtlebot3_bringup/param
[3.361s] -- Installing: /home/ubuntu/turtlebot3_ws/src/install/turtlebot3_bringup/share/turtlebot3_bringup/param/waffle_pi.yaml
[3.362s] -- Installing: /home/ubuntu/turtlebot3_ws/src/install/turtlebot3_bringup/share/turtlebot3_bringup/param/waffle.yaml
[3.364s] -- Installing: /home/ubuntu/turtlebot3_ws/src/install/turtlebot3_bringup/share/turtlebot3_bringup/param/burger.yaml
[3.364s] -- Installing: /home/ubuntu/turtlebot3_ws/src/install/turtlebot3_bringup/share/turtlebot3_bringup/script
[3.365s] -- Installing: /home/ubuntu/turtlebot3_ws/src/install/turtlebot3_bringup/share/turtlebot3_bringup/script/create_udev_rules
[3.366s] -- Installing: /home/ubuntu/turtlebot3_ws/src/install/turtlebot3_bringup/share/turtlebot3_bringup/script/99-turtlebot3-cdc.rules
[3.367s] -- Installing: /home/ubuntu/turtlebot3_ws/src/install/turtlebot3_bringup/share/turtlebot3_bringup/nav2_params.yaml
[3.369s] -- Installing: /home/ubuntu/turtlebot3_ws/src/install/turtlebot3_bringup/share/ament_index/resource_index/package_run_dependencies/turtlebot3_bringup
[3.371s] -- Installing: /home/ubuntu/turtlebot3_ws/src/install/turtlebot3_bringup/share/ament_index/resource_index/parent_prefix_path/turtlebot3_bringup
[3.372s] -- Installing: /home/ubuntu/turtlebot3_ws/src/install/turtlebot3_bringup/share/turtlebot3_bringup/environment/ament_prefix_path.sh
[3.373s] -- Installing: /home/ubuntu/turtlebot3_ws/src/install/turtlebot3_bringup/share/turtlebot3_bringup/environment/ament_prefix_path.dsv
[3.374s] -- Installing: /home/ubuntu/turtlebot3_ws/src/install/turtlebot3_bringup/share/turtlebot3_bringup/environment/path.sh
[3.376s] -- Installing: /home/ubuntu/turtlebot3_ws/src/install/turtlebot3_bringup/share/turtlebot3_bringup/environment/path.dsv
[3.377s] -- Installing: /home/ubuntu/turtlebot3_ws/src/install/turtlebot3_bringup/share/turtlebot3_bringup/local_setup.bash
[3.378s] -- Installing: /home/ubuntu/turtlebot3_ws/src/install/turtlebot3_bringup/share/turtlebot3_bringup/local_setup.sh
[3.379s] -- Installing: /home/ubuntu/turtlebot3_ws/src/install/turtlebot3_bringup/share/turtlebot3_bringup/local_setup.zsh
[3.380s] -- Installing: /home/ubuntu/turtlebot3_ws/src/install/turtlebot3_bringup/share/turtlebot3_bringup/local_setup.dsv
[3.381s] -- Installing: /home/ubuntu/turtlebot3_ws/src/install/turtlebot3_bringup/share/turtlebot3_bringup/package.dsv
[3.383s] -- Installing: /home/ubuntu/turtlebot3_ws/src/install/turtlebot3_bringup/share/ament_index/resource_index/packages/turtlebot3_bringup
[3.384s] -- Installing: /home/ubuntu/turtlebot3_ws/src/install/turtlebot3_bringup/share/turtlebot3_bringup/cmake/turtlebot3_bringupConfig.cmake
[3.385s] -- Installing: /home/ubuntu/turtlebot3_ws/src/install/turtlebot3_bringup/share/turtlebot3_bringup/cmake/turtlebot3_bringupConfig-version.cmake
[3.386s] -- Installing: /home/ubuntu/turtlebot3_ws/src/install/turtlebot3_bringup/share/turtlebot3_bringup/package.xml
[3.392s] Invoked command in '/home/ubuntu/turtlebot3_ws/src/build/turtlebot3_bringup' returned '0': /usr/bin/cmake --install /home/ubuntu/turtlebot3_ws/src/build/turtlebot3_bringup
