[0.091s] Invoking command in '/home/ubuntu/turtlebot3_ws/src/build/dwb_msgs': AMENT_PREFIX_PATH=/home/ubuntu/turtlebot3_ws/src/install/nav_2d_msgs:${AMENT_PREFIX_PATH} CMAKE_PREFIX_PATH=/home/ubuntu/turtlebot3_ws/src/install/nav_2d_msgs:${CMAKE_PREFIX_PATH} LD_LIBRARY_PATH=/home/ubuntu/turtlebot3_ws/src/install/nav_2d_msgs/lib:${LD_LIBRARY_PATH} PYTHONPATH=/home/ubuntu/turtlebot3_ws/src/install/nav_2d_msgs/local/lib/python3.10/dist-packages:${PYTHONPATH} /usr/bin/cmake /home/ubuntu/turtlebot3_ws/src/navigation2/nav2_dwb_controller/dwb_msgs -DAMENT_CMAKE_SYMLINK_INSTALL=1 -DCMAKE_INSTALL_PREFIX=/home/ubuntu/turtlebot3_ws/src/install/dwb_msgs
[0.399s] -- The C compiler identification is GNU 11.4.0
[0.706s] -- The CXX compiler identification is GNU 11.4.0
[0.749s] -- Detecting C compiler ABI info
[1.134s] -- Detecting C compiler ABI info - done
[1.164s] -- Check for working C compiler: /usr/bin/cc - skipped
[1.166s] -- Detecting C compile features
[1.167s] -- Detecting C compile features - done
[1.183s] -- Detecting CXX compiler ABI info
[1.586s] -- Detecting CXX compiler ABI info - done
[1.614s] -- Check for working CXX compiler: /usr/bin/c++ - skipped
[1.616s] -- Detecting CXX compile features
[1.618s] -- Detecting CXX compile features - done
[1.662s] -- Found builtin_interfaces: 1.2.1 (/opt/ros/humble/share/builtin_interfaces/cmake)
[2.783s] -- Found Python3: /usr/bin/python3 (found version "3.10.12") found components: Interpreter 
[3.232s] -- Override CMake install command with custom implementation using symlinks instead of copying resources
[4.363s] -- Found rosidl_generator_c: 3.1.6 (/opt/ros/humble/share/rosidl_generator_c/cmake)
[4.456s] -- Found rosidl_adapter: 3.1.6 (/opt/ros/humble/share/rosidl_adapter/cmake)
[4.574s] -- Found rosidl_generator_cpp: 3.1.6 (/opt/ros/humble/share/rosidl_generator_cpp/cmake)
[4.708s] -- Using all available rosidl_typesupport_c: rosidl_typesupport_fastrtps_c;rosidl_typesupport_introspection_c
[4.894s] -- Using all available rosidl_typesupport_cpp: rosidl_typesupport_fastrtps_cpp;rosidl_typesupport_introspection_cpp
[5.080s] -- Found geometry_msgs: 4.2.4 (/opt/ros/humble/share/geometry_msgs/cmake)
[5.258s] -- Found nav_2d_msgs: 1.1.18 (/home/ubuntu/turtlebot3_ws/src/install/nav_2d_msgs/share/nav_2d_msgs/cmake)
[5.376s] -- Found nav_msgs: 4.2.4 (/opt/ros/humble/share/nav_msgs/cmake)
[5.499s] -- Found rosidl_default_generators: 1.2.0 (/opt/ros/humble/share/rosidl_default_generators/cmake)
[7.800s] -- Found ament_cmake_ros: 0.10.0 (/opt/ros/humble/share/ament_cmake_ros/cmake)
[11.321s] -- Using all available rosidl_typesupport_c: rosidl_typesupport_fastrtps_c;rosidl_typesupport_introspection_c
[12.387s] -- Using all available rosidl_typesupport_cpp: rosidl_typesupport_fastrtps_cpp;rosidl_typesupport_introspection_cpp
[12.540s] -- Found PythonInterp: /usr/bin/python3 (found suitable version "3.10.12", minimum required is "3.6") 
[12.580s] -- Found python_cmake_module: 0.10.0 (/opt/ros/humble/share/python_cmake_module/cmake)
[12.746s] -- Found PythonLibs: /usr/lib/aarch64-linux-gnu/libpython3.10.so (found suitable version "3.10.12", minimum required is "3.5") 
[12.747s] -- Using PYTHON_EXECUTABLE: /usr/bin/python3
[12.748s] -- Using PYTHON_INCLUDE_DIRS: /usr/include/python3.10
[12.748s] -- Using PYTHON_LIBRARIES: /usr/lib/aarch64-linux-gnu/libpython3.10.so
[12.905s] -- Found PythonExtra: .so  
[13.461s] -- Configuring done
[13.824s] -- Generating done
[13.901s] -- Build files have been written to: /home/ubuntu/turtlebot3_ws/src/build/dwb_msgs
[13.961s] Invoked command in '/home/ubuntu/turtlebot3_ws/src/build/dwb_msgs' returned '0': AMENT_PREFIX_PATH=/home/ubuntu/turtlebot3_ws/src/install/nav_2d_msgs:${AMENT_PREFIX_PATH} CMAKE_PREFIX_PATH=/home/ubuntu/turtlebot3_ws/src/install/nav_2d_msgs:${CMAKE_PREFIX_PATH} LD_LIBRARY_PATH=/home/ubuntu/turtlebot3_ws/src/install/nav_2d_msgs/lib:${LD_LIBRARY_PATH} PYTHONPATH=/home/ubuntu/turtlebot3_ws/src/install/nav_2d_msgs/local/lib/python3.10/dist-packages:${PYTHONPATH} /usr/bin/cmake /home/ubuntu/turtlebot3_ws/src/navigation2/nav2_dwb_controller/dwb_msgs -DAMENT_CMAKE_SYMLINK_INSTALL=1 -DCMAKE_INSTALL_PREFIX=/home/ubuntu/turtlebot3_ws/src/install/dwb_msgs
[13.963s] Invoking command in '/home/ubuntu/turtlebot3_ws/src/build/dwb_msgs': AMENT_PREFIX_PATH=/home/ubuntu/turtlebot3_ws/src/install/nav_2d_msgs:${AMENT_PREFIX_PATH} CMAKE_PREFIX_PATH=/home/ubuntu/turtlebot3_ws/src/install/nav_2d_msgs:${CMAKE_PREFIX_PATH} LD_LIBRARY_PATH=/home/ubuntu/turtlebot3_ws/src/install/nav_2d_msgs/lib:${LD_LIBRARY_PATH} PYTHONPATH=/home/ubuntu/turtlebot3_ws/src/install/nav_2d_msgs/local/lib/python3.10/dist-packages:${PYTHONPATH} /usr/bin/cmake --build /home/ubuntu/turtlebot3_ws/src/build/dwb_msgs -- -j4 -l4
[14.228s] [  1%] [34m[1mGenerating C++ code for ROS interfaces[0m
[20.446s] [  1%] Built target dwb_msgs__cpp
[20.595s] [  1%] Built target ament_cmake_python_symlink_dwb_msgs
[20.652s] [  2%] [34m[1mGenerating C++ type support for eProsima Fast-RTPS[0m
[25.735s] [  3%] [32mBuilding CXX object CMakeFiles/dwb_msgs__rosidl_typesupport_fastrtps_cpp.dir/rosidl_typesupport_fastrtps_cpp/dwb_msgs/msg/detail/dds_fastrtps/critic_score__type_support.cpp.o[0m
[28.055s] [  4%] [32mBuilding CXX object CMakeFiles/dwb_msgs__rosidl_typesupport_fastrtps_cpp.dir/rosidl_typesupport_fastrtps_cpp/dwb_msgs/msg/detail/dds_fastrtps/local_plan_evaluation__type_support.cpp.o[0m
[31.617s] [  5%] [32mBuilding CXX object CMakeFiles/dwb_msgs__rosidl_typesupport_fastrtps_cpp.dir/rosidl_typesupport_fastrtps_cpp/dwb_msgs/msg/detail/dds_fastrtps/trajectory2_d__type_support.cpp.o[0m
[34.330s] [  6%] [32mBuilding CXX object CMakeFiles/dwb_msgs__rosidl_typesupport_fastrtps_cpp.dir/rosidl_typesupport_fastrtps_cpp/dwb_msgs/msg/detail/dds_fastrtps/trajectory_score__type_support.cpp.o[0m
[36.888s] [  7%] [32mBuilding CXX object CMakeFiles/dwb_msgs__rosidl_typesupport_fastrtps_cpp.dir/rosidl_typesupport_fastrtps_cpp/dwb_msgs/srv/detail/dds_fastrtps/debug_local_plan__type_support.cpp.o[0m
[39.124s] [  8%] [32mBuilding CXX object CMakeFiles/dwb_msgs__rosidl_typesupport_fastrtps_cpp.dir/rosidl_typesupport_fastrtps_cpp/dwb_msgs/srv/detail/dds_fastrtps/generate_trajectory__type_support.cpp.o[0m
[41.183s] [  9%] [32mBuilding CXX object CMakeFiles/dwb_msgs__rosidl_typesupport_fastrtps_cpp.dir/rosidl_typesupport_fastrtps_cpp/dwb_msgs/srv/detail/dds_fastrtps/generate_twists__type_support.cpp.o[0m
[42.757s] [ 10%] [34m[1mGenerating C++ introspection for ROS interfaces[0m
[43.445s] [ 11%] [32mBuilding CXX object CMakeFiles/dwb_msgs__rosidl_typesupport_fastrtps_cpp.dir/rosidl_typesupport_fastrtps_cpp/dwb_msgs/srv/detail/dds_fastrtps/get_critic_score__type_support.cpp.o[0m
[44.766s] [ 12%] [34m[1mGenerating C++ type support dispatch for ROS interfaces[0m
[46.027s] [ 13%] [32mBuilding CXX object CMakeFiles/dwb_msgs__rosidl_typesupport_fastrtps_cpp.dir/rosidl_typesupport_fastrtps_cpp/dwb_msgs/srv/detail/dds_fastrtps/score_trajectory__type_support.cpp.o[0m
[46.831s] [ 14%] [34m[1mGenerating C code for ROS interfaces[0m
[47.585s] [ 15%] [32mBuilding CXX object CMakeFiles/dwb_msgs__rosidl_typesupport_introspection_cpp.dir/rosidl_typesupport_introspection_cpp/dwb_msgs/msg/detail/critic_score__type_support.cpp.o[0m
[48.853s] [ 16%] [32m[1mLinking CXX shared library libdwb_msgs__rosidl_typesupport_fastrtps_cpp.so[0m
[49.349s] [ 17%] [32mBuilding CXX object CMakeFiles/dwb_msgs__rosidl_typesupport_cpp.dir/rosidl_typesupport_cpp/dwb_msgs/msg/critic_score__type_support.cpp.o[0m
[49.411s] [ 17%] Built target dwb_msgs__rosidl_typesupport_fastrtps_cpp
[50.325s] [ 18%] [32mBuilding CXX object CMakeFiles/dwb_msgs__rosidl_typesupport_introspection_cpp.dir/rosidl_typesupport_introspection_cpp/dwb_msgs/msg/detail/local_plan_evaluation__type_support.cpp.o[0m
[51.045s] [ 20%] [32mBuilding CXX object CMakeFiles/dwb_msgs__rosidl_typesupport_cpp.dir/rosidl_typesupport_cpp/dwb_msgs/msg/local_plan_evaluation__type_support.cpp.o[0m
[52.611s] [ 21%] [32mBuilding CXX object CMakeFiles/dwb_msgs__rosidl_typesupport_cpp.dir/rosidl_typesupport_cpp/dwb_msgs/msg/trajectory2_d__type_support.cpp.o[0m
[53.505s] [ 22%] [32mBuilding CXX object CMakeFiles/dwb_msgs__rosidl_typesupport_introspection_cpp.dir/rosidl_typesupport_introspection_cpp/dwb_msgs/msg/detail/trajectory2_d__type_support.cpp.o[0m
[54.240s] [ 23%] [32mBuilding CXX object CMakeFiles/dwb_msgs__rosidl_typesupport_cpp.dir/rosidl_typesupport_cpp/dwb_msgs/msg/trajectory_score__type_support.cpp.o[0m
[54.441s] [ 24%] [32mBuilding C object CMakeFiles/dwb_msgs__rosidl_generator_c.dir/rosidl_generator_c/dwb_msgs/msg/detail/critic_score__functions.c.o[0m
[54.752s] [ 25%] [32mBuilding C object CMakeFiles/dwb_msgs__rosidl_generator_c.dir/rosidl_generator_c/dwb_msgs/msg/detail/local_plan_evaluation__functions.c.o[0m
[55.095s] [ 26%] [32mBuilding C object CMakeFiles/dwb_msgs__rosidl_generator_c.dir/rosidl_generator_c/dwb_msgs/msg/detail/trajectory2_d__functions.c.o[0m
[55.435s] [ 27%] [32mBuilding C object CMakeFiles/dwb_msgs__rosidl_generator_c.dir/rosidl_generator_c/dwb_msgs/msg/detail/trajectory_score__functions.c.o[0m
[55.772s] [ 28%] [32mBuilding C object CMakeFiles/dwb_msgs__rosidl_generator_c.dir/rosidl_generator_c/dwb_msgs/srv/detail/debug_local_plan__functions.c.o[0m
[55.981s] [ 29%] [32mBuilding CXX object CMakeFiles/dwb_msgs__rosidl_typesupport_cpp.dir/rosidl_typesupport_cpp/dwb_msgs/srv/debug_local_plan__type_support.cpp.o[0m
[56.181s] [ 30%] [32mBuilding C object CMakeFiles/dwb_msgs__rosidl_generator_c.dir/rosidl_generator_c/dwb_msgs/srv/detail/generate_trajectory__functions.c.o[0m
[56.271s] [ 31%] [32mBuilding CXX object CMakeFiles/dwb_msgs__rosidl_typesupport_introspection_cpp.dir/rosidl_typesupport_introspection_cpp/dwb_msgs/msg/detail/trajectory_score__type_support.cpp.o[0m
[56.542s] [ 32%] [32mBuilding C object CMakeFiles/dwb_msgs__rosidl_generator_c.dir/rosidl_generator_c/dwb_msgs/srv/detail/generate_twists__functions.c.o[0m
[56.924s] [ 33%] [32mBuilding C object CMakeFiles/dwb_msgs__rosidl_generator_c.dir/rosidl_generator_c/dwb_msgs/srv/detail/get_critic_score__functions.c.o[0m
[57.356s] [ 34%] [32mBuilding C object CMakeFiles/dwb_msgs__rosidl_generator_c.dir/rosidl_generator_c/dwb_msgs/srv/detail/score_trajectory__functions.c.o[0m
[57.709s] [ 35%] [32mBuilding CXX object CMakeFiles/dwb_msgs__rosidl_typesupport_cpp.dir/rosidl_typesupport_cpp/dwb_msgs/srv/generate_trajectory__type_support.cpp.o[0m
[57.777s] [ 36%] [32m[1mLinking C shared library libdwb_msgs__rosidl_generator_c.so[0m
[58.019s] [ 36%] Built target dwb_msgs__rosidl_generator_c
[58.891s] [ 37%] [32mBuilding CXX object CMakeFiles/dwb_msgs__rosidl_typesupport_introspection_cpp.dir/rosidl_typesupport_introspection_cpp/dwb_msgs/srv/detail/debug_local_plan__type_support.cpp.o[0m
[59.226s] [ 38%] [32mBuilding CXX object CMakeFiles/dwb_msgs__rosidl_typesupport_cpp.dir/rosidl_typesupport_cpp/dwb_msgs/srv/generate_twists__type_support.cpp.o[0m
[60.742s] [ 40%] [32mBuilding CXX object CMakeFiles/dwb_msgs__rosidl_typesupport_cpp.dir/rosidl_typesupport_cpp/dwb_msgs/srv/get_critic_score__type_support.cpp.o[0m
[61.199s] [ 41%] [32mBuilding CXX object CMakeFiles/dwb_msgs__rosidl_typesupport_introspection_cpp.dir/rosidl_typesupport_introspection_cpp/dwb_msgs/srv/detail/generate_trajectory__type_support.cpp.o[0m
[62.233s] [ 42%] [32mBuilding CXX object CMakeFiles/dwb_msgs__rosidl_typesupport_cpp.dir/rosidl_typesupport_cpp/dwb_msgs/srv/score_trajectory__type_support.cpp.o[0m
[63.452s] [ 43%] [32mBuilding CXX object CMakeFiles/dwb_msgs__rosidl_typesupport_introspection_cpp.dir/rosidl_typesupport_introspection_cpp/dwb_msgs/srv/detail/generate_twists__type_support.cpp.o[0m
[63.837s] [ 44%] [32m[1mLinking CXX shared library libdwb_msgs__rosidl_typesupport_cpp.so[0m
[64.045s] [ 44%] Built target dwb_msgs__rosidl_typesupport_cpp
[65.517s] [ 45%] [32mBuilding CXX object CMakeFiles/dwb_msgs__rosidl_typesupport_introspection_cpp.dir/rosidl_typesupport_introspection_cpp/dwb_msgs/srv/detail/get_critic_score__type_support.cpp.o[0m
[67.505s] [ 46%] [32mBuilding CXX object CMakeFiles/dwb_msgs__rosidl_typesupport_introspection_cpp.dir/rosidl_typesupport_introspection_cpp/dwb_msgs/srv/detail/score_trajectory__type_support.cpp.o[0m
[69.595s] [ 47%] [32m[1mLinking CXX shared library libdwb_msgs__rosidl_typesupport_introspection_cpp.so[0m
[69.984s] [ 47%] Built target dwb_msgs__rosidl_typesupport_introspection_cpp
[70.034s] [ 48%] [34m[1mGenerating C introspection for ROS interfaces[0m
[74.103s] [ 49%] [32mBuilding C object CMakeFiles/dwb_msgs__rosidl_typesupport_introspection_c.dir/rosidl_typesupport_introspection_c/dwb_msgs/msg/detail/critic_score__type_support.c.o[0m
[74.303s] [ 50%] [32mBuilding C object CMakeFiles/dwb_msgs__rosidl_typesupport_introspection_c.dir/rosidl_typesupport_introspection_c/dwb_msgs/msg/detail/local_plan_evaluation__type_support.c.o[0m
[74.529s] [ 51%] [32mBuilding C object CMakeFiles/dwb_msgs__rosidl_typesupport_introspection_c.dir/rosidl_typesupport_introspection_c/dwb_msgs/msg/detail/trajectory2_d__type_support.c.o[0m
[74.776s] [ 52%] [32mBuilding C object CMakeFiles/dwb_msgs__rosidl_typesupport_introspection_c.dir/rosidl_typesupport_introspection_c/dwb_msgs/msg/detail/trajectory_score__type_support.c.o[0m
[75.016s] [ 53%] [32mBuilding C object CMakeFiles/dwb_msgs__rosidl_typesupport_introspection_c.dir/rosidl_typesupport_introspection_c/dwb_msgs/srv/detail/debug_local_plan__type_support.c.o[0m
[75.263s] [ 54%] [32mBuilding C object CMakeFiles/dwb_msgs__rosidl_typesupport_introspection_c.dir/rosidl_typesupport_introspection_c/dwb_msgs/srv/detail/generate_trajectory__type_support.c.o[0m
[75.495s] [ 55%] [32mBuilding C object CMakeFiles/dwb_msgs__rosidl_typesupport_introspection_c.dir/rosidl_typesupport_introspection_c/dwb_msgs/srv/detail/generate_twists__type_support.c.o[0m
[75.732s] [ 56%] [32mBuilding C object CMakeFiles/dwb_msgs__rosidl_typesupport_introspection_c.dir/rosidl_typesupport_introspection_c/dwb_msgs/srv/detail/get_critic_score__type_support.c.o[0m
[75.983s] [ 57%] [32mBuilding C object CMakeFiles/dwb_msgs__rosidl_typesupport_introspection_c.dir/rosidl_typesupport_introspection_c/dwb_msgs/srv/detail/score_trajectory__type_support.c.o[0m
[76.232s] [ 58%] [32m[1mLinking C shared library libdwb_msgs__rosidl_typesupport_introspection_c.so[0m
[76.401s] [ 58%] Built target dwb_msgs__rosidl_typesupport_introspection_c
[76.450s] [ 60%] [34m[1mGenerating C type support dispatch for ROS interfaces[0m
[76.454s] [ 61%] [34m[1mGenerating C type support for eProsima Fast-RTPS[0m
[79.621s] [ 62%] [32mBuilding CXX object CMakeFiles/dwb_msgs__rosidl_typesupport_c.dir/rosidl_typesupport_c/dwb_msgs/msg/critic_score__type_support.cpp.o[0m
[79.625s] [ 63%] [32mBuilding CXX object CMakeFiles/dwb_msgs__rosidl_typesupport_c.dir/rosidl_typesupport_c/dwb_msgs/msg/local_plan_evaluation__type_support.cpp.o[0m
[79.812s] [ 64%] [32mBuilding CXX object CMakeFiles/dwb_msgs__rosidl_typesupport_c.dir/rosidl_typesupport_c/dwb_msgs/msg/trajectory2_d__type_support.cpp.o[0m
[79.828s] [ 65%] [32mBuilding CXX object CMakeFiles/dwb_msgs__rosidl_typesupport_c.dir/rosidl_typesupport_c/dwb_msgs/msg/trajectory_score__type_support.cpp.o[0m
[80.002s] [ 66%] [32mBuilding CXX object CMakeFiles/dwb_msgs__rosidl_typesupport_c.dir/rosidl_typesupport_c/dwb_msgs/srv/debug_local_plan__type_support.cpp.o[0m
[80.019s] [ 67%] [32mBuilding CXX object CMakeFiles/dwb_msgs__rosidl_typesupport_c.dir/rosidl_typesupport_c/dwb_msgs/srv/generate_trajectory__type_support.cpp.o[0m
[80.208s] [ 68%] [32mBuilding CXX object CMakeFiles/dwb_msgs__rosidl_typesupport_c.dir/rosidl_typesupport_c/dwb_msgs/srv/generate_twists__type_support.cpp.o[0m
[80.218s] [ 69%] [32mBuilding CXX object CMakeFiles/dwb_msgs__rosidl_typesupport_c.dir/rosidl_typesupport_c/dwb_msgs/srv/get_critic_score__type_support.cpp.o[0m
[80.420s] [ 70%] [32mBuilding CXX object CMakeFiles/dwb_msgs__rosidl_typesupport_c.dir/rosidl_typesupport_c/dwb_msgs/srv/score_trajectory__type_support.cpp.o[0m
[80.636s] [ 71%] [32m[1mLinking CXX shared library libdwb_msgs__rosidl_typesupport_c.so[0m
[80.869s] [ 71%] Built target dwb_msgs__rosidl_typesupport_c
[80.905s] [ 72%] [32mBuilding CXX object CMakeFiles/dwb_msgs__rosidl_typesupport_fastrtps_c.dir/rosidl_typesupport_fastrtps_c/dwb_msgs/msg/detail/critic_score__type_support_c.cpp.o[0m
[80.907s] [ 73%] [32mBuilding CXX object CMakeFiles/dwb_msgs__rosidl_typesupport_fastrtps_c.dir/rosidl_typesupport_fastrtps_c/dwb_msgs/msg/detail/local_plan_evaluation__type_support_c.cpp.o[0m
[80.991s] [ 74%] [32mBuilding CXX object CMakeFiles/dwb_msgs__rosidl_typesupport_fastrtps_c.dir/rosidl_typesupport_fastrtps_c/dwb_msgs/msg/detail/trajectory2_d__type_support_c.cpp.o[0m
[83.609s] [ 75%] [32mBuilding CXX object CMakeFiles/dwb_msgs__rosidl_typesupport_fastrtps_c.dir/rosidl_typesupport_fastrtps_c/dwb_msgs/msg/detail/trajectory_score__type_support_c.cpp.o[0m
[83.663s] [ 76%] [32mBuilding CXX object CMakeFiles/dwb_msgs__rosidl_typesupport_fastrtps_c.dir/rosidl_typesupport_fastrtps_c/dwb_msgs/srv/detail/debug_local_plan__type_support_c.cpp.o[0m
[83.922s] [ 77%] [32mBuilding CXX object CMakeFiles/dwb_msgs__rosidl_typesupport_fastrtps_c.dir/rosidl_typesupport_fastrtps_c/dwb_msgs/srv/detail/generate_trajectory__type_support_c.cpp.o[0m
[84.102s] running egg_info
[84.106s] creating dwb_msgs.egg-info
[84.110s] writing dwb_msgs.egg-info/PKG-INFO
[84.112s] writing dependency_links to dwb_msgs.egg-info/dependency_links.txt
[84.114s] writing top-level names to dwb_msgs.egg-info/top_level.txt
[84.117s] writing manifest file 'dwb_msgs.egg-info/SOURCES.txt'
[84.129s] reading manifest file 'dwb_msgs.egg-info/SOURCES.txt'
[84.134s] writing manifest file 'dwb_msgs.egg-info/SOURCES.txt'
[84.301s] [ 77%] Built target ament_cmake_python_build_dwb_msgs_egg
[84.352s] [ 78%] [32mBuilding CXX object CMakeFiles/dwb_msgs__rosidl_typesupport_fastrtps_c.dir/rosidl_typesupport_fastrtps_c/dwb_msgs/srv/detail/generate_twists__type_support_c.cpp.o[0m
[86.126s] [ 80%] [32mBuilding CXX object CMakeFiles/dwb_msgs__rosidl_typesupport_fastrtps_c.dir/rosidl_typesupport_fastrtps_c/dwb_msgs/srv/detail/get_critic_score__type_support_c.cpp.o[0m
[86.701s] [ 81%] [32mBuilding CXX object CMakeFiles/dwb_msgs__rosidl_typesupport_fastrtps_c.dir/rosidl_typesupport_fastrtps_c/dwb_msgs/srv/detail/score_trajectory__type_support_c.cpp.o[0m
[88.696s] [ 82%] [32m[1mLinking CXX shared library libdwb_msgs__rosidl_typesupport_fastrtps_c.so[0m
[89.042s] [ 82%] Built target dwb_msgs__rosidl_typesupport_fastrtps_c
[89.133s] [ 82%] Built target dwb_msgs
[89.225s] [ 83%] [34m[1mGenerating Python code for ROS interfaces[0m
[96.899s] [ 83%] Built target dwb_msgs__py
[97.000s] [ 84%] [32mBuilding C object CMakeFiles/dwb_msgs__rosidl_generator_py.dir/rosidl_generator_py/dwb_msgs/msg/_critic_score_s.c.o[0m
[97.002s] [ 85%] [32mBuilding C object CMakeFiles/dwb_msgs__rosidl_generator_py.dir/rosidl_generator_py/dwb_msgs/msg/_local_plan_evaluation_s.c.o[0m
[97.007s] [ 86%] [32mBuilding C object CMakeFiles/dwb_msgs__rosidl_generator_py.dir/rosidl_generator_py/dwb_msgs/msg/_trajectory2_d_s.c.o[0m
[97.616s] [ 87%] [32mBuilding C object CMakeFiles/dwb_msgs__rosidl_generator_py.dir/rosidl_generator_py/dwb_msgs/msg/_trajectory_score_s.c.o[0m
[97.635s] [ 88%] [32mBuilding C object CMakeFiles/dwb_msgs__rosidl_generator_py.dir/rosidl_generator_py/dwb_msgs/srv/_debug_local_plan_s.c.o[0m
[97.639s] [ 89%] [32mBuilding C object CMakeFiles/dwb_msgs__rosidl_generator_py.dir/rosidl_generator_py/dwb_msgs/srv/_generate_trajectory_s.c.o[0m
[98.245s] [ 90%] [32mBuilding C object CMakeFiles/dwb_msgs__rosidl_generator_py.dir/rosidl_generator_py/dwb_msgs/srv/_generate_twists_s.c.o[0m
[98.263s] [ 91%] [32mBuilding C object CMakeFiles/dwb_msgs__rosidl_generator_py.dir/rosidl_generator_py/dwb_msgs/srv/_get_critic_score_s.c.o[0m
[98.265s] [ 92%] [32mBuilding C object CMakeFiles/dwb_msgs__rosidl_generator_py.dir/rosidl_generator_py/dwb_msgs/srv/_score_trajectory_s.c.o[0m
[98.894s] [ 93%] [32m[1mLinking C shared library rosidl_generator_py/dwb_msgs/libdwb_msgs__rosidl_generator_py.so[0m
[99.139s] [ 93%] Built target dwb_msgs__rosidl_generator_py
[99.244s] [ 95%] [32mBuilding C object CMakeFiles/dwb_msgs__rosidl_typesupport_fastrtps_c__pyext.dir/rosidl_generator_py/dwb_msgs/_dwb_msgs_s.ep.rosidl_typesupport_fastrtps_c.c.o[0m
[99.245s] [ 95%] [32mBuilding C object CMakeFiles/dwb_msgs__rosidl_typesupport_introspection_c__pyext.dir/rosidl_generator_py/dwb_msgs/_dwb_msgs_s.ep.rosidl_typesupport_introspection_c.c.o[0m
[99.249s] [ 96%] [32mBuilding C object CMakeFiles/dwb_msgs__rosidl_typesupport_c__pyext.dir/rosidl_generator_py/dwb_msgs/_dwb_msgs_s.ep.rosidl_typesupport_c.c.o[0m
[100.122s] [ 97%] [32m[1mLinking C shared library rosidl_generator_py/dwb_msgs/dwb_msgs_s__rosidl_typesupport_fastrtps_c.cpython-310-aarch64-linux-gnu.so[0m
[100.127s] [ 98%] [32m[1mLinking C shared library rosidl_generator_py/dwb_msgs/dwb_msgs_s__rosidl_typesupport_introspection_c.cpython-310-aarch64-linux-gnu.so[0m
[100.139s] [100%] [32m[1mLinking C shared library rosidl_generator_py/dwb_msgs/dwb_msgs_s__rosidl_typesupport_c.cpython-310-aarch64-linux-gnu.so[0m
[100.532s] [100%] Built target dwb_msgs__rosidl_typesupport_introspection_c__pyext
[100.542s] [100%] Built target dwb_msgs__rosidl_typesupport_fastrtps_c__pyext
[100.553s] [100%] Built target dwb_msgs__rosidl_typesupport_c__pyext
[100.608s] Invoked command in '/home/ubuntu/turtlebot3_ws/src/build/dwb_msgs' returned '0': AMENT_PREFIX_PATH=/home/ubuntu/turtlebot3_ws/src/install/nav_2d_msgs:${AMENT_PREFIX_PATH} CMAKE_PREFIX_PATH=/home/ubuntu/turtlebot3_ws/src/install/nav_2d_msgs:${CMAKE_PREFIX_PATH} LD_LIBRARY_PATH=/home/ubuntu/turtlebot3_ws/src/install/nav_2d_msgs/lib:${LD_LIBRARY_PATH} PYTHONPATH=/home/ubuntu/turtlebot3_ws/src/install/nav_2d_msgs/local/lib/python3.10/dist-packages:${PYTHONPATH} /usr/bin/cmake --build /home/ubuntu/turtlebot3_ws/src/build/dwb_msgs -- -j4 -l4
[100.618s] Invoking command in '/home/ubuntu/turtlebot3_ws/src/build/dwb_msgs': AMENT_PREFIX_PATH=/home/ubuntu/turtlebot3_ws/src/install/nav_2d_msgs:${AMENT_PREFIX_PATH} CMAKE_PREFIX_PATH=/home/ubuntu/turtlebot3_ws/src/install/nav_2d_msgs:${CMAKE_PREFIX_PATH} LD_LIBRARY_PATH=/home/ubuntu/turtlebot3_ws/src/install/nav_2d_msgs/lib:${LD_LIBRARY_PATH} PYTHONPATH=/home/ubuntu/turtlebot3_ws/src/install/nav_2d_msgs/local/lib/python3.10/dist-packages:${PYTHONPATH} /usr/bin/cmake --install /home/ubuntu/turtlebot3_ws/src/build/dwb_msgs
[100.648s] -- Install configuration: ""
[100.651s] -- Execute custom install script
[100.652s] -- Symlinking: /home/ubuntu/turtlebot3_ws/src/install/dwb_msgs/share/ament_index/resource_index/rosidl_interfaces/dwb_msgs
[100.694s] -- Symlinking: /home/ubuntu/turtlebot3_ws/src/install/dwb_msgs/include/dwb_msgs/dwb_msgs/msg/critic_score.h
[100.729s] -- Symlinking: /home/ubuntu/turtlebot3_ws/src/install/dwb_msgs/include/dwb_msgs/dwb_msgs/msg/detail/critic_score__functions.h
[100.764s] -- Symlinking: /home/ubuntu/turtlebot3_ws/src/install/dwb_msgs/include/dwb_msgs/dwb_msgs/msg/detail/critic_score__struct.h
[100.799s] -- Symlinking: /home/ubuntu/turtlebot3_ws/src/install/dwb_msgs/include/dwb_msgs/dwb_msgs/msg/detail/critic_score__type_support.h
[100.835s] -- Symlinking: /home/ubuntu/turtlebot3_ws/src/install/dwb_msgs/include/dwb_msgs/dwb_msgs/msg/detail/local_plan_evaluation__functions.h
[100.869s] -- Symlinking: /home/ubuntu/turtlebot3_ws/src/install/dwb_msgs/include/dwb_msgs/dwb_msgs/msg/detail/local_plan_evaluation__struct.h
[100.905s] -- Symlinking: /home/ubuntu/turtlebot3_ws/src/install/dwb_msgs/include/dwb_msgs/dwb_msgs/msg/detail/local_plan_evaluation__type_support.h
[100.939s] -- Symlinking: /home/ubuntu/turtlebot3_ws/src/install/dwb_msgs/include/dwb_msgs/dwb_msgs/msg/detail/trajectory2_d__functions.h
[100.975s] -- Symlinking: /home/ubuntu/turtlebot3_ws/src/install/dwb_msgs/include/dwb_msgs/dwb_msgs/msg/detail/trajectory2_d__struct.h
[101.011s] -- Symlinking: /home/ubuntu/turtlebot3_ws/src/install/dwb_msgs/include/dwb_msgs/dwb_msgs/msg/detail/trajectory2_d__type_support.h
[101.049s] -- Symlinking: /home/ubuntu/turtlebot3_ws/src/install/dwb_msgs/include/dwb_msgs/dwb_msgs/msg/detail/trajectory_score__functions.h
[101.086s] -- Symlinking: /home/ubuntu/turtlebot3_ws/src/install/dwb_msgs/include/dwb_msgs/dwb_msgs/msg/detail/trajectory_score__struct.h
[101.122s] -- Symlinking: /home/ubuntu/turtlebot3_ws/src/install/dwb_msgs/include/dwb_msgs/dwb_msgs/msg/detail/trajectory_score__type_support.h
[101.159s] -- Symlinking: /home/ubuntu/turtlebot3_ws/src/install/dwb_msgs/include/dwb_msgs/dwb_msgs/msg/local_plan_evaluation.h
[101.196s] -- Symlinking: /home/ubuntu/turtlebot3_ws/src/install/dwb_msgs/include/dwb_msgs/dwb_msgs/msg/rosidl_generator_c__visibility_control.h
[101.230s] -- Symlinking: /home/ubuntu/turtlebot3_ws/src/install/dwb_msgs/include/dwb_msgs/dwb_msgs/msg/trajectory2_d.h
[101.266s] -- Symlinking: /home/ubuntu/turtlebot3_ws/src/install/dwb_msgs/include/dwb_msgs/dwb_msgs/msg/trajectory_score.h
[101.300s] -- Symlinking: /home/ubuntu/turtlebot3_ws/src/install/dwb_msgs/include/dwb_msgs/dwb_msgs/srv/debug_local_plan.h
[101.336s] -- Symlinking: /home/ubuntu/turtlebot3_ws/src/install/dwb_msgs/include/dwb_msgs/dwb_msgs/srv/detail/debug_local_plan__functions.h
[101.370s] -- Symlinking: /home/ubuntu/turtlebot3_ws/src/install/dwb_msgs/include/dwb_msgs/dwb_msgs/srv/detail/debug_local_plan__struct.h
[101.404s] -- Symlinking: /home/ubuntu/turtlebot3_ws/src/install/dwb_msgs/include/dwb_msgs/dwb_msgs/srv/detail/debug_local_plan__type_support.h
[101.441s] -- Symlinking: /home/ubuntu/turtlebot3_ws/src/install/dwb_msgs/include/dwb_msgs/dwb_msgs/srv/detail/generate_trajectory__functions.h
[101.476s] -- Symlinking: /home/ubuntu/turtlebot3_ws/src/install/dwb_msgs/include/dwb_msgs/dwb_msgs/srv/detail/generate_trajectory__struct.h
[101.513s] -- Symlinking: /home/ubuntu/turtlebot3_ws/src/install/dwb_msgs/include/dwb_msgs/dwb_msgs/srv/detail/generate_trajectory__type_support.h
[101.550s] -- Symlinking: /home/ubuntu/turtlebot3_ws/src/install/dwb_msgs/include/dwb_msgs/dwb_msgs/srv/detail/generate_twists__functions.h
[101.584s] -- Symlinking: /home/ubuntu/turtlebot3_ws/src/install/dwb_msgs/include/dwb_msgs/dwb_msgs/srv/detail/generate_twists__struct.h
[101.621s] -- Symlinking: /home/ubuntu/turtlebot3_ws/src/install/dwb_msgs/include/dwb_msgs/dwb_msgs/srv/detail/generate_twists__type_support.h
[101.658s] -- Symlinking: /home/ubuntu/turtlebot3_ws/src/install/dwb_msgs/include/dwb_msgs/dwb_msgs/srv/detail/get_critic_score__functions.h
[101.695s] -- Symlinking: /home/ubuntu/turtlebot3_ws/src/install/dwb_msgs/include/dwb_msgs/dwb_msgs/srv/detail/get_critic_score__struct.h
[101.732s] -- Symlinking: /home/ubuntu/turtlebot3_ws/src/install/dwb_msgs/include/dwb_msgs/dwb_msgs/srv/detail/get_critic_score__type_support.h
[101.770s] -- Symlinking: /home/ubuntu/turtlebot3_ws/src/install/dwb_msgs/include/dwb_msgs/dwb_msgs/srv/detail/score_trajectory__functions.h
[101.807s] -- Symlinking: /home/ubuntu/turtlebot3_ws/src/install/dwb_msgs/include/dwb_msgs/dwb_msgs/srv/detail/score_trajectory__struct.h
[101.846s] -- Symlinking: /home/ubuntu/turtlebot3_ws/src/install/dwb_msgs/include/dwb_msgs/dwb_msgs/srv/detail/score_trajectory__type_support.h
[101.883s] -- Symlinking: /home/ubuntu/turtlebot3_ws/src/install/dwb_msgs/include/dwb_msgs/dwb_msgs/srv/generate_trajectory.h
[101.920s] -- Symlinking: /home/ubuntu/turtlebot3_ws/src/install/dwb_msgs/include/dwb_msgs/dwb_msgs/srv/generate_twists.h
[101.960s] -- Symlinking: /home/ubuntu/turtlebot3_ws/src/install/dwb_msgs/include/dwb_msgs/dwb_msgs/srv/get_critic_score.h
[101.996s] -- Symlinking: /home/ubuntu/turtlebot3_ws/src/install/dwb_msgs/include/dwb_msgs/dwb_msgs/srv/score_trajectory.h
[102.031s] -- Symlinking: /home/ubuntu/turtlebot3_ws/src/install/dwb_msgs/share/dwb_msgs/environment/library_path.sh
[102.068s] -- Symlinking: /home/ubuntu/turtlebot3_ws/src/install/dwb_msgs/share/dwb_msgs/environment/library_path.dsv
[102.110s] -- Symlinking: /home/ubuntu/turtlebot3_ws/src/install/dwb_msgs/include/dwb_msgs/dwb_msgs/msg/detail/critic_score__rosidl_typesupport_fastrtps_c.h
[102.147s] -- Symlinking: /home/ubuntu/turtlebot3_ws/src/install/dwb_msgs/include/dwb_msgs/dwb_msgs/msg/detail/local_plan_evaluation__rosidl_typesupport_fastrtps_c.h
[102.184s] -- Symlinking: /home/ubuntu/turtlebot3_ws/src/install/dwb_msgs/include/dwb_msgs/dwb_msgs/msg/detail/trajectory2_d__rosidl_typesupport_fastrtps_c.h
[102.221s] -- Symlinking: /home/ubuntu/turtlebot3_ws/src/install/dwb_msgs/include/dwb_msgs/dwb_msgs/msg/detail/trajectory_score__rosidl_typesupport_fastrtps_c.h
[102.260s] -- Symlinking: /home/ubuntu/turtlebot3_ws/src/install/dwb_msgs/include/dwb_msgs/dwb_msgs/msg/rosidl_typesupport_fastrtps_c__visibility_control.h
[102.296s] -- Symlinking: /home/ubuntu/turtlebot3_ws/src/install/dwb_msgs/include/dwb_msgs/dwb_msgs/srv/detail/debug_local_plan__rosidl_typesupport_fastrtps_c.h
[102.335s] -- Symlinking: /home/ubuntu/turtlebot3_ws/src/install/dwb_msgs/include/dwb_msgs/dwb_msgs/srv/detail/generate_trajectory__rosidl_typesupport_fastrtps_c.h
[102.370s] -- Symlinking: /home/ubuntu/turtlebot3_ws/src/install/dwb_msgs/include/dwb_msgs/dwb_msgs/srv/detail/generate_twists__rosidl_typesupport_fastrtps_c.h
[102.404s] -- Symlinking: /home/ubuntu/turtlebot3_ws/src/install/dwb_msgs/include/dwb_msgs/dwb_msgs/srv/detail/get_critic_score__rosidl_typesupport_fastrtps_c.h
[102.440s] -- Symlinking: /home/ubuntu/turtlebot3_ws/src/install/dwb_msgs/include/dwb_msgs/dwb_msgs/srv/detail/score_trajectory__rosidl_typesupport_fastrtps_c.h
[102.480s] -- Symlinking: /home/ubuntu/turtlebot3_ws/src/install/dwb_msgs/include/dwb_msgs/dwb_msgs/msg/critic_score.hpp
[102.536s] -- Symlinking: /home/ubuntu/turtlebot3_ws/src/install/dwb_msgs/include/dwb_msgs/dwb_msgs/msg/detail/critic_score__builder.hpp
[102.573s] -- Symlinking: /home/ubuntu/turtlebot3_ws/src/install/dwb_msgs/include/dwb_msgs/dwb_msgs/msg/detail/critic_score__struct.hpp
[102.608s] -- Symlinking: /home/ubuntu/turtlebot3_ws/src/install/dwb_msgs/include/dwb_msgs/dwb_msgs/msg/detail/critic_score__traits.hpp
[102.643s] -- Symlinking: /home/ubuntu/turtlebot3_ws/src/install/dwb_msgs/include/dwb_msgs/dwb_msgs/msg/detail/critic_score__type_support.hpp
[102.679s] -- Symlinking: /home/ubuntu/turtlebot3_ws/src/install/dwb_msgs/include/dwb_msgs/dwb_msgs/msg/detail/local_plan_evaluation__builder.hpp
[102.713s] -- Symlinking: /home/ubuntu/turtlebot3_ws/src/install/dwb_msgs/include/dwb_msgs/dwb_msgs/msg/detail/local_plan_evaluation__struct.hpp
[102.749s] -- Symlinking: /home/ubuntu/turtlebot3_ws/src/install/dwb_msgs/include/dwb_msgs/dwb_msgs/msg/detail/local_plan_evaluation__traits.hpp
[102.784s] -- Symlinking: /home/ubuntu/turtlebot3_ws/src/install/dwb_msgs/include/dwb_msgs/dwb_msgs/msg/detail/local_plan_evaluation__type_support.hpp
[102.819s] -- Symlinking: /home/ubuntu/turtlebot3_ws/src/install/dwb_msgs/include/dwb_msgs/dwb_msgs/msg/detail/trajectory2_d__builder.hpp
[102.854s] -- Symlinking: /home/ubuntu/turtlebot3_ws/src/install/dwb_msgs/include/dwb_msgs/dwb_msgs/msg/detail/trajectory2_d__struct.hpp
[102.890s] -- Symlinking: /home/ubuntu/turtlebot3_ws/src/install/dwb_msgs/include/dwb_msgs/dwb_msgs/msg/detail/trajectory2_d__traits.hpp
[102.926s] -- Symlinking: /home/ubuntu/turtlebot3_ws/src/install/dwb_msgs/include/dwb_msgs/dwb_msgs/msg/detail/trajectory2_d__type_support.hpp
[102.962s] -- Symlinking: /home/ubuntu/turtlebot3_ws/src/install/dwb_msgs/include/dwb_msgs/dwb_msgs/msg/detail/trajectory_score__builder.hpp
[102.998s] -- Symlinking: /home/ubuntu/turtlebot3_ws/src/install/dwb_msgs/include/dwb_msgs/dwb_msgs/msg/detail/trajectory_score__struct.hpp
[103.034s] -- Symlinking: /home/ubuntu/turtlebot3_ws/src/install/dwb_msgs/include/dwb_msgs/dwb_msgs/msg/detail/trajectory_score__traits.hpp
[103.072s] -- Symlinking: /home/ubuntu/turtlebot3_ws/src/install/dwb_msgs/include/dwb_msgs/dwb_msgs/msg/detail/trajectory_score__type_support.hpp
[103.108s] -- Symlinking: /home/ubuntu/turtlebot3_ws/src/install/dwb_msgs/include/dwb_msgs/dwb_msgs/msg/local_plan_evaluation.hpp
[103.144s] -- Symlinking: /home/ubuntu/turtlebot3_ws/src/install/dwb_msgs/include/dwb_msgs/dwb_msgs/msg/rosidl_generator_cpp__visibility_control.hpp
[103.180s] -- Symlinking: /home/ubuntu/turtlebot3_ws/src/install/dwb_msgs/include/dwb_msgs/dwb_msgs/msg/trajectory2_d.hpp
[103.215s] -- Symlinking: /home/ubuntu/turtlebot3_ws/src/install/dwb_msgs/include/dwb_msgs/dwb_msgs/msg/trajectory_score.hpp
[103.252s] -- Symlinking: /home/ubuntu/turtlebot3_ws/src/install/dwb_msgs/include/dwb_msgs/dwb_msgs/srv/debug_local_plan.hpp
[103.289s] -- Symlinking: /home/ubuntu/turtlebot3_ws/src/install/dwb_msgs/include/dwb_msgs/dwb_msgs/srv/detail/debug_local_plan__builder.hpp
[103.323s] -- Symlinking: /home/ubuntu/turtlebot3_ws/src/install/dwb_msgs/include/dwb_msgs/dwb_msgs/srv/detail/debug_local_plan__struct.hpp
[103.358s] -- Symlinking: /home/ubuntu/turtlebot3_ws/src/install/dwb_msgs/include/dwb_msgs/dwb_msgs/srv/detail/debug_local_plan__traits.hpp
[103.391s] -- Symlinking: /home/ubuntu/turtlebot3_ws/src/install/dwb_msgs/include/dwb_msgs/dwb_msgs/srv/detail/debug_local_plan__type_support.hpp
[103.426s] -- Symlinking: /home/ubuntu/turtlebot3_ws/src/install/dwb_msgs/include/dwb_msgs/dwb_msgs/srv/detail/generate_trajectory__builder.hpp
[103.465s] -- Symlinking: /home/ubuntu/turtlebot3_ws/src/install/dwb_msgs/include/dwb_msgs/dwb_msgs/srv/detail/generate_trajectory__struct.hpp
[103.503s] -- Symlinking: /home/ubuntu/turtlebot3_ws/src/install/dwb_msgs/include/dwb_msgs/dwb_msgs/srv/detail/generate_trajectory__traits.hpp
[103.541s] -- Symlinking: /home/ubuntu/turtlebot3_ws/src/install/dwb_msgs/include/dwb_msgs/dwb_msgs/srv/detail/generate_trajectory__type_support.hpp
[103.578s] -- Symlinking: /home/ubuntu/turtlebot3_ws/src/install/dwb_msgs/include/dwb_msgs/dwb_msgs/srv/detail/generate_twists__builder.hpp
[103.611s] -- Symlinking: /home/ubuntu/turtlebot3_ws/src/install/dwb_msgs/include/dwb_msgs/dwb_msgs/srv/detail/generate_twists__struct.hpp
[103.644s] -- Symlinking: /home/ubuntu/turtlebot3_ws/src/install/dwb_msgs/include/dwb_msgs/dwb_msgs/srv/detail/generate_twists__traits.hpp
[103.678s] -- Symlinking: /home/ubuntu/turtlebot3_ws/src/install/dwb_msgs/include/dwb_msgs/dwb_msgs/srv/detail/generate_twists__type_support.hpp
[103.711s] -- Symlinking: /home/ubuntu/turtlebot3_ws/src/install/dwb_msgs/include/dwb_msgs/dwb_msgs/srv/detail/get_critic_score__builder.hpp
[103.743s] -- Symlinking: /home/ubuntu/turtlebot3_ws/src/install/dwb_msgs/include/dwb_msgs/dwb_msgs/srv/detail/get_critic_score__struct.hpp
[103.776s] -- Symlinking: /home/ubuntu/turtlebot3_ws/src/install/dwb_msgs/include/dwb_msgs/dwb_msgs/srv/detail/get_critic_score__traits.hpp
[103.809s] -- Symlinking: /home/ubuntu/turtlebot3_ws/src/install/dwb_msgs/include/dwb_msgs/dwb_msgs/srv/detail/get_critic_score__type_support.hpp
[103.843s] -- Symlinking: /home/ubuntu/turtlebot3_ws/src/install/dwb_msgs/include/dwb_msgs/dwb_msgs/srv/detail/score_trajectory__builder.hpp
[103.875s] -- Symlinking: /home/ubuntu/turtlebot3_ws/src/install/dwb_msgs/include/dwb_msgs/dwb_msgs/srv/detail/score_trajectory__struct.hpp
[103.908s] -- Symlinking: /home/ubuntu/turtlebot3_ws/src/install/dwb_msgs/include/dwb_msgs/dwb_msgs/srv/detail/score_trajectory__traits.hpp
[103.941s] -- Symlinking: /home/ubuntu/turtlebot3_ws/src/install/dwb_msgs/include/dwb_msgs/dwb_msgs/srv/detail/score_trajectory__type_support.hpp
[103.974s] -- Symlinking: /home/ubuntu/turtlebot3_ws/src/install/dwb_msgs/include/dwb_msgs/dwb_msgs/srv/generate_trajectory.hpp
[104.007s] -- Symlinking: /home/ubuntu/turtlebot3_ws/src/install/dwb_msgs/include/dwb_msgs/dwb_msgs/srv/generate_twists.hpp
[104.039s] -- Symlinking: /home/ubuntu/turtlebot3_ws/src/install/dwb_msgs/include/dwb_msgs/dwb_msgs/srv/get_critic_score.hpp
[104.073s] -- Symlinking: /home/ubuntu/turtlebot3_ws/src/install/dwb_msgs/include/dwb_msgs/dwb_msgs/srv/score_trajectory.hpp
[104.111s] -- Symlinking: /home/ubuntu/turtlebot3_ws/src/install/dwb_msgs/include/dwb_msgs/dwb_msgs/msg/detail/critic_score__rosidl_typesupport_fastrtps_cpp.hpp
[104.157s] -- Symlinking: /home/ubuntu/turtlebot3_ws/src/install/dwb_msgs/include/dwb_msgs/dwb_msgs/msg/detail/local_plan_evaluation__rosidl_typesupport_fastrtps_cpp.hpp
[104.193s] -- Symlinking: /home/ubuntu/turtlebot3_ws/src/install/dwb_msgs/include/dwb_msgs/dwb_msgs/msg/detail/trajectory2_d__rosidl_typesupport_fastrtps_cpp.hpp
[104.233s] -- Symlinking: /home/ubuntu/turtlebot3_ws/src/install/dwb_msgs/include/dwb_msgs/dwb_msgs/msg/detail/trajectory_score__rosidl_typesupport_fastrtps_cpp.hpp
[104.268s] -- Symlinking: /home/ubuntu/turtlebot3_ws/src/install/dwb_msgs/include/dwb_msgs/dwb_msgs/msg/rosidl_typesupport_fastrtps_cpp__visibility_control.h
[104.301s] -- Symlinking: /home/ubuntu/turtlebot3_ws/src/install/dwb_msgs/include/dwb_msgs/dwb_msgs/srv/detail/debug_local_plan__rosidl_typesupport_fastrtps_cpp.hpp
[104.335s] -- Symlinking: /home/ubuntu/turtlebot3_ws/src/install/dwb_msgs/include/dwb_msgs/dwb_msgs/srv/detail/generate_trajectory__rosidl_typesupport_fastrtps_cpp.hpp
[104.367s] -- Symlinking: /home/ubuntu/turtlebot3_ws/src/install/dwb_msgs/include/dwb_msgs/dwb_msgs/srv/detail/generate_twists__rosidl_typesupport_fastrtps_cpp.hpp
[104.399s] -- Symlinking: /home/ubuntu/turtlebot3_ws/src/install/dwb_msgs/include/dwb_msgs/dwb_msgs/srv/detail/get_critic_score__rosidl_typesupport_fastrtps_cpp.hpp
[104.431s] -- Symlinking: /home/ubuntu/turtlebot3_ws/src/install/dwb_msgs/include/dwb_msgs/dwb_msgs/srv/detail/score_trajectory__rosidl_typesupport_fastrtps_cpp.hpp
[104.467s] -- Symlinking: /home/ubuntu/turtlebot3_ws/src/install/dwb_msgs/include/dwb_msgs/dwb_msgs/msg/detail/critic_score__rosidl_typesupport_introspection_c.h
[104.499s] -- Symlinking: /home/ubuntu/turtlebot3_ws/src/install/dwb_msgs/include/dwb_msgs/dwb_msgs/msg/detail/local_plan_evaluation__rosidl_typesupport_introspection_c.h
[104.531s] -- Symlinking: /home/ubuntu/turtlebot3_ws/src/install/dwb_msgs/include/dwb_msgs/dwb_msgs/msg/detail/trajectory2_d__rosidl_typesupport_introspection_c.h
[104.564s] -- Symlinking: /home/ubuntu/turtlebot3_ws/src/install/dwb_msgs/include/dwb_msgs/dwb_msgs/msg/detail/trajectory_score__rosidl_typesupport_introspection_c.h
[104.597s] -- Symlinking: /home/ubuntu/turtlebot3_ws/src/install/dwb_msgs/include/dwb_msgs/dwb_msgs/msg/rosidl_typesupport_introspection_c__visibility_control.h
[104.628s] -- Symlinking: /home/ubuntu/turtlebot3_ws/src/install/dwb_msgs/include/dwb_msgs/dwb_msgs/srv/detail/debug_local_plan__rosidl_typesupport_introspection_c.h
[104.661s] -- Symlinking: /home/ubuntu/turtlebot3_ws/src/install/dwb_msgs/include/dwb_msgs/dwb_msgs/srv/detail/generate_trajectory__rosidl_typesupport_introspection_c.h
[104.693s] -- Symlinking: /home/ubuntu/turtlebot3_ws/src/install/dwb_msgs/include/dwb_msgs/dwb_msgs/srv/detail/generate_twists__rosidl_typesupport_introspection_c.h
[104.725s] -- Symlinking: /home/ubuntu/turtlebot3_ws/src/install/dwb_msgs/include/dwb_msgs/dwb_msgs/srv/detail/get_critic_score__rosidl_typesupport_introspection_c.h
[104.758s] -- Symlinking: /home/ubuntu/turtlebot3_ws/src/install/dwb_msgs/include/dwb_msgs/dwb_msgs/srv/detail/score_trajectory__rosidl_typesupport_introspection_c.h
[104.792s] -- Symlinking: /home/ubuntu/turtlebot3_ws/src/install/dwb_msgs/include/dwb_msgs/dwb_msgs/msg/detail/critic_score__rosidl_typesupport_introspection_cpp.hpp
[104.824s] -- Symlinking: /home/ubuntu/turtlebot3_ws/src/install/dwb_msgs/include/dwb_msgs/dwb_msgs/msg/detail/local_plan_evaluation__rosidl_typesupport_introspection_cpp.hpp
[104.857s] -- Symlinking: /home/ubuntu/turtlebot3_ws/src/install/dwb_msgs/include/dwb_msgs/dwb_msgs/msg/detail/trajectory2_d__rosidl_typesupport_introspection_cpp.hpp
[104.889s] -- Symlinking: /home/ubuntu/turtlebot3_ws/src/install/dwb_msgs/include/dwb_msgs/dwb_msgs/msg/detail/trajectory_score__rosidl_typesupport_introspection_cpp.hpp
[104.922s] -- Symlinking: /home/ubuntu/turtlebot3_ws/src/install/dwb_msgs/include/dwb_msgs/dwb_msgs/srv/detail/debug_local_plan__rosidl_typesupport_introspection_cpp.hpp
[104.955s] -- Symlinking: /home/ubuntu/turtlebot3_ws/src/install/dwb_msgs/include/dwb_msgs/dwb_msgs/srv/detail/generate_trajectory__rosidl_typesupport_introspection_cpp.hpp
[104.988s] -- Symlinking: /home/ubuntu/turtlebot3_ws/src/install/dwb_msgs/include/dwb_msgs/dwb_msgs/srv/detail/generate_twists__rosidl_typesupport_introspection_cpp.hpp
[105.020s] -- Symlinking: /home/ubuntu/turtlebot3_ws/src/install/dwb_msgs/include/dwb_msgs/dwb_msgs/srv/detail/get_critic_score__rosidl_typesupport_introspection_cpp.hpp
[105.052s] -- Symlinking: /home/ubuntu/turtlebot3_ws/src/install/dwb_msgs/include/dwb_msgs/dwb_msgs/srv/detail/score_trajectory__rosidl_typesupport_introspection_cpp.hpp
[105.085s] -- Symlinking: /home/ubuntu/turtlebot3_ws/src/install/dwb_msgs/share/dwb_msgs/environment/pythonpath.sh
[105.117s] -- Symlinking: /home/ubuntu/turtlebot3_ws/src/install/dwb_msgs/share/dwb_msgs/environment/pythonpath.dsv
[105.152s] -- Symlinking: /home/ubuntu/turtlebot3_ws/src/install/dwb_msgs/local/lib/python3.10/dist-packages/dwb_msgs-1.1.18-py3.10.egg-info/PKG-INFO
[105.184s] -- Symlinking: /home/ubuntu/turtlebot3_ws/src/install/dwb_msgs/local/lib/python3.10/dist-packages/dwb_msgs-1.1.18-py3.10.egg-info/SOURCES.txt
[105.217s] -- Symlinking: /home/ubuntu/turtlebot3_ws/src/install/dwb_msgs/local/lib/python3.10/dist-packages/dwb_msgs-1.1.18-py3.10.egg-info/dependency_links.txt
[105.250s] -- Symlinking: /home/ubuntu/turtlebot3_ws/src/install/dwb_msgs/local/lib/python3.10/dist-packages/dwb_msgs-1.1.18-py3.10.egg-info/top_level.txt
[105.290s] -- Symlinking: /home/ubuntu/turtlebot3_ws/src/install/dwb_msgs/local/lib/python3.10/dist-packages/dwb_msgs/__init__.py
[105.321s] -- Symlinking: /home/ubuntu/turtlebot3_ws/src/install/dwb_msgs/local/lib/python3.10/dist-packages/dwb_msgs/_dwb_msgs_s.ep.rosidl_typesupport_c.c
[105.354s] -- Symlinking: /home/ubuntu/turtlebot3_ws/src/install/dwb_msgs/local/lib/python3.10/dist-packages/dwb_msgs/_dwb_msgs_s.ep.rosidl_typesupport_fastrtps_c.c
[105.387s] -- Symlinking: /home/ubuntu/turtlebot3_ws/src/install/dwb_msgs/local/lib/python3.10/dist-packages/dwb_msgs/_dwb_msgs_s.ep.rosidl_typesupport_introspection_c.c
[105.420s] -- Symlinking: /home/ubuntu/turtlebot3_ws/src/install/dwb_msgs/local/lib/python3.10/dist-packages/dwb_msgs/dwb_msgs_s__rosidl_typesupport_c.cpython-310-aarch64-linux-gnu.so
[105.452s] -- Symlinking: /home/ubuntu/turtlebot3_ws/src/install/dwb_msgs/local/lib/python3.10/dist-packages/dwb_msgs/dwb_msgs_s__rosidl_typesupport_fastrtps_c.cpython-310-aarch64-linux-gnu.so
[105.483s] -- Symlinking: /home/ubuntu/turtlebot3_ws/src/install/dwb_msgs/local/lib/python3.10/dist-packages/dwb_msgs/dwb_msgs_s__rosidl_typesupport_introspection_c.cpython-310-aarch64-linux-gnu.so
[105.515s] -- Symlinking: /home/ubuntu/turtlebot3_ws/src/install/dwb_msgs/local/lib/python3.10/dist-packages/dwb_msgs/libdwb_msgs__rosidl_generator_py.so
[105.547s] -- Symlinking: /home/ubuntu/turtlebot3_ws/src/install/dwb_msgs/local/lib/python3.10/dist-packages/dwb_msgs/msg/__init__.py
[105.579s] -- Symlinking: /home/ubuntu/turtlebot3_ws/src/install/dwb_msgs/local/lib/python3.10/dist-packages/dwb_msgs/msg/_critic_score.py
[105.611s] -- Symlinking: /home/ubuntu/turtlebot3_ws/src/install/dwb_msgs/local/lib/python3.10/dist-packages/dwb_msgs/msg/_critic_score_s.c
[105.644s] -- Symlinking: /home/ubuntu/turtlebot3_ws/src/install/dwb_msgs/local/lib/python3.10/dist-packages/dwb_msgs/msg/_local_plan_evaluation.py
[105.675s] -- Symlinking: /home/ubuntu/turtlebot3_ws/src/install/dwb_msgs/local/lib/python3.10/dist-packages/dwb_msgs/msg/_local_plan_evaluation_s.c
[105.707s] -- Symlinking: /home/ubuntu/turtlebot3_ws/src/install/dwb_msgs/local/lib/python3.10/dist-packages/dwb_msgs/msg/_trajectory2_d.py
[105.739s] -- Symlinking: /home/ubuntu/turtlebot3_ws/src/install/dwb_msgs/local/lib/python3.10/dist-packages/dwb_msgs/msg/_trajectory2_d_s.c
[105.772s] -- Symlinking: /home/ubuntu/turtlebot3_ws/src/install/dwb_msgs/local/lib/python3.10/dist-packages/dwb_msgs/msg/_trajectory_score.py
[105.804s] -- Symlinking: /home/ubuntu/turtlebot3_ws/src/install/dwb_msgs/local/lib/python3.10/dist-packages/dwb_msgs/msg/_trajectory_score_s.c
[105.836s] -- Symlinking: /home/ubuntu/turtlebot3_ws/src/install/dwb_msgs/local/lib/python3.10/dist-packages/dwb_msgs/srv/__init__.py
[105.868s] -- Symlinking: /home/ubuntu/turtlebot3_ws/src/install/dwb_msgs/local/lib/python3.10/dist-packages/dwb_msgs/srv/_debug_local_plan.py
[105.901s] -- Symlinking: /home/ubuntu/turtlebot3_ws/src/install/dwb_msgs/local/lib/python3.10/dist-packages/dwb_msgs/srv/_debug_local_plan_s.c
[105.933s] -- Symlinking: /home/ubuntu/turtlebot3_ws/src/install/dwb_msgs/local/lib/python3.10/dist-packages/dwb_msgs/srv/_generate_trajectory.py
[105.966s] -- Symlinking: /home/ubuntu/turtlebot3_ws/src/install/dwb_msgs/local/lib/python3.10/dist-packages/dwb_msgs/srv/_generate_trajectory_s.c
[105.999s] -- Symlinking: /home/ubuntu/turtlebot3_ws/src/install/dwb_msgs/local/lib/python3.10/dist-packages/dwb_msgs/srv/_generate_twists.py
[106.031s] -- Symlinking: /home/ubuntu/turtlebot3_ws/src/install/dwb_msgs/local/lib/python3.10/dist-packages/dwb_msgs/srv/_generate_twists_s.c
[106.064s] -- Symlinking: /home/ubuntu/turtlebot3_ws/src/install/dwb_msgs/local/lib/python3.10/dist-packages/dwb_msgs/srv/_get_critic_score.py
[106.096s] -- Symlinking: /home/ubuntu/turtlebot3_ws/src/install/dwb_msgs/local/lib/python3.10/dist-packages/dwb_msgs/srv/_get_critic_score_s.c
[106.129s] -- Symlinking: /home/ubuntu/turtlebot3_ws/src/install/dwb_msgs/local/lib/python3.10/dist-packages/dwb_msgs/srv/_score_trajectory.py
[106.162s] -- Symlinking: /home/ubuntu/turtlebot3_ws/src/install/dwb_msgs/local/lib/python3.10/dist-packages/dwb_msgs/srv/_score_trajectory_s.c
[106.199s] -- Up-to-date symlink: /home/ubuntu/turtlebot3_ws/src/install/dwb_msgs/local/lib/python3.10/dist-packages/dwb_msgs/dwb_msgs_s__rosidl_typesupport_fastrtps_c.cpython-310-aarch64-linux-gnu.so
[106.201s] -- Up-to-date symlink: /home/ubuntu/turtlebot3_ws/src/install/dwb_msgs/local/lib/python3.10/dist-packages/dwb_msgs/dwb_msgs_s__rosidl_typesupport_introspection_c.cpython-310-aarch64-linux-gnu.so
[106.202s] -- Up-to-date symlink: /home/ubuntu/turtlebot3_ws/src/install/dwb_msgs/local/lib/python3.10/dist-packages/dwb_msgs/dwb_msgs_s__rosidl_typesupport_c.cpython-310-aarch64-linux-gnu.so
[106.203s] -- Symlinking: /home/ubuntu/turtlebot3_ws/src/install/dwb_msgs/share/dwb_msgs/msg/CriticScore.idl
[106.235s] -- Symlinking: /home/ubuntu/turtlebot3_ws/src/install/dwb_msgs/share/dwb_msgs/msg/LocalPlanEvaluation.idl
[106.268s] -- Symlinking: /home/ubuntu/turtlebot3_ws/src/install/dwb_msgs/share/dwb_msgs/msg/Trajectory2D.idl
[106.300s] -- Symlinking: /home/ubuntu/turtlebot3_ws/src/install/dwb_msgs/share/dwb_msgs/msg/TrajectoryScore.idl
[106.333s] -- Symlinking: /home/ubuntu/turtlebot3_ws/src/install/dwb_msgs/share/dwb_msgs/srv/DebugLocalPlan.idl
[106.366s] -- Symlinking: /home/ubuntu/turtlebot3_ws/src/install/dwb_msgs/share/dwb_msgs/srv/GenerateTrajectory.idl
[106.398s] -- Symlinking: /home/ubuntu/turtlebot3_ws/src/install/dwb_msgs/share/dwb_msgs/srv/GenerateTwists.idl
[106.430s] -- Symlinking: /home/ubuntu/turtlebot3_ws/src/install/dwb_msgs/share/dwb_msgs/srv/GetCriticScore.idl
[106.463s] -- Symlinking: /home/ubuntu/turtlebot3_ws/src/install/dwb_msgs/share/dwb_msgs/srv/ScoreTrajectory.idl
[106.496s] -- Symlinking: /home/ubuntu/turtlebot3_ws/src/install/dwb_msgs/share/dwb_msgs/msg/CriticScore.msg
[106.531s] -- Symlinking: /home/ubuntu/turtlebot3_ws/src/install/dwb_msgs/share/dwb_msgs/msg/LocalPlanEvaluation.msg
[106.566s] -- Symlinking: /home/ubuntu/turtlebot3_ws/src/install/dwb_msgs/share/dwb_msgs/msg/Trajectory2D.msg
[106.601s] -- Symlinking: /home/ubuntu/turtlebot3_ws/src/install/dwb_msgs/share/dwb_msgs/msg/TrajectoryScore.msg
[106.637s] -- Symlinking: /home/ubuntu/turtlebot3_ws/src/install/dwb_msgs/share/dwb_msgs/srv/DebugLocalPlan.srv
[106.672s] -- Symlinking: /home/ubuntu/turtlebot3_ws/src/install/dwb_msgs/share/dwb_msgs/srv/DebugLocalPlan_Request.msg
[106.707s] -- Symlinking: /home/ubuntu/turtlebot3_ws/src/install/dwb_msgs/share/dwb_msgs/srv/DebugLocalPlan_Response.msg
[106.743s] -- Symlinking: /home/ubuntu/turtlebot3_ws/src/install/dwb_msgs/share/dwb_msgs/srv/GenerateTrajectory.srv
[106.779s] -- Symlinking: /home/ubuntu/turtlebot3_ws/src/install/dwb_msgs/share/dwb_msgs/srv/GenerateTrajectory_Request.msg
[106.815s] -- Symlinking: /home/ubuntu/turtlebot3_ws/src/install/dwb_msgs/share/dwb_msgs/srv/GenerateTrajectory_Response.msg
[106.851s] -- Symlinking: /home/ubuntu/turtlebot3_ws/src/install/dwb_msgs/share/dwb_msgs/srv/GenerateTwists.srv
[106.887s] -- Symlinking: /home/ubuntu/turtlebot3_ws/src/install/dwb_msgs/share/dwb_msgs/srv/GenerateTwists_Request.msg
[106.923s] -- Symlinking: /home/ubuntu/turtlebot3_ws/src/install/dwb_msgs/share/dwb_msgs/srv/GenerateTwists_Response.msg
[106.960s] -- Symlinking: /home/ubuntu/turtlebot3_ws/src/install/dwb_msgs/share/dwb_msgs/srv/GetCriticScore.srv
[106.995s] -- Symlinking: /home/ubuntu/turtlebot3_ws/src/install/dwb_msgs/share/dwb_msgs/srv/GetCriticScore_Request.msg
[107.031s] -- Symlinking: /home/ubuntu/turtlebot3_ws/src/install/dwb_msgs/share/dwb_msgs/srv/GetCriticScore_Response.msg
[107.066s] -- Symlinking: /home/ubuntu/turtlebot3_ws/src/install/dwb_msgs/share/dwb_msgs/srv/ScoreTrajectory.srv
[107.102s] -- Symlinking: /home/ubuntu/turtlebot3_ws/src/install/dwb_msgs/share/dwb_msgs/srv/ScoreTrajectory_Request.msg
[107.137s] -- Symlinking: /home/ubuntu/turtlebot3_ws/src/install/dwb_msgs/share/dwb_msgs/srv/ScoreTrajectory_Response.msg
[107.174s] -- Symlinking: /home/ubuntu/turtlebot3_ws/src/install/dwb_msgs/share/ament_index/resource_index/package_run_dependencies/dwb_msgs
[107.211s] -- Symlinking: /home/ubuntu/turtlebot3_ws/src/install/dwb_msgs/share/ament_index/resource_index/parent_prefix_path/dwb_msgs
[107.247s] -- Symlinking: /home/ubuntu/turtlebot3_ws/src/install/dwb_msgs/share/dwb_msgs/environment/ament_prefix_path.sh
[107.282s] -- Symlinking: /home/ubuntu/turtlebot3_ws/src/install/dwb_msgs/share/dwb_msgs/environment/ament_prefix_path.dsv
[107.316s] -- Symlinking: /home/ubuntu/turtlebot3_ws/src/install/dwb_msgs/share/dwb_msgs/environment/path.sh
[107.353s] -- Symlinking: /home/ubuntu/turtlebot3_ws/src/install/dwb_msgs/share/dwb_msgs/environment/path.dsv
[107.390s] -- Symlinking: /home/ubuntu/turtlebot3_ws/src/install/dwb_msgs/share/dwb_msgs/local_setup.bash
[107.425s] -- Symlinking: /home/ubuntu/turtlebot3_ws/src/install/dwb_msgs/share/dwb_msgs/local_setup.sh
[107.462s] -- Symlinking: /home/ubuntu/turtlebot3_ws/src/install/dwb_msgs/share/dwb_msgs/local_setup.zsh
[107.496s] -- Symlinking: /home/ubuntu/turtlebot3_ws/src/install/dwb_msgs/share/dwb_msgs/local_setup.dsv
[107.550s] -- Symlinking: /home/ubuntu/turtlebot3_ws/src/install/dwb_msgs/share/dwb_msgs/package.dsv
[107.588s] -- Symlinking: /home/ubuntu/turtlebot3_ws/src/install/dwb_msgs/share/ament_index/resource_index/packages/dwb_msgs
[107.623s] -- Symlinking: /home/ubuntu/turtlebot3_ws/src/install/dwb_msgs/share/dwb_msgs/cmake/rosidl_cmake-extras.cmake
[107.659s] -- Symlinking: /home/ubuntu/turtlebot3_ws/src/install/dwb_msgs/share/dwb_msgs/cmake/ament_cmake_export_dependencies-extras.cmake
[107.695s] -- Symlinking: /home/ubuntu/turtlebot3_ws/src/install/dwb_msgs/share/dwb_msgs/cmake/ament_cmake_export_include_directories-extras.cmake
[107.730s] -- Symlinking: /home/ubuntu/turtlebot3_ws/src/install/dwb_msgs/share/dwb_msgs/cmake/ament_cmake_export_libraries-extras.cmake
[107.767s] -- Symlinking: /home/ubuntu/turtlebot3_ws/src/install/dwb_msgs/share/dwb_msgs/cmake/ament_cmake_export_targets-extras.cmake
[107.802s] -- Symlinking: /home/ubuntu/turtlebot3_ws/src/install/dwb_msgs/share/dwb_msgs/cmake/rosidl_cmake_export_typesupport_targets-extras.cmake
[107.839s] -- Symlinking: /home/ubuntu/turtlebot3_ws/src/install/dwb_msgs/share/dwb_msgs/cmake/rosidl_cmake_export_typesupport_libraries-extras.cmake
[107.875s] -- Symlinking: /home/ubuntu/turtlebot3_ws/src/install/dwb_msgs/share/dwb_msgs/cmake/dwb_msgsConfig.cmake
[107.912s] -- Symlinking: /home/ubuntu/turtlebot3_ws/src/install/dwb_msgs/share/dwb_msgs/cmake/dwb_msgsConfig-version.cmake
[107.947s] -- Symlinking: /home/ubuntu/turtlebot3_ws/src/install/dwb_msgs/share/dwb_msgs/package.xml
[107.984s] -- Installing: /home/ubuntu/turtlebot3_ws/src/install/dwb_msgs/lib/libdwb_msgs__rosidl_generator_c.so
[107.988s] -- Set runtime path of "/home/ubuntu/turtlebot3_ws/src/install/dwb_msgs/lib/libdwb_msgs__rosidl_generator_c.so" to ""
[107.989s] -- Installing: /home/ubuntu/turtlebot3_ws/src/install/dwb_msgs/lib/libdwb_msgs__rosidl_typesupport_fastrtps_c.so
[107.992s] -- Set runtime path of "/home/ubuntu/turtlebot3_ws/src/install/dwb_msgs/lib/libdwb_msgs__rosidl_typesupport_fastrtps_c.so" to ""
[107.993s] -- Installing: /home/ubuntu/turtlebot3_ws/src/install/dwb_msgs/lib/libdwb_msgs__rosidl_typesupport_fastrtps_cpp.so
[107.998s] -- Set runtime path of "/home/ubuntu/turtlebot3_ws/src/install/dwb_msgs/lib/libdwb_msgs__rosidl_typesupport_fastrtps_cpp.so" to ""
[107.999s] -- Installing: /home/ubuntu/turtlebot3_ws/src/install/dwb_msgs/lib/libdwb_msgs__rosidl_typesupport_introspection_c.so
[108.002s] -- Set runtime path of "/home/ubuntu/turtlebot3_ws/src/install/dwb_msgs/lib/libdwb_msgs__rosidl_typesupport_introspection_c.so" to ""
[108.003s] -- Installing: /home/ubuntu/turtlebot3_ws/src/install/dwb_msgs/lib/libdwb_msgs__rosidl_typesupport_c.so
[108.006s] -- Set runtime path of "/home/ubuntu/turtlebot3_ws/src/install/dwb_msgs/lib/libdwb_msgs__rosidl_typesupport_c.so" to ""
[108.007s] -- Installing: /home/ubuntu/turtlebot3_ws/src/install/dwb_msgs/lib/libdwb_msgs__rosidl_typesupport_introspection_cpp.so
[108.012s] -- Set runtime path of "/home/ubuntu/turtlebot3_ws/src/install/dwb_msgs/lib/libdwb_msgs__rosidl_typesupport_introspection_cpp.so" to ""
[108.012s] -- Installing: /home/ubuntu/turtlebot3_ws/src/install/dwb_msgs/lib/libdwb_msgs__rosidl_typesupport_cpp.so
[108.015s] -- Set runtime path of "/home/ubuntu/turtlebot3_ws/src/install/dwb_msgs/lib/libdwb_msgs__rosidl_typesupport_cpp.so" to ""
[108.284s] Listing '/home/ubuntu/turtlebot3_ws/src/install/dwb_msgs/local/lib/python3.10/dist-packages/dwb_msgs'...
[108.285s] Compiling '/home/ubuntu/turtlebot3_ws/src/install/dwb_msgs/local/lib/python3.10/dist-packages/dwb_msgs/__init__.py'...
[108.287s] Listing '/home/ubuntu/turtlebot3_ws/src/install/dwb_msgs/local/lib/python3.10/dist-packages/dwb_msgs/msg'...
[108.288s] Compiling '/home/ubuntu/turtlebot3_ws/src/install/dwb_msgs/local/lib/python3.10/dist-packages/dwb_msgs/msg/__init__.py'...
[108.289s] Compiling '/home/ubuntu/turtlebot3_ws/src/install/dwb_msgs/local/lib/python3.10/dist-packages/dwb_msgs/msg/_critic_score.py'...
[108.290s] Compiling '/home/ubuntu/turtlebot3_ws/src/install/dwb_msgs/local/lib/python3.10/dist-packages/dwb_msgs/msg/_local_plan_evaluation.py'...
[108.291s] Compiling '/home/ubuntu/turtlebot3_ws/src/install/dwb_msgs/local/lib/python3.10/dist-packages/dwb_msgs/msg/_trajectory2_d.py'...
[108.292s] Compiling '/home/ubuntu/turtlebot3_ws/src/install/dwb_msgs/local/lib/python3.10/dist-packages/dwb_msgs/msg/_trajectory_score.py'...
[108.294s] Listing '/home/ubuntu/turtlebot3_ws/src/install/dwb_msgs/local/lib/python3.10/dist-packages/dwb_msgs/srv'...
[108.295s] Compiling '/home/ubuntu/turtlebot3_ws/src/install/dwb_msgs/local/lib/python3.10/dist-packages/dwb_msgs/srv/__init__.py'...
[108.296s] Compiling '/home/ubuntu/turtlebot3_ws/src/install/dwb_msgs/local/lib/python3.10/dist-packages/dwb_msgs/srv/_debug_local_plan.py'...
[108.297s] Compiling '/home/ubuntu/turtlebot3_ws/src/install/dwb_msgs/local/lib/python3.10/dist-packages/dwb_msgs/srv/_generate_trajectory.py'...
[108.298s] Compiling '/home/ubuntu/turtlebot3_ws/src/install/dwb_msgs/local/lib/python3.10/dist-packages/dwb_msgs/srv/_generate_twists.py'...
[108.299s] Compiling '/home/ubuntu/turtlebot3_ws/src/install/dwb_msgs/local/lib/python3.10/dist-packages/dwb_msgs/srv/_get_critic_score.py'...
[108.300s] Compiling '/home/ubuntu/turtlebot3_ws/src/install/dwb_msgs/local/lib/python3.10/dist-packages/dwb_msgs/srv/_score_trajectory.py'...
[108.314s] -- Installing: /home/ubuntu/turtlebot3_ws/src/install/dwb_msgs/lib/libdwb_msgs__rosidl_generator_py.so
[108.317s] -- Set runtime path of "/home/ubuntu/turtlebot3_ws/src/install/dwb_msgs/lib/libdwb_msgs__rosidl_generator_py.so" to ""
[108.318s] -- Installing: /home/ubuntu/turtlebot3_ws/src/install/dwb_msgs/share/dwb_msgs/cmake/export_dwb_msgs__rosidl_generator_cExport.cmake
[108.319s] -- Installing: /home/ubuntu/turtlebot3_ws/src/install/dwb_msgs/share/dwb_msgs/cmake/export_dwb_msgs__rosidl_generator_cExport-noconfig.cmake
[108.321s] -- Installing: /home/ubuntu/turtlebot3_ws/src/install/dwb_msgs/share/dwb_msgs/cmake/export_dwb_msgs__rosidl_typesupport_fastrtps_cExport.cmake
[108.323s] -- Installing: /home/ubuntu/turtlebot3_ws/src/install/dwb_msgs/share/dwb_msgs/cmake/export_dwb_msgs__rosidl_typesupport_fastrtps_cExport-noconfig.cmake
[108.324s] -- Installing: /home/ubuntu/turtlebot3_ws/src/install/dwb_msgs/share/dwb_msgs/cmake/export_dwb_msgs__rosidl_generator_cppExport.cmake
[108.326s] -- Installing: /home/ubuntu/turtlebot3_ws/src/install/dwb_msgs/share/dwb_msgs/cmake/export_dwb_msgs__rosidl_typesupport_fastrtps_cppExport.cmake
[108.328s] -- Installing: /home/ubuntu/turtlebot3_ws/src/install/dwb_msgs/share/dwb_msgs/cmake/export_dwb_msgs__rosidl_typesupport_fastrtps_cppExport-noconfig.cmake
[108.330s] -- Installing: /home/ubuntu/turtlebot3_ws/src/install/dwb_msgs/share/dwb_msgs/cmake/dwb_msgs__rosidl_typesupport_introspection_cExport.cmake
[108.331s] -- Installing: /home/ubuntu/turtlebot3_ws/src/install/dwb_msgs/share/dwb_msgs/cmake/dwb_msgs__rosidl_typesupport_introspection_cExport-noconfig.cmake
[108.333s] -- Installing: /home/ubuntu/turtlebot3_ws/src/install/dwb_msgs/share/dwb_msgs/cmake/dwb_msgs__rosidl_typesupport_cExport.cmake
[108.335s] -- Installing: /home/ubuntu/turtlebot3_ws/src/install/dwb_msgs/share/dwb_msgs/cmake/dwb_msgs__rosidl_typesupport_cExport-noconfig.cmake
[108.336s] -- Installing: /home/ubuntu/turtlebot3_ws/src/install/dwb_msgs/share/dwb_msgs/cmake/dwb_msgs__rosidl_typesupport_introspection_cppExport.cmake
[108.338s] -- Installing: /home/ubuntu/turtlebot3_ws/src/install/dwb_msgs/share/dwb_msgs/cmake/dwb_msgs__rosidl_typesupport_introspection_cppExport-noconfig.cmake
[108.340s] -- Installing: /home/ubuntu/turtlebot3_ws/src/install/dwb_msgs/share/dwb_msgs/cmake/dwb_msgs__rosidl_typesupport_cppExport.cmake
[108.341s] -- Installing: /home/ubuntu/turtlebot3_ws/src/install/dwb_msgs/share/dwb_msgs/cmake/dwb_msgs__rosidl_typesupport_cppExport-noconfig.cmake
[108.343s] -- Installing: /home/ubuntu/turtlebot3_ws/src/install/dwb_msgs/share/dwb_msgs/cmake/export_dwb_msgs__rosidl_generator_pyExport.cmake
[108.345s] -- Installing: /home/ubuntu/turtlebot3_ws/src/install/dwb_msgs/share/dwb_msgs/cmake/export_dwb_msgs__rosidl_generator_pyExport-noconfig.cmake
[108.356s] Invoked command in '/home/ubuntu/turtlebot3_ws/src/build/dwb_msgs' returned '0': AMENT_PREFIX_PATH=/home/ubuntu/turtlebot3_ws/src/install/nav_2d_msgs:${AMENT_PREFIX_PATH} CMAKE_PREFIX_PATH=/home/ubuntu/turtlebot3_ws/src/install/nav_2d_msgs:${CMAKE_PREFIX_PATH} LD_LIBRARY_PATH=/home/ubuntu/turtlebot3_ws/src/install/nav_2d_msgs/lib:${LD_LIBRARY_PATH} PYTHONPATH=/home/ubuntu/turtlebot3_ws/src/install/nav_2d_msgs/local/lib/python3.10/dist-packages:${PYTHONPATH} /usr/bin/cmake --install /home/ubuntu/turtlebot3_ws/src/build/dwb_msgs
