[0.009s] Invoking command in '/home/rex/CDE2310TurtlebotLocal/turtlebot3/my_new_node/build/my_new_node': CMAKE_PREFIX_PATH=${CMAKE_PREFIX_PATH}:/home/rex/colcon_ws/install/auto_nav:/home/rex/colcon_ws/src/install/py_pubsub:/home/rex/colcon_ws/src/install/nav2_gps_waypoint_follower_demo:/home/rex/colcon_ws/src/install/auto_nav:/home/rex/turtlebot3_ws/install/turtlebot3_teleop:/home/rex/turtlebot3_ws/install/turtlebot3_example:/opt/ros/humble /usr/bin/cmake /home/rex/CDE2310TurtlebotLocal/turtlebot3/my_new_node -DAMENT_CMAKE_SYMLINK_INSTALL=1 -DCMAKE_INSTALL_PREFIX=/home/rex/CDE2310TurtlebotLocal/turtlebot3/my_new_node/install/my_new_node
[0.022s] -- Found ament_cmake: 1.3.11 (/opt/ros/humble/share/ament_cmake/cmake)
[0.139s] -- Override CMake install command with custom implementation using symlinks instead of copying resources
[0.143s] -- Found rclcpp: 16.0.11 (/opt/ros/humble/share/rclcpp/cmake)
[0.164s] -- Found rosidl_generator_c: 3.1.6 (/opt/ros/humble/share/rosidl_generator_c/cmake)
[0.165s] -- Found rosidl_adapter: 3.1.6 (/opt/ros/humble/share/rosidl_adapter/cmake)
[0.169s] -- Found rosidl_generator_cpp: 3.1.6 (/opt/ros/humble/share/rosidl_generator_cpp/cmake)
[0.175s] -- Using all available rosidl_typesupport_c: rosidl_typesupport_fastrtps_c;rosidl_typesupport_introspection_c
[0.184s] -- Using all available rosidl_typesupport_cpp: rosidl_typesupport_fastrtps_cpp;rosidl_typesupport_introspection_cpp
[0.207s] -- Found rmw_implementation_cmake: 6.1.2 (/opt/ros/humble/share/rmw_implementation_cmake/cmake)
[0.208s] -- Found rmw_fastrtps_cpp: 6.2.7 (/opt/ros/humble/share/rmw_fastrtps_cpp/cmake)
[0.302s] -- Using RMW implementation 'rmw_fastrtps_cpp' as default
[0.341s] -- Found ament_lint_auto: 0.12.11 (/opt/ros/humble/share/ament_lint_auto/cmake)
[0.359s] Traceback (most recent call last):
[0.359s]   File "/opt/ros/humble/share/ament_cmake_core/cmake/core/package_xml_2_cmake.py", line 22, in <module>
[0.359s]     from catkin_pkg.package import parse_package_string
[0.359s] ModuleNotFoundError: No module named 'catkin_pkg'
[0.361s] [31mCMake Error at /opt/ros/humble/share/ament_cmake_core/cmake/core/ament_package_xml.cmake:95 (message):
[0.361s]   execute_process(/home/rex/miniconda3/bin/python3
[0.361s]   /opt/ros/humble/share/ament_cmake_core/cmake/core/package_xml_2_cmake.py
[0.362s]   /home/rex/CDE2310TurtlebotLocal/turtlebot3/my_new_node/package.xml
[0.362s]   /home/rex/CDE2310TurtlebotLocal/turtlebot3/my_new_node/build/my_new_node/ament_cmake_core/package.cmake)
[0.362s]   returned error code 1
[0.362s] Call Stack (most recent call first):
[0.362s]   /opt/ros/humble/share/ament_cmake_core/cmake/core/ament_package_xml.cmake:49 (_ament_package_xml)
[0.362s]   /opt/ros/humble/share/ament_lint_auto/cmake/ament_lint_auto_find_test_dependencies.cmake:31 (ament_package_xml)
[0.362s]   CMakeLists.txt:25 (ament_lint_auto_find_test_dependencies)
[0.362s] 
[0.362s] [0m
[0.362s] -- Configuring incomplete, errors occurred!
[0.362s] See also "/home/rex/CDE2310TurtlebotLocal/turtlebot3/my_new_node/build/my_new_node/CMakeFiles/CMakeOutput.log".
[0.367s] Invoked command in '/home/rex/CDE2310TurtlebotLocal/turtlebot3/my_new_node/build/my_new_node' returned '1': CMAKE_PREFIX_PATH=${CMAKE_PREFIX_PATH}:/home/rex/colcon_ws/install/auto_nav:/home/rex/colcon_ws/src/install/py_pubsub:/home/rex/colcon_ws/src/install/nav2_gps_waypoint_follower_demo:/home/rex/colcon_ws/src/install/auto_nav:/home/rex/turtlebot3_ws/install/turtlebot3_teleop:/home/rex/turtlebot3_ws/install/turtlebot3_example:/opt/ros/humble /usr/bin/cmake /home/rex/CDE2310TurtlebotLocal/turtlebot3/my_new_node -DAMENT_CMAKE_SYMLINK_INSTALL=1 -DCMAKE_INSTALL_PREFIX=/home/rex/CDE2310TurtlebotLocal/turtlebot3/my_new_node/install/my_new_node
